Case #1: 1 0
Case #2: 1 0
Case #3: 1 1
Case #4: 0 0
Case #5: 500 499
Case #6: 0 0
Case #7: 125000 124999
Case #8: 0 0
Case #9: 0 0
Case #10: 3 2
Case #11: 2 2
Case #12: 1 1
Case #13: 0 0
Case #14: 0 0
Case #15: 0 0
Case #16: 1 0
Case #17: 0 0
Case #18: 0 0
Case #19: 0 0
Case #20: 1 0
Case #21: 1 0
Case #22: 1 0
Case #23: 2 1
Case #24: 0 0
Case #25: 1 0
Case #26: 0 0
Case #27: 0 0
Case #28: 1953 1952
Case #29: 3906 3905
Case #30: 1 0
Case #31: 1 0
Case #32: 0 0
Case #33: 0 0
Case #34: 0 0
Case #35: 1 1
Case #36: 0 0
Case #37: 0 0
Case #38: 0 0
Case #39: 1 0
Case #40: 499999 499999
Case #41: 0 0
Case #42: 250000 249999
Case #43: 0 0
Case #44: 0 0
Case #45: 0 0
Case #46: 7812 7811
Case #47: 0 0
Case #48: 3905 3905
Case #49: 249999 249999
Case #50: 1 0
Case #51: 0 0
Case #52: 3906 3905
Case #53: 0 0
Case #54: 250000 249999
Case #55: 0 0
Case #56: 0 0
Case #57: 1 1
Case #58: 0 0
Case #59: 1 0
Case #60: 0 0
Case #61: 1 1
Case #62: 0 0
Case #63: 0 0
Case #64: 1 1
Case #65: 1 1
Case #66: 1 1
Case #67: 1 0
Case #68: 0 0
Case #69: 0 0
Case #70: 7812 7811
Case #71: 0 0
Case #72: 0 0
Case #73: 1 0
Case #74: 0 0
Case #75: 3 2
Case #76: 3 2
Case #77: 1 0
Case #78: 1 0
Case #79: 0 0
Case #80: 500000 499999
Case #81: 0 0
Case #82: 1 0
Case #83: 0 0
Case #84: 1 1
Case #85: 0 0
Case #86: 1 0
Case #87: 1 0
Case #88: 0 0
Case #89: 0 0
Case #90: 1 1
Case #91: 0 0
Case #92: 0 0
Case #93: 1 1
Case #94: 1 0
Case #95: 1 0
Case #96: 0 0
Case #97: 0 0
Case #98: 0 0
Case #99: 0 0
Case #100: 0 0
