Case #1: 1 0
Case #2: 1 0
Case #3: 1 1
Case #4: 0 0
Case #5: 500 499
Case #6: 2 1
Case #7: 1 1
Case #8: 2 2
Case #9: 0 0
Case #10: 0 0
Case #11: 1 0
Case #12: -414267392 -414267392
Case #13: 1 1
Case #14: 0 0
Case #15: 0 0
Case #16: 1 0
Case #17: 0 0
Case #18: 0 0
Case #19: 0 0
Case #20: 0 0
Case #21: 866608127 866608127
Case #22: 0 0
Case #23: 1 1
Case #24: 2 2
Case #25: -743309312 -743309313
Case #26: 1 1
Case #27: 1 0
Case #28: -743309312 -743309312
Case #29: 0 0
Case #30: 0 0
Case #31: 0 0
Case #32: 1 0
Case #33: 0 0
Case #34: 0 0
Case #35: 0 0
Case #36: -371654656 -371654656
Case #37: 1 0
Case #38: 1 0
Case #39: 0 0
Case #40: 0 0
Case #41: 2 2
Case #42: 1 0
Case #43: 866608128 866608127
Case #44: 0 0
Case #45: 1 0
Case #46: 0 0
Case #47: 1 1
Case #48: 1 1
Case #49: 0 0
Case #50: 0 0
Case #51: 1 1
Case #52: 0 0
Case #53: 0 0
Case #54: 0 0
Case #55: 1 1
Case #56: 0 0
Case #57: 0 0
Case #58: 1 0
Case #59: 1 0
Case #60: 1 0
Case #61: 0 0
Case #62: 0 0
Case #63: 1 0
Case #64: 1 1
Case #65: -414267392 -414267392
Case #66: 0 0
Case #67: 1 1
Case #68: 0 0
Case #69: 0 0
Case #70: 0 0
Case #71: 1 0
Case #72: 0 0
Case #73: 2 2
Case #74: 0 0
Case #75: 0 0
Case #76: 0 0
Case #77: 1 0
Case #78: 0 0
Case #79: 1 1
Case #80: -371654656 -371654657
Case #81: 0 0
Case #82: 0 0
Case #83: 0 0
Case #84: 0 0
Case #85: -371654656 -371654657
Case #86: 866608127 866608127
Case #87: 1 0
Case #88: 0 0
Case #89: -185827328 -185827329
Case #90: 0 0
Case #91: 0 0
Case #92: 0 0
Case #93: 0 0
Case #94: 0 0
Case #95: 1 1
Case #96: 0 0
Case #97: 1 0
Case #98: 1 1
Case #99: -640437760 -640437761
Case #100: 0 0
