750
885 169
533
742
951
570
241
678
747
12 668
131 528
543 259
759 808
208
852
95 221
573 168
483
109
820
677
603 438
805 61
490 496
248 428
589 930
821
921
809
711 974
761
24
125
151 410
63
505
302
97 586
28
176
614
709 295
975
659 85
806 68
77
701 350
588
760 6
620 31
404
370
159
432 800
630 853
726 892
352
585 946
833 494
681 335
509
557
707
858 218
964
605
41
433
34
577 401
331 637
553 336
857 91
933
356
334
506
27 481
725
907
347
893
626
64 552
730
736
316
889
735 461
632 339
684 262
987
272
918 609
751 582
935
48
906
500
647
561
70
343 49
482 409
162 466
381
848
230
606
13
288 563
32 454
984 253
634 945
458 615
324 327
866 365
658
268
435
252 579
57 956
797 227
476 825
375 769
385 118
610
973 338
436
196
538
868 214
392 510
727
463
905
211
527 622
850
899
386 289
513 795
341 495
556
923
323
135
856 686
349
814 402
936
896
19
298
754
926
388 408
950
397
623
502
830
902 322
971
616
75
910 383
9
417 434
569
645
652
5
860
21
203
627
723
499
175 817
405 185
423
756
524 635
26 590
550
263 99
325
644
309
536
631 909
493
826
100
74
529 993
544 67
876 285
39
282
303
537 206
738
720 996
209
777
108 226
947 572
753 841
44 269
721 600
307 960
23
567
596
251
663
604
713
306 101
525 676
29
371 443
718
88 414
731 980
959
236 471
584
412
685 967
98
140
587 46
793 310
293
110
564 801
985 534
180 418
942
166
296
479
938
988 344
223 469
478 52
943 146
105 155
940 758
439
103
286
78
717 919
249 271
447 583
598 765
445 695
941 932
977 957
393
859
40 384
473
360
2 198
470 242
411
148
245
210
406
446
89
878
93 995
991 714
134 204
179
194
467
903 861
71 558
449 660
90
595 84
874
460
784
654
865
669
42
276
132
20 949
873 80
407 674
643 297
560
216
657 716
851
653 697
258
688
715 200
613
465 153
989
205
999 981
844
823
265
516
4
167
799
427 744
982 266
789 794
671
776
666 173
346
832 824
881 165
922
729
897 273
835 838
65 699
139
802
575
970
128 840
60
197
887
724
189
124 264
364
733
234 618
706
114 737
827
300
810 916
440
719
962
648
702
888
398 818
416
332
778
340
107
448
914
1
192
642
976
220
745
451
740 116
617 487
55 415
450
81
462
191 834
672
477
559
531
313
472
261
628 224
484 665
426 413
488
301
58 459
712
431
14
117 511
11
580 69
228
328
867
767
260
92
514
222
869
355 624
815
254
181
66 395
457
571 144
275
972
329
504
728
911 961
150 138
594
612 0
576
62
16
920 474
994
141
243 137
102 670
320
913
746
475 182
115 523
283
732
565
82 927
374
655
749 894
441
775
22
952 47
217
127
291 366
520
891 382
312
803
764
741
611
348
551
38
837 104
145
768
780
164
515
94 568
581 545
233
358
35
333
430
507
152 846
939
526
156 368
304 143
763 394
986
280 689
201
121
345 373
111
774 133
157 359
542 813
633 403
59 661
122
43
424 599
870
213
160 8
468
202
337 123
229
256 770
361
277
836
225
547 76
321 452
87
796 96
829
804
872 86
849
912 18
50
195 979
694
722
978
649
734
278
219
955
10 399
421
199 376
319
238 871
147 390
240
934 129
299
422 444
953 237
369
15 879
811
990 898
279
178
839
317
691
239
819
679
816 207
3
387
17
136
639
880
342
425
377
781 130
453
578 619
750 37
517 548
294
646
766
831
174
704
656
621
693
917
247
255
855
25
602
680
762 503
396
235
519
379
854
257 30
363 915
928 601
497
455 53
636 968
187
184
755
625 883
539
508
574
807
562 696
51 752
629
812
966
843
822
142
790
690
486
353 215
886
708
170
682
667
326
791
540
592
842
73
931
354
983
177
112
925
400
748
522 673
924
391
908
773 492
193
664 246
786
650
315
212
56
593
232
863
591
270 698
292
120
638
937 318
521 161
954
743
532
149
546
119 501
877
640
890
998
997
290 183
549
489
7
963
779
772
692
267
785
798 901
186
554
456
884 512
875
845
597
847 188
287
113
498 330
787
357
351
491
284
739
380
687
158 904
566 608
662 929
367
281
231 651
126 419
555
944
420
45
864
54 437
378
314
429
36 788
683 163
274
530
33
308
641
992
372 535
828 171
362
792
969
710 518
106
541
862 783
190 244
895
311
442
782 79
154
83
948
305
389
882 700
480
675 464
703 607
900
771
757
958 965
72 172
485
705 250
