750
15 894
584
619 501
436
196
538
214 434
720 814
936
482 484
571 413
393
859
579 252
463
198 304
583 67
929 683
668 697
957 774
566 238
861 918
127
366 995
718
254
815
355 578
410 631
116 461
812
629
543 968
244 737
614
176
28
660 95
589 104
821
921
809
572 711
819
679
868 930
154
483
175 573
271 956
188 61
712
622 856
850
899
239
996 394
620 625
539
210
406
742
951
570
241
678
747
18 795
597
910 160
468
502
830
594
919 114
586 599
275
984 26
226 635
401 695
339 432
378
70
265
823
460
784
654
865
669
130 974
45
417 478
54 797
705 91
40 409
320
102 928
272
751 609
165 398
832 399
803
764
637 143
487 715
688
258
694
195 51
685 798
22
775
441
371 731
604
713
306 670
847 343
800 503
853 698
476 481
789 264
882 982
509
557
707
858 674
39
449 876
786
155 881
758 788
365 612
904 324
608 470
513 857
591
964
605
41
433
64 495
657 336
752 65
162 144
749 769
900
141
994
193
253 773
451
745
220
602
25
855
255
247
917
43
427 424
163 199
138 385
125
151 813
359 492
908
391
19
298
754
568 985
926
408 388
950
397
623
845
717 726
659 452
205
547 350
588
760 414
980 545
233
358
35
645
569
959
627
723
499
532
743
73
931
977 941
112
459 147
204 68
383 630
710 632
94 368
288 437
889
316
736
730
181
820
109
997
498 290
322 735
38
575
970
471 967
12 615
945 701
671
776
86 173
346
948
816 825
617 912
548 991
17
387
332
778
340
415 932
450
81
321 469
59 818
234 444
607 237
662 681
833 375
227 280
763 993
80 979
542 960
23
567
596
251
664 511
11
580 973
600 781
377
374
544 82
115 841
808 817
55 185
551
493
826
100
74
14
431
744 686
831
559
689 88
3
291 490
101 128
684 382
520
867
767
260
24
761
352
307 585
828 494
840 438
969
344 517
153 373
92
514
222
869
79 653
189
156 124
421
376 445
733
364
473
360
353 390
285 770
34
536
475 714
807
574
508
965 805
243 392
835 407
150 525
299
934 496
240
268
435
677
947 838
286
103
439
940 564
722
978
386 273
137 158
746
721 182
885 598
893
626
164
780
0 801
110
293
938
479
296
190 512
843
966
136
169 454
208
852
878
829
16
36 920
739
117 200
560
216
337 716
851
891 27
219
741
611
348
702
888
706
896
480
663
870
989
270 563
152 161
603 257
166
504
329
347
98
140
46 915
467
194
179
225
836
277
361
33
477
331 884
261
924
522 474
647
500
906
48
935
259 634
312
72 372
183 134
146 521
6 892
279
178
839
458 810
300
827
56
412
236 582
987
262 191
395 341
556
923
323
135
944
420
209
777
148
245
848
381
942
228
328
643 466
87
223 796
593
303
282
692
267
457
886
708
170
32 97
824 981
149
546
157 119
133 2
311
447 53
310 765
218 295
961 666
8 180
7
963
4
516
113
287
211
925
728
249 44
755
184
515
230
606
13
905
107
448
914
1
192
642
952 263
52 443
121
201
724
887
197
60
9
903 618
187
550
99 750
217
66 553
334
506
132
276
42
491
333
430
507
846 990
939
526
734
649
531
313
221 428
709 419
315
212
953 624
84 762
992
356
933
297 71
159
370
404
235
519
379
854
565
248 206
687
326
667
118 47
325
644
309
93 988
402 510
633 335
860
21
203
673 793
650
489
998
806 661
77
983
354
302
505
63
872 524
804
122
785
10 901
907
725
472
317
691
75
616
971
562 231
281
766
646
680
29
628 676
342
425
49 31
799
453
875
486
690
289 665
256 76
283
732
976
790
842
592
540
791
284
577 937
638
120
174
704
656
621
213
62
576
229
682
274
327 126
89
446
518 269
106
440
719
962
648
292
658
405 866
462
834 58
672
349
528 418
822
975
85 879
129 465
541
527 69
640
652
5
552 105
423
756
319
363 523
389
232
400
748
308
641
895
787
330 587
172 96
411
207 675
57 242
186
554
369
613
727
693
849
224 108
442
78
811
874
772
530
380
30 455
779
167
561
639
986
362
142
655
700 250
601 794
464 916
729
922
880
396
955
278
357
351
139
802
345 946
131 902
83
111
535 20
384 651
768
145
943 837
533
497
999 909
844
738
972
783 422
753 37
636 534
202
898 911
456
294
610
338 168
367
927 862
318 958
429
871 949
792
177
549
863
757
883 246
913
90
314
301
488
305
485
595 696
123 759
897 215
877
771
590 529
890
555
954
703 403
537 558
864
782 740
416
171 266
50
699 581
426 873
