750
8 15
996 993
635 973
818 662
817 866
513 438
162 911
979 965
960 403
51 956
977 892
937 770
982 894
991 789
481 912
670 339
847 735
705 487
915 810
885 409
236 946
413 881
858 617
793 668
967 6
714 72
773 388
984 581
945 795
394 814
620 744
995 841
572 44
958 903
930 868
927 751
918 765
840 774
825 697
957 932
796 695
622 341
231 947
661 703
262 846
204 805
716 833
824 800
454 408
726 897
952 853
681 664
882 657
806 636
808 350
545 115
475 879
862 547
474 407
737 461
494 861
585 553
619 608
310 484
224 573
873 813
769 382
740 577
665 637
401 259
270 837
686 571
524 386
988 26
910 673
857 763
720 464
522 990
788 199
901 753
415 517
828 675
961 856
543 968
455 344
511 980
634 466
482 336
418 414
182 124
835 424
273 579
632 562
717 94
372 710
595 872
759 721
797 544
422 383
525 190
101 920
832 919
698 582
916 609
188 580
534 161
929 801
67 630
285 834
151 689
307 940
598 928
653 243
676 155
758 943
684 612
589 169
40 974
91 27
631 563
601 495
700 503
470 941
198 375
280 234
105 884
794 226
353 172
295 118
338 985
171 102
345 883
838 529
715 624
428 152
628 891
701 183
615 876
359 376
133 783
564 410
578 999
949 816
760 934
798 696
898 449
492 249
156 750
512 558
659 548
752 599
501 782
528 498
469 444
478 953
20 731
762 405
227 195
711 603
71 871
904 709
660 651
84 618
583 471
12 781
242 131
297 157
542 385
633 566
490 215
288 59
248 200
337 327
49 116
643 150
117 458
134 909
46 537
146 674
99 523
93 625
76 521
321 318
214 902
465 392
432 355
699 685
452 263
443 153
535 417
371 749
366 552
434 331
173 459
68 373
32 363
981 607
600 395
368 330
175 36
138 683
206 128
426 61
496 304
510 290
447 399
590 518
291 289
165 476
264 168
114 238
427 390
437 402
445 88
147 365
324 218
586 335
306 221
246 419
82 55
163 160
143 95
568 271
527 256
666 343
398 244
191 180
223 108
266 130
237 66
257 144
252 97
126 79
85 587
137 384
269 96
69 30
185 129
123 47
104 57
0 322
18 253
119 37
250 80
65 53
64 10
52 207
158 86
58 54
31 2
22
844
823
460
962
802
831
559
887
812
777
209
994
193
975
935
48
964
605
867
767
260
877
532
743
648
702
888
706
896
936
803
886
746
913
638
325
644
309
536
567
596
485
921
821
998
997
864
820
109
654
865
669
963
779
23
663
907
725
472
313
899
890
493
826
100
196
436
969
509
557
799
453
966
889
950
908
712
845
623
502
830
594
241
972
329
504
942
728
925
211
905
463
727
613
917
247
255
924
650
992
641
978
722
971
616
755
184
959
627
723
499
954
986
987
272
561
647
500
906
775
441
900
804
829
878
852
480
951
742
533
275
850
983
645
652
5
939
526
938
479
761
352
839
178
279
704
174
848
381
955
219
741
611
348
551
38
736
730
181
546
404
370
159
989
933
356
334
506
614
176
28
604
713
870
970
575
895
944
923
556
768
145
926
754
300
827
807
574
508
539
423
756
836
277
778
361
869
514
222
745
451
406
446
89
766
874
875
843
851
859
393
922
880
78
286
103
439
893
626
629
809
757
863
855
25
602
849
860
83
948
346
842
790
976
815
467
228
677
435
268
516
265
70
456
694
854
732
565
786
738
707
462
81
450
281
791
819
679
729
822
584
412
785
554
560
771
914
682
667
787
792
931
73
780
658
691
488
301
764
570
656
747
678
718
254
719
440
724
201
121
610
646
784
588
4
314
90
649
734
671
776
655
425
576
229
688
258
491
411
148
245
210
680
642
538
640
233
358
550
733
364
473
360
672
708
555
592
540
739
692
267
457
541
519
235
811
420
442
332
416
606
13
597
569
515
497
230
531
687
429
430
507
489
549
431
287
113
505
302
367
520
621
693
292
433
41
389
690
486
369
296
166
342
362
142
387
125
421
530
772
225
179
194
63
189
593
400
748
639
136
396
468
216
298
19
391
477
203
21
328
320
378
294
299
278
357
351
591
261
397
349
374
377
274
127
217
316
311
326
283
312
251
483
154
293
139
140
98
347
323
305
149
333
319
220
106
202
239
111
317
232
92
212
315
35
170
448
107
340
284
50
141
187
303
379
380
354
197
60
9
167
208
135
39
282
308
276
186
7
132
112
240
213
77
205
192
34
87
164
3
62
16
177
122
43
110
120
75
74
14
45
11
56
42
33
29
24
17
1
