6647
8662 8664
1838 1840
0
1985 1986
1018
7811 7815
3055
37
902 903
1396 1399
4271 4272
1375 1376
936 937
340
203 205
864
164
315 316
538 539
11
1364 1366
2523 2525
2633 2634
4320
1738 1740
5100
2991 2994
1742
8383 8384
2284 2285
4557
5190 5191
4376 4377
2649
8028
1828
1094
2280 2281
1611
102 103
7571 7572
1080 1081
2479
2055
710 711
3949 3950
289 290
3747 3748
41
2669 2670
2917 2918
306 307
2623 2624
765
3744 3746
52 57
522 523
1105 1107
1319 1320
2832 2833
3718 3720
73
234 236
716 717
1653 1654
4154 4155
5183 5184
4208 4209
820 823
3306 3307
1920 1921
548 550
4055 4056
1504 1505
2440 2441
3097 3098
2356 2357
5760 5762
4446 4447
2610 2612
2751 2752
161 162
4964 4966
184
858 859
994 995
4131 4133
686 688
2983 2987
8474
88 90
706 707
7319 7320
5131
8291 8292
5772
2572 2576
4967 4968
471 472
1506 1507
4063 4064
8078 8080
8690 8691
4917 4918
1577 1578
4073 4074
6870 6871
1236 1237
5473 5474
7964 7965
1511 1513
3412 3413
1633 1634
5196 5197
5795 5796
7469 7470
1131 1132
4834
9585 9586
4644 4645
6335 6336
8610
7289 7291
4188 4189
5650 5651
4420 4422
3476 3477
1799 1800
8326 8327
1181 1185
5008 5009
8345 8346
540 541
7820 7821
4167
5023 5024
5648
7562 7565
6404
1014 1015
46 47
406 407
3399 3400
608 609
437 439
557 558
824 826
1809 1811
721 723
2761 2764
1121 1122
260 262
734 735
129 130
2864 2865
9635 9637
58 59
274 275
1677 1678
617 618
24 25
833 835
660 661
362 363
1778 1780
96 97
1340 1341
1052 1053
712 713
4794 4795
463 464
1983 1984
2146 2147
2375 2376
3283 3284
731 732
619 620
4858 4860
243 244
536 537
9269 9271
844 846
1300 1302
1703 1705
1231 1232
512 513
1482 1483
671 673
1944 1945
1064 1065
1596 1597
2230 2231
2629 2632
2829 2830
3079 3080
5 6
1321 1322
1605 1606
1269 1270
4119 4120
1993 1995
1744 1746
865 866
1925 1926
3658 3660
3050 3051
2446 2447
7924 7926
2736 2738
7960 7961
1573 1574
632 635
2033 2034
7692 7696
2020 2021
2999 3000
2134 2136
4593 4596
4944 4945
3011 3012
4200 4201
3609 3610
3496 3497
3583 3584
3420 3421
5926 5928
2107 2108
4343 4345
5896 5897
3639 3641
5288 5289
624 626
4849 4850
6159 6161
6085 6087
4429 4430
4828 4830
5617 5618
7403 7404
3314 3315
5381 5382
2661 2662
4987 4988
3367 3368
3578 3579
1071 1074
5416 5418
1878 1881
5090 5092
8490 8491
1974 1975
1469 1470
941 942
4425 4427
401 402
434 436
3614 3616
999 1000
718 720
1286 1287
1629 1630
2766 2768
1590 1591
945 946
163 166
1500 1501
637 638
3432 3433
3254 3259
2911 2912
3121 3122
1781 1782
2153 2154
8425 8426
4527 4531
577 579
2803 2804
3212 3213
724 725
754 755
177 179
2565 2566
1193 1194
949 951
1082 1083
4081 4082
5166 5167
2270 2271
3752 3753
2684 2685
3394 3395
3127 3128
2713 2714
1712 1715
3081 3082
6386 6387
5638 5639
7987 7989
6982 6983
2221 2222
38 42
6010 6011
8172 8173
9011 9012
4604 4605
1152 1153
5405 5406
8084 8085
3888 3889
2967 2969
4143 4144
4357 4358
8348 8349
7275 7277
2188 2189
5248 5249
4586 4587
6732 6733
4783 4784
9022 9023
3814 3815
7767 7768
9515 9516
4182 4183
4752 4753
4919 4920
4633 4634
4121 4122
2238 2239
8818 8819
7513 7514
2909 2910
6645 6647
4487 4488
6118 6119
7159 7160
6833 6834
4542 4543
6671 6672
2637 2638
442 443
2954 2959
2715 2717
3975 3976
6250 6252
1241 1245
3218 3220
127 128
4129 4130
3999 4001
664 665
3227 3229
1042 1044
1803 1804
6714 6716
336 337
2253 2254
7199 7200
1818 1819
2749 2750
4229 4230
7845 7846
4646 4649
5255 5256
6477 6478
267 272
2123 2124
2377 2379
4654 4656
1265 1266
3585 3586
4804 4806
6326 6327
4927 4929
1609 1610
1696 1697
4950 4951
7830 7831
4459 4460
2562 2563
5507 5508
6017 6019
3123 3124
6407 6408
5890 5891
378 379
399 400
2539 2541
2148 2151
3723 3724
1259 1261
113 115
6856 6858
8673 8674
6960 6961
4474 4475
2166 2168
5645 5646
668 670
2549 2550
5941 5942
4895 4896
3802 3804
5076 5078
6328 6331
7646 7647
6773 6774
3436 3437
1329 1330
507 508
2682 2683
4520 4522
334 335
655 656
2290 2291
657 659
6221 6223
2268 2269
1126 1127
5691 5692
2927 2928
383 384
5443 5444
758 759
1964 1966
5923 5925
7962 7963
8033 8037
8790 8791
9179 9180
6082 6083
8966 8967
5500 5501
9488 9489
1490 1492
744 747
1278 1280
9694 9697
425 426
3045 3047
7257 7259
8999 9000
7533 7534
9638 9640
8736 8737
6884 6885
140 141
2808 2809
4970 4971
4283 4284
2952 2953
5202 5206
4658 4659
5246 5247
8658 8659
1660 1661
4866 4868
5533 5534
2646 2648
6577 6578
6359 6360
4407 4408
359 360
5523 5525
7477 7478
5071 5073
8596 8597
2056 2058
4387 4388
6853 6854
5619 5620
2810 2811
6613 6615
9339 9340
6756 6757
8137 8138
827 829
6872 6875
9371 9373
4198 4199
6527 6528
1016 1017
9349 9350
7628 7630
9817 9818
5540 5541
4236 4239
3138 3139
7474 7475
7972 7977
9633 9634
1564 1566
9092 9093
9722 9723
7355 7357
7679 7682
546 547
7981 7982
6420 6422
1377 1378
3418 3419
1582 1583
1871 1872
3725 3726
9101 9102
2263 2264
1952 1953
728 730
8434 8435
9546 9547
7185 7188
8685 8686
7349 7350
7547 7548
1785 1786
1763 1764
5959 5962
388 389
4002 4005
8514 8516
6503 6504
5821 5822
1001 1002
9441 9442
6349 6352
5459 5460
2420 2421
622 623
641 642
1 3
2689 2690
6380 6381
5311 5312
6962 6964
8320 8322
7154 7155
7659 7661
9812 9814
4570 4572
9931 9933
6057 6059
9384 9385
6560 6563
7993 7995
364 367
6972 6974
9698 9699
9797 9798
9235 9236
551 552
1832 1833
2699 2700
867 868
6000 6002
5407 5408
9444 9445
1693 1694
1347 1348
2163 2164
9171 9172
7126 7127
9804 9805
5733 5734
787 788
9214 9216
6277 6278
7057 7058
7908 7909
6295 6296
7341 7342
2703 2708
8920 8921
501 502
7626 7627
2010 2012
976 980
4454 4455
2675 2678
5898 5901
646 647
385 387
3735 3737
3230 3234
7326 7327
7453 7454
8635 8637
3884 3885
4134 4135
5538 5539
1617 1618
8534 8535
5728 5729
8718 8720
8612 8613
6892 6893
3740 3742
9551 9553
6771 6772
6165 6168
9323 9324
5717 5718
929 931
9459 9460
784 786
5666 5668
2223 2224
3221 3222
6293 6294
3246 3247
5551 5552
6112 6114
4798 4799
64 66
740 741
9505 9506
8497 8498
2891 2893
4433 4434
7816 7817
6702 6704
1527 1528
2888 2889
3548 3549
9762 9763
5886 5887
1294 1295
4877 4880
6138 6141
3708 3709
2093 2094
5743 5745
7406 7408
4588 4589
5846 5847
9530 9531
9968 9969
7270 7271
8605 8606
7196 7198
3196 3198
8459 8462
3671 3675
1288 1291
3200 3203
5108 5109
4021 4022
6996 6998
1542 1543
5313 5314
4638 4639
6667 6669
1494 1497
1312 1313
8237 8239
9391 9392
7442 7443
3332 3333
5636 5637
2869 2870
3777 3778
7363 7364
742 743
9135 9138
3027 3029
7028 7031
756 757
7380 7381
1310 1311
5036 5038
2098 2099
6534 6535
3631 3632
4247 4248
4489 4490
9507 9508
7857 7860
8052 8054
9094 9096
8572 8574
8626 8627
2312 2314
257 259
5659 5660
3757 3758
6537 6539
151 153
5148 5149
9366 9367
7130 7131
9945 9946
8647 8649
919 920
533 535
4186 4187
2392 2393
6988 6989
5511 5513
2198 2200
3603 3604
5569 5572
8950 8951
1859 1860
2906 2908
738 739
1750 1751
8191 8192
3818 3819
8882 8884
8282 8283
3235 3236
7785 7787
7761 7763
6775 6776
6992 6995
7555 7558
6037 6038
7864 7866
7753 7754
1598 1599
3060 3061
4698 4699
4618 4619
2718 2719
955 957
4908 4909
1976 1978
8740 8741
5216 5217
3917 3918
5463 5467
7487 7491
4480 4483
5010 5011
4998 5003
4861 4862
5693 5695
3264 3265
6100 6101
5756 5757
988 990
4762 4764
3111 3112
4580 4583
7378 7379
6818 6819
7595 7599
5546 5547
5893 5895
1867 1868
9226 9227
3370 3371
6929 6930
6499 6502
5581 5582
9439 9440
3207 3208
2854 2855
1649 1652
3652 3654
9911 9914
9883 9884
9274 9275
7175 7176
5414 5415
5844 5845
4913 4914
7282 7284
9577 9580
5281 5282
5954 5956
7428 7429
9789 9790
5526 5527
771 772
4418 4419
3762 3764
6979 6980
495 496
6764 6765
5294 5295
86 87
2568 2571
5395 5396
1046 1047
5307 5310
7134 7136
7104 7110
9053 9054
7465 7466
9836 9837
3664 3666
6286 6287
2292 2293
7501 7502
4249 4253
4435 4436
9055 9059
4114 4115
2686 2687
8734 8735
9116 9119
8175 8176
5163 5165
7088 7089
5412 5413
8510 8512
8339 8342
9466 9467
4017 4018
6042 6043
8309 8310
3733 3734
4893 4894
6519 6520
5611 5613
9454 9455
8874 8876
4989 4990
5059 5061
1770 1772
9364 9365
6192 6194
4389 4390
4210 4211
7566 7567
10 12
2233 2234
3133 3134
7769 7770
5855 5856
7014 7016
3842 3843
4978 4979
7792 7793
3606 3607
3407 3408
2827 2828
9499 9500
9676 9677
5285 5287
1273 1276
3501 3503
5998 5999
8463 8467
7701 7702
9218 9221
1950 1951
2599 2601
871 872
964 965
342 345
6761 6762
3159 3160
837 838
2387 2388
5577 5580
9754 9755
9872 9873
7206 7207
5814 5815
4597 4598
9778 9780
9287 9288
3633 3634
4383 4384
1783 1784
4393 4394
8948 8949
2551 2552
1234 1235
9144 9145
8838 8839
9667 9668
9276 9277
7252 7254
4311 4313
4337 4338
6673 6674
6517 6518
6595 6596
5553 5554
2255 2256
2225 2227
8599 8602
7714 7715
8780 8783
7662 7665
6337 6338
8407 8408
9519 9521
7519 7520
2176 2177
1253 1255
3458 3459
2192 2193
8540 8541
952 953
1143 1148
2030 2032
3176 3177
5014 5015
5450 5451
2883 2884
2489 2495
3775 3776
5632 5633
2249 2250
2873 2874
3385 3386
6319 6321
908 910
1123 1124
9700 9702
4631 4632
9398 9401
241 242
3878 3880
1222 1223
5064 5065
1532 1535
3269 3271
666 667
3141 3142
5957 5958
1216 1217
2353 2354
2528 2529
3414 3415
3620 3621
1381 1382
2088 2092
3729 3732
3425 3428
3597 3598
849 851
4174 4175
2904 2905
5943 5945
2663 2664
3013 3014
1099 1102
1488 1489
1028 1029
6610 6611
4684 4685
4609 4610
5626 5628
1214 1215
1758 1759
4750 4751
1767 1769
6496 6498
852 854
3560 3562
3951 3952
4348 4349
1970 1971
9807 9809
7656 7657
9528 9529
5498 5499
6391 6392
4097 4098
6918 6919
2100 2101
7697 7699
3003 3004
9513 9514
2257 2258
287 288
2617 2618
1034 1035
3984 3986
4545 4546
9554 9559
8388 8389
4295 4296
9161 9162
6096 6097
2860 2861
3558 3559
5976 5978
4484 4486
5778 5781
3871 3872
1407 1408
3114 3115
1646 1648
7739 7740
5156
2849 2851
8385 8387
6638 6639
5039 5040
1698 1699
2060 2062
5621 5622
3285 3286
2091
3008 3010
5661 5662
6849 6851
4500 4502
227 228
544 545
4932 4935
7529 7530
5935 5937
780 781
9352 9353
9272 9273
1304 1305
7892 7893
2977 2979
2871 2872
13 14
9672 9673
1204 1205
855 857
5066 5068
3881 3882
5630 5631
4974 4975
815 816
349 350
3678 3681
9229 9230
7668 7669
5378 5380
7292 7293
3905 3907
9436 9437
4833 4835
5774 5775
7648 7649
3645 3646
9724 9726
1795 1797
3869 3870
4404 4405
2897 2898
2875 2876
4300 4302
4563 4564
9860 9861
5188 5189
9120 9123
3090 3091
5793 5794
1546 1548
5676 5680
5746 5747
615 616
3858 3859
3994 3995
906 907
2261 2262
1354 1355
8370 8371
1477 1479
5687 5690
5212 5213
7590 7591
489 490
2484 2488
4510 4511
6837 6839
3523 3524
8198 8199
6482 6485
8479 8480
1068 1069
6091 6093
2464 2465
9429 9431
200 201
1167 1168
5889
4844 4845
3759 3760
4911 4912
374 375
414 415
3676 3677
8738 8739
2606 2609
1857 1858
5384 5385
9009
6077 6078
174 175
6631 6633
1901 1902
2345 2346
8364 8366
8624 8625
2531 2533
6413 6415
30 31
5026 5027
4738 4740
5529 5530
874 879
6270 6271
215 218
6660 6661
1315 1316
9652 9653
4956 4958
3276 3277
6094 6095
5502 5503
4178 4181
9408 9409
5882 5883
4314 4315
8123 8124
3595 3596
1404 1406
3798 3799
7038 7040
4350 4351
3069 3070
8266 8267
6237 6238
7316 7317
3325 3327
841 843
7044 7046
4024 4025
123 125
1164 1165
8547 8549
2159 2160
3642 3644
5181 5182
6705 6706
2423 2424
1792 1793
8823 8824
8211 8212
6473 6474
4322 4323
9719 9721
8575 8577
7076 7078
7430 7431
6686 6687
6820 6823
3166 3167
2554 2555
4897 4898
1394 1395
4754 4755
2394 2396
5103 5105
5151 5152
2922 2923
7059 7062
1379 1380
811 812
4703 4704
7549 7550
6279 6280
8151 8153
9542 9543
3178 3180
9302 9304
3330 3331
3830 3831
4007 4008
4678 4679
6717 6718
8831 8836
6340 6341
4221 4222
9533 9534
7900 7901
2384 2386
5006 5007
5663 5664
6913 6915
2194 2197
3570 3573
3344 3345
5154 5157
188 190
3599 3600
2558 2560
2547 2548
6899 6900
6620 6621
8868 8870
1351 1352
3911 3912
6361 6362
7481 7482
6767 6768
880 885
7823 7824
3635 3636
3956 3957
4765 4766
3379 3381
3943 3945
5830 5832
1594 1595
9928 9929
921 922
7165 7166
5657 5658
2343 2344
5719 5720
6863 6864
5238 5239
6679 6680
5391 5392
3997 3998
9013 9014
3350 3352
6652 6653
8763 8765
8843 8845
2593 2594
8417 8418
6847 6848
7382 7384
1584 1586
7818 7819
5588 5590
1620 1621
938 939
5354 5356
2777 2778
390 391
9783 9785
4212 4213
984 987
6377 6379
7339 7340
34 36
8766 8767
6738 6739
9314 9316
4216 4217
237 238
3163 3164
6235 6236
5963 5966
6067 6068
580 581
2305 2306
8317 8319
7157 7158
8125 8126
5782 5783
3779 3781
3699 3702
1557 1560
4906 4907
7237 7238
5946 5947
9834 9835
4263 4265
8004 8007
4472 4473
8879 8881
4049 4050
813 814
5049 5050
454 458
3015 3018
81 83
6814 6815
8128 8129
1038 1040
6787 6788
6695 6697
7577 7578
5251 5252
7006 7008
5138 5142
7825 7829
7401 7402
8404 8405
7807 7810
6074 6076
206 207
6020 6021
2413 2414
8905 8906
3267 3268
911 914
4466 4468
327 331
3129 3130
8524 8525
5186 5187
6840 6841
9126 9128
2417 2419
1371 1374
2278 2279
2947
1173
2119 2120
1946 1947
3353 3355
4410 4411
1484 1485
2437 2439
84 85
4256 4257
485 488
1433 1435
5135 5136
3094 3096
5253 5254
5601 5604
8936 8938
4075 4076
5349 5350
2640 2641
5748 5751
8898
7612 7613
70 71
5504 5506
2747 2748
4035 4036
7353 7354
6746 6747
7067 7070
8553 8555
5321 5322
6824 6828
3443 3444
2449 2451
5424 5425
4031 4032
3194 3195
1257 1258
5857 5858
4203 4207
246 247
9799 9800
6675 6676
1918 1919
3703 3704
6088 6090
7262 7264
7610 7611
5323 5324
6471 6472
1734 1736
9361 9363
6272 6273
6778 6779
7527 7528
7991 7992
3033 3036
9775 9777
8056 8057
2797 2798
3308 3309
3564 3565
3311 3312
5594 5595
4664 4666
8771 8772
2919 2921
9283 9286
9207 9208
5168 5169
8469 8470
9891 9892
1139 1140
7266 7267
1903 1906
255 256
1656 1658
7569 7570
5624 5625
9870 9871
4686 4687
9019 9021
4962 4963
1333 1334
1997 1998
6572 6573
1726 1727
8668 8669
1625 1626
2950 2951
8476 8478
2822 2823
3827 3829
7090 7091
6022 6024
2545 2546
9410 9413
8971 8973
1092 1093
1927 1928
3832 3833
6829 6832
6224 6225
6735 6736
4550 4551
8026 8032
7092 7097
6859 6860
6353 6355
6300 6301
6816 6817
4612 4614
5351 5353
7881 7882
4785 4788
4756 4757
2775 2776
5864 5867
3104
5454
3920 3924
9492
7743 7744
8276 8277
7616 7618
1191 1192
3146 3148
4291 4292
169
9231 9232
3931 3933
2929 2930
967 968
7053 7054
8271 8274
7727 7728
679 680
3765 3766
9474 9476
4397 4398
1662 1663
5299 5300
7386 7387
3092 3093
5032 5033
7922 7923
4733 4737
1455 1456
8230 8232
2348 2352
3280 3281
8148 8150
4816 4818
6213 6214
6375 6376
3973 3974
5884 5885
1471 1472
7335 7337
2619 2620
8608 8611
9326 9327
6098 6099
6549 6550
8723 8725
2442 2443
4723 4724
4317 4318
9885 9886
4380 4381
3587 3588
2329 2332
6324 6325
9924 9925
8039 8040
1384 1385
7950 7952
515 516
8107 8108
8162 8163
4669 4670
8063 8066
325 326
9485 9487
9665 9666
6003 6004
4145 4148
6344 6346
8557 8560
7935 7936
6897 6898
5920 5922
8206 8208
9509 9510
4077 4079
3617 3619
7047 7051
9142 9143
8343 8344
7079 7081
9954 9955
8692 8693
6458 6459
9741 9742
8628 8629
5825 5826
2415 2416
7809
5096 5097
3023 3024
3252 3253
2454 2455
6121 6122
9650 9651
2621 2622
1691 1692
3824 3825
5818
4354 4356
5575 5576
250 252
6201 6204
1907 1908
6103 6105
5809 5812
5241 5242
7235 7236
6314 6316
7841 7842
6468 6469
9850 9851
8393 8394
5359 5360
8268 8270
6035 6036
5596 5597
4391 4392
1416 1417
9241
7148 7149
3767 3768
7211 7214
9015 9016
2023 2024
5209 5211
170 171
8453 8454
3149 3150
4335 4336
7343 7344
5301 5302
8568 8569
3261 3262
2973 2975
9005 9006
7643 7645
5710 5711
7931 7934
6227 6228
6157 6158
8711 8712
3154 3155
5456 5457
3445 3446
8439 8440
8135 8136
9819 9820
9864
1789 1791
5161 5162
9098 9100
8773 8774
6106 6107
5615 5616
7721 7725
8825 8826
2324 2325
2018 2019
563 564
8432 8433
3811 3813
8352 8353
6657 6659
8614 8615
6622 6625
8315 8316
7191 7192
2578 2579
8311 8312
417 418
4010 4011
3168 3169
8043 8044
6274 6275
6480 6481
2725 2726
1721 1722
8731 8732
3465 3467
3232
3274 3275
5482
8507
6403 6406
9622 9624
9926 9927
5708 5709
6529 6533
5904 5905
9264 9265
9573 9576
8155 8157
6876 6877
7479 7480
1683 1684
2693 2694
8097 8098
7329 7330
5562 5566
9757 9758
9354 9355
1815 1816
8305 8307
5283 5284
6677 6678
3886 3887
9608 9609
1225
8864 8865
8362 8363
1392 1393
5475 5478
2542 2543
8688 8689
6411 6412
4441 4442
6580 6581
9965 9966
4831 4832
7009 7010
1054 1055
4577
4864 4865
7490
4904 4905
7080
6115 6117
8178 8179
2901 2903
3534 3535
524 525
2940 2942
3316 3319
602 605
1669 1670
9866 9869
4028
639 640
3682 3683
958 963
974 975
8565 8566
585 587
3774
9845 9846
4984 4985
3457
1741 1743
5098 5101
2722 2723
5987 5989
9590 9593
1150 1151
4777 4778
4328 4329
6190 6191
7368 7370
8182 8184
8012
4881 4883
7415
9815 9816
9688 9689
7927 7930
8139 8141
9497 9498
5393 5394
5712 5714
8193 8194
9745 9746
6446 6447
4930 4931
7652 7653
6933 6935
3504 3505
7604 7606
6810 6811
9190 9191
7182 7183
7114 7116
6604 6605
7459 7460
8372 8373
8016 8018
8903 8904
2139 2142
9759 9761
5994
6417 6418
693 694
2294 2296
3225 3226
9148 9149
8758 8759
9024 9026
674 675
2537 2538
6039 6041
5623
1571 1572
3117
3484
2574
1100
2366 2369
806 810
8122
2720 2721
7446 7447
120 121
149 150
1787 1788
5763 5766
4061 4062
2016
1544 1545
3088 3089
1641 1642
4825 4827
6013 6015
6309 6313
2367
2818 2819
8955 8957
8200 8202
5560 5561
9249 9250
6554 6555
7954 7955
3713 3715
2245 2247
4888 4890
7535 7538
9169 9170
9895 9898
9081 9084
9918 9919
5409 5410
7836 7837
6135 6136
9853 9854
4162
2650 2651
3844
295 296
5843
1292
1909 1911
9328
4254
943 944
2652
6401
7979 7980
2732 2734
804 805
2767
7043
182
595 597
411 413
3479
2968
4138 4140
1748 1749
6466 6467
4099 4100
6320
403
2181
4641
2219 2220
3738 3739
7941 7944
7537
7802 7803
4492 4493
4709 4713
4771
5640 5641
6852
4576 4578
2315 2316
8031
3387 3388
4260 4261
2597
3792 3793
3219
2514 2516
300
297 299
1916 1917
6500
448 449
7675
4800 4801
2892
3084
352
5058
6302
2155 2156
3834 3835
2310 2311
196 198
3417
7 8
5973
6880
380 382
7712
1249
6470
2111 2113
1210 1211
5805 5806
2241
1931
1502 1503
158 159
7587 7588
969 971
5984 5985
9038
7093
5579
3507
5549 5550
8801 8802
847 848
2993
3787 3788
2938
5397
8017
6931 6932
4013 4016
1845
5823 5824
2602
3429
8436
9306 9307
4274 4276
6062 6063
8254 8256
8940 8941
8324 8325
9185 9186
9468 9471
9105 9106
8675 8677
7996 7997
6742 6743
5852 5853
9794 9796
1889 1890
9752 9753
8437 8438
1438 1441
7457 7458
5261 5263
1224 1227
6949 6950
9382 9383
3040 3041
1031 1032
9298 9301
3836
5803 5804
3237 3239
2941
7536
4040 4042
219 220
5608
5517 5518
6027 6028
9821 9822
5861 5862
7150 7151
4852 4853
1509
8752
7951
6133 6134
98 99
6624
1655
3460
8029
1716 1717
2452
2246
613
5084
2503 2504
1114 1115
4732
6396 6402
9037 9039
397 398
7048
4924 4926
7434 7435
7462
277 280
5644
3461 3464
6448 6449
4682
3289 3291
7796 7797
2755 2756
6125 6128
1101
926
5438 5439
3256
2011
308 309
4942 4943
4112 4113
7255
7497 7498
1458 1461
7733 7738
7617
8550 8551
3525 3526
4234 4235
5110 5112
1228 1230
9548 9550
4952 4954
6593 6594
3968 3969
1466 1467
4822 4823
3809 3810
9631 9632
8775 8779
8768 8770
9764 9765
5143 5144
2390 2391
4026 4027
7706 7708
2936 2937
2028 2029
5347 5348
4934
2817
3109
7543 7545
7138
2834
9188 9189
5740 5742
1987
4948
2879 2881
5950
4625
8354 8355
2404 2406
1085
689 690
2473 2474
4688 4689
1963
5016 5017
7393 7394
7581 7582
4159 4160
76 78
4901 4903
3972
2497
3605
7417 7418
5685 5686
4692 4693
9181 9182
8381 8382
4667 4668
4136 4137
6984 6985
1685 1687
4939 4941
5769 5773
1882 1883
7099 7101
1010 1011
7509 7511
8350 8351
3409 3410
708 709
2048 2049
4266 4270
4792 4793
6587 6588
8253
5816 5817
8827 8828
9068 9069
9299
3928 3930
1852 1854
2422
6382 6385
5371
3304 3305
2656 2657
3301
7361 7362
8877 8878
6464 6465
7983 7984
1710 1711
2103 2104
4561 4562
4090 4092
9290 9292
2794
6663 6664
6060 6061
5044
3568 3569
9237
5272
1036
9219
8744 8745
366
1108 1109
2373 2374
3897
3375 3376
3442
2580
9750
393 395
4057
6281 6282
9317 9318
5738 5739
9991 9992
5731 5732
9568 9571
8989 8990
4396
6600 6602
317 319
8180 8181
2595 2598
222 223
8413
2845 2846
5363 5365
7730 7731
1296
6785 6786
3030 3032
4726
8495
9779
5741
7843 7844
7449
3965 3966
9727 9730
1861 1862
7201 7203
4532 4533
565 570
510 511
2303 2304
2035 2037
483 484
3126
6144 6146
1327 1328
7296 7298
8441 8442
4033 4034
4707 4708
6215 6220
1529 1530
4915 4916
9030 9031
8991 8992
8377 8379
9088
3161 3162
6291
5528
4981 4983
9372
8064
9983 9984
6789 6790
3390 3392
5677
8545 8546
7583 7584
1021 1023
8953 8954
2372
2614
1730 1731
881
4922 4923
8958 8962
6905
1550 1552
1936 1939
9692 9693
6843 6845
8112 8115
5767 5768
3043 3044
4277 4278
6601
2727 2728
5243 5244
8133 8134
5328 5329
8484
6127
3422 3423
6874
698 699
423 424
2308
869
2072
4539
6576
2031
4495 4499
4058
893 894
4123 4124
3849 3850
5426 5427
9001 9002
5224 5225
3522
5369 5370
9657 9661
6450 6453
6531
3790 3791
154
2067 2068
8631 8633
1421 1422
4999
29
6923 6924
1195 1196
850
549
4012
416
477 478
4739
6715
3463
2913 2914
1846 1847
1707
1427
6166
1037
60
9263
3937
7444
183
9311 9312
6842
2149
3822
6409 6410
310 311
1519
3772 3773
7276
7880
3805 3806
444
5535 5536
1361
2915 2916
2057
3528 3532
1913
1541
2458 2459
6072 6073
6903
778
2769
1033
1723 1724
5907 5909
1841 1844
3736
3962 3963
3067
9082
985
493 494
7322
3553
7167 7168
40
2362 2363
1452
5260
1095 1096
1155 1156
4552 4553
7971
2737
4671 4673
3492
4846
2847
4727
2185
221
3862 3863
197
1914 1915
4020
3714
8390 8391
610
5827 5828
2995 2996
2114
1298 1299
1129
8582
4003
7707
3512
4961
1825 1826
1367 1368
9419
6831
9545
1674
2211 2212
5701
534
3310
6053 6056
2970 2971
3893 3894
1008 1009
9300
9486
6247 6248
1798
358
561
453
2955
3536 3537
4372
5849
6176 6177
1233
1271 1272
2788
9402 9405
6607
6694
7260 7261
6111
4839
845
749 750
2635 2636
4902
5653
5220 5223
1059
7858
6869
8158 8161
6456 6457
45
5358
4095 4096
7217
2707
2127
606 607
923 924
5145 5147
7521 7523
8156
1747
3581 3582
4305 4309
6008 6009
8335 8337
5726 5727
5021 5022
2759 2760
9051 9052
3188 3191
630 631
2086 2087
8679 8682
2608
4662 4663
3673
782 783
2327 2328
1306 1308
8049
185 187
5194 5195
6142 6143
6509 6511
4361 4363
5318 5319
3721 3722
9200 9201
8130 8131
7854 7855
67 68
3151 3153
7169 7170
517 518
9406 9407
5555 5557
4620 4621
3692 3693
1631 1632
2301 2302
3915 3916
7622 7623
9421 9424
2899
3647 3649
3300 3303
3017
2152
4802 4803
1212 1213
6145
1061
1850 1851
7869 7871
7872
7861 7862
6523 6525
818
4202
4497
2787
1429
1301
1075
599 600
779
2090
3346 3347
4332
1460
3661 3663
2500 2501
1110 1111
5642 5643
2065
8008 8010
1735
6229 6230
8203 8204
1897 1898
2765
6454 6455
5673 5674
5430 5431
7751 7752
6025 6026
3001 3002
6219
3215
2900
8925 8927
2587
3499 3500
269
19
560 562
2613 2616
1160 1163
2679 2681
5214 5215
3116 3118
8101 8102
7914 7915
3960 3961
5129 5130
7248 7249
7250 7251
9111 9113
8913 8916
9077 9080
9209 9212
7074
6432 6433
5400 5403
2792 2793
1830 1831
3099 3101
6901 6902
1138
4675 4676
1895 1896
4591 4592
2079
7194 7195
1739
1768
3357 3358
1561 1563
8640 8641
3543 3544
6740 6741
7422
4369 4370
4223 4224
8660 8661
9375
3970 3971
8862 8863
3864 3865
7332 7333
8409 8410
2426
3131 3132
1569 1570
8721 8722
2581
5570
1177 1178
2444 2445
294
1154
7061
4161 4163
5787
4503 4504
2924 2925
6310
5487 5489
2561
4287 4289
8159
7146 7147
9511 9512
7956
9973 9974
4169 4173
7553 7554
3048 3049
5833 5834
6171 6172
6802 6803
4456 4457
9709 9710
2358 2360
8893 8895
26 27
7171 7172
6174 6175
8696 8697
6188 6189
7932
5505
2165
7828
4426
1887 1888
6835 6836
7703 7704
8359 8360
8588 8589
6591 6592
5938 5939
2128 2129
701 703
8700 8704
4371 4373
5386 5389
3447 3448
7351 7352
6911 6912
2083 2085
7306 7307
9308 9310
6505
8578 8580
8092 8093
934 935
8471 8472
8233 8236
6284 6285
9899 9900
8538 8539
5218 5219
5290 5291
6626 6628
9173 9174
9985 9989
9605 9606
8601
807
7940
5955
1335 1336
1175
6023
2850
6460 6462
918
1905
6646
2228 2229
28
2553
5992 5995
2184 2186
5155
6938 6939
65
9868
5924
459
5199
79 80
514
7798
7884 7888
5056 5057
7215 7218
956
5514 5515
696
4969
9483 9484
4192
4252
465 467
7135
5305 5306
6731
8218
180
204
3481 3482
2203
529 532
487
481 482
5964
7493
3576 3577
1801
1957 1958
2133
1346
1512
2746
2342
8082 8083
1755
2692
4758 4760
1708 1709
4285 4286
6092
265 266
8024 8025
1688 1689
1349 1350
4105
5207 5208
4240 4241
504 506
3978
4840 4843
8047 8048
1314
5878
3382 3383
7082 7085
8678
2251
1955
9578
830
1247
7948 7949
7975
4385 4386
633
7551
1260
9889 9890
5019 5020
6865 6868
4959 4960
1415
3389
4477 4479
3592
5232
8993 8994
588 590
791 792
4193 4197
8978 8979
2653 2655
1760 1761
5961
3710 3711
9091
312 314
6050
5838 5839
3574 3575
8494 8496
2960
5932 5933
1647
6744 6745
3472 3474
3650 3651
5761
6005 6007
6684 6685
3826
9099
313
1665
6307
4786
2462
5520
1457
1144
1537 1538
1103 1104
263 264
925
2753
3891 3892
1480 1481
853
5273
2475 2476
3694 3697
4437 4439
1752 1756
2934 2935
9139 9141
7395 7396
895 898
1575 1576
7903
2077 2081
4616
9932
8526 8528
4220
4346 4347
3852 3854
5270 5271
3662
6184
7832
6345
4725 4728
1579 1580
9294 9297
6079 6080
5725
5373
3782 3783
7096
2096 2097
4452 4453
9057
4303 4304
7018
554
7957 7959
8811 8814
3454 3456
9901 9903
3241 3242
6934
7876 7877
3057 3059
8209 8210
1525 1526
2466
109 111
571
2603 2605
2307 2309
2036
2204 2208
6388 6389
3369
3706 3707
8444 8448
9456 9457
5226 5228
2272 2275
3628 3630
8917 8919
5490 5491
9426 9428
476
5367 5368
5969 5971
4225 4228
8742 8743
7974
960
6033
8466
9061
6993
6999 7000
9941
2125 2126
8792 8793
8488 8489
211 214
6681 6682
2042
5789
5025
9388 9390
4264
4006
5967 5968
4651 4652
3816 3817
8261 8263
276
2195
2789 2790
1007
4053 4054
2187
3434 3435
6484
2559
1356 1357
2322 2323
8144 8145
9114 9115
6609
8492 8493
7700
8853 8854
8329 8330
7451 7452
8473 8475
1554
6383
6606 6608
9848
9540 9541
8154
4940
9810 9811
8103 8105
7232
3684 3685
7187
3062
2931 2932
4741 4742
8420 8421
3486 3487
3860 3861
6231 6232
5198 5201
1922 1924
8481 8482
8070 8071
5137
7912 7913
3073 3076
1592 1593
1700
4476
2341
6558 6559
4635 4636
7231 7233
4715
7904
4227
5598 5599
959
8059
3372 3374
2116 2117
4867
8185 8189
4176 4177
6369 6370
5053 5055
4152
5193
6791 6792
1827 1829
1612 1613
6662
1317 1318
8358
6479
3204 3206
1876
3687 3688
5116
8846 8847
235
8214 8215
7499 7500
6914
7371 7373
7273 7274
6970
4773 4774
147 148
2398 2399
9581 9582
3320 3321
9071
1516
2428
7838
6629 6630
7777 7779
9678 9679
6512 6513
2138
2074 2076
9137
2781
9614 9615
7874 7875
7614
6966 6967
2173
5441 5442
5074 5075
9669 9670
7120
4184 4185
6198 6199
9146
5080
2434 2435
4364 4365
4444 4445
3451 3452
1208 1209
4986
1073
281 283
1062 1063
1718 1720
704
5544 5545
2201 2202
3490 3491
6317
8081
9930
1638 1639
2857
4269
2729
5352
1886
8746 8747
748
3095
4721
5180
8537
7757
3038 3039
789
2839 2840
509
6977
842
1420
3263
6405
329
156 157
2403
2515
9463
7115
3589 3590
1498 1499
574
6953 6954
7625
5807
4882
7311
4972 4973
9715 9716
6257 6258
7671
6442 6443
7602
8518 8519
2006 2009
981 983
9556
6800 6801
9982
9952 9953
9950 9951
7132
445
7879
2586 2588
8663
1459
7242 7243
8464
6990 6991
3539 3542
2013 2015
7814
7619
8365
376 377
5341 5342
3186 3187
2025 2027
1058 1060
3538
4813
5030
8749
1057
4279 4280
3705
1268
6784
3516 3517
1162
370
8567
2877 2878
3513
6246
505
4237
8900
1264
2988
4443
7013
1098
3923
32 33
8866 8867
6637
650 652
1289
9075 9076
9948
2784 2785
5735 5736
6751
4608
3411
1682
5250
7245
6153 6155
5276
8068 8069
8815 8816
9980 9981
8931 8932
5682 5684
7579 7580
2805 2806
2053 2054
8781
7286 7288
8429 8431
6149 6150
6927 6928
705
6890
8234
2349
4992 4995
9629
7060
8264 8265
8035
8022 8023
4359 4360
7312 7313
9239
1170 1171
5388
15 16
2948
1220 1221
152
8544
6016
3509
8171
4595
3980 3982
3853
9253 9256
9748
5496 5497
6936 6937
7397 7399
7280 7281
7544
4324 4327
7510
1474
7967
9880 9882
6031 6034
2321
4071 4072
3838 3839
4506 4507
4379
555
1567 1568
1725
4680 4681
2532
1869
9520
1439
6206 6211
4366 4368
1521
1628
4855 4856
948
6689
1651
192 193
3179
1243
1732 1733
9215
996
6782
7833 7835
3294 3296
821
2582
4068
1332
5001
4637
3384
1478
3006 3007
6798 6799
2867 2868
989
4805
6266 6267
2575
8609
3686
8886 8887
1961 1962
3935 3940
9563 9566
9786 9788
2273
8367 8368
168
6796 6797
5465
9131
2506 2507
451
8872 8873
1005
3189
7898
9481
1904
4412
9211
6182 6183
2510
596
1012 1013
2338 2340
3755
479 480
9575
6906 6907
8455 8457
627 629
1796
1999 2000
1182
5343 5344
662 663
4665
1762
1823 1824
7347 7348
22
1323
5929 5930
8284 8286
6393 6395
6692
5158
7152 7153
3197
3518 3519
839 840
2409
8427
3925
2493
3216 3217
7424
4874
356 357
8533
7620 7621
49 50
9007 9008
8280 8281
8226 8228
7574 7576
6329
7638
2380 2381
7762
4344
7118
4258 4259
3214
9875
1635
1135 1136
4290
348
9538
2216
3020
4863
4848
2600
5034
8225
7695
7331
5977
1820 1821
3056
4
3992 3993
2066
2978
8005
2997 2998
4070
751
2762
4582
75
5046
8095 8096
8806
2157
4701 4702
5411
4440
7689 7691
9395
2169
1929
4976
1706
4993
3855 3857
9655
6579
4297 4299
648 649
1174
9233 9234
3363 3364
2673 2674
1256
3546 3547
556
6724
9270
4414 4415
6727
6598
8149
7788 7791
8976 8977
9623
4841
8445
1666 1667
8275
4103
1879
7745
1495
8513
4526
1087 1088
5325
3042
5176
3551 3555
5185
682
4107 4108
89
23
8726 8727
9434 9435
752 753
4083 4084
8244 8246
736 737
9858 9859
8449 8450
2783
5488
6354
7269
3506 3510
8974
2265 2266
455
450 452
5906
6045
1640
5012
2508
1246
3967
1030
797
126
3462
1365
2171 2175
715
412
4352
2577
927 928
232 233
1779
6551 6552
6951 6952
1837
473
7812
7100
4629
1954 1956
4146
3233
1412
2317 2318
4891
769
3348 3349
8556
1539 1540
9938
1991 1992
4104 4106
351 353
106 107
4179
3571
5798
1039
2364 2365
2007
5164
5776 5777
3701
6261 6262
8761
2026
3958 3959
5888
6749 6752
6965
7804 7806
5808
7029
3318
4821
2780 2782
338 339
9376
9330 9332
2763
1369 1370
6690 6691
3622
9195 9197
248
301 303
6303 6304
6311
7308 7309
4534 4535
6916 6917
2355
3270
9155 9158
2848
5758
1884 1885
1119 1120
2986
9628
9417 9420
7905 7906
8840 8841
178
9165 9166
2017
1690
1514 1517
9469
304
2300
6427 6428
5702 5703
6635 6636
4165 4168
6487
6069 6071
4147
6306
5235
7781 7782
5452 5455
9309
7517
4872
9157
8520
9660
2502
4401
273
7111 7112
3946 3947
8166
5159 5160
9284
766
2611
3527
7593 7594
6521 6522
1128 1130
7015
9245 9247
6722 6725
3953
4584 4585
9682 9685
4156 4157
1274
5133 5134
194 195
9133
8011
136 137
1048 1050
8456
1496
9163 9164
4470 4471
9356 9357
9939 9942
9087 9090
6721
7163 7164
1464 1465
9461 9465
6981
8964
3672
7098
2178 2179
2626 2628
6665 6666
432 433
6137
4836 4837
9073 9074
4538 4540
7684 7685
3727 3728
9957 9958
2512
7020 7021
8896 8897
7017 7019
3064 3065
332 333
8169
4037 4039
4660 4661
2242 2244
7224
7507 7508
2862
3938
5315 5316
4706
3821 3823
7711 7713
891 892
7889 7890
2477
8554
1553 1556
9045
8650 8653
3403 3406
6976 6978
503
9645 9646
8975
6925 6926
794 798
2926
6921 6922
7496
3989
9607
7365
7123 7125
5230
3119 3120
4231 4232
5974
2004
91 92
1089 1091
4465
229
583
7666
1344 1345
2130 2132
6123 6124
9399
1019 1020
1524
8644 8645
5124
5337 5338
2688
8164 8167
6846
3594
1515
5951 5953
7011 7012
9830
6780
5948 5949
3184 3185
6873
2259 2260
9027 9028
916
8376
896
3483
7390
4508
8892
8812
3087
5652 5655
6154
3624 3625
4196
862
2039
8087 8089
1650
2248
612
2596
9217
887 888
527
1805 1806
3424
5865
6737
3249 3251
2041
2448
3856
4779 4780
3077 3078
2821
3336
8848
6244
3144 3145
2695 2696
7655
8247 8249
8654 8656
3591 3593
6514 6516
2965
9909
5428 5429
3867 3868
9619
5996 5997
1200
1431 1432
8099 8100
2190
7741 7742
1644 1645
1388
2966
3895 3896
9583 9584
889 890
4730 4731
3071 3072
4109 4111
5584
2319
2287 2288
3102
7539 7542
2282 2283
5841 5842
4567 4569
1436 1437
2161
5863
9464
3657
4066
9029
5037
2196
1565
2070
4573 4575
1967 1969
7634 7636
5911 5912
6547 6548
5918 5919
9017 9018
5605 5606
9446 9447
372 373
5440
6754 6755
5258 5259
4448 4449
8298 8299
8251 8252
7887
5688
6297
4574
6332
3085 3086
1360
8671
1679 1680
6777
2654
8821
7760
7324 7325
1401 1403
1834 1836
763 764
305
4110
9056
5629
7179 7181
6064 6066
216
9934 9937
1117
1362 1363
3181 3182
8088
2209
9743 9744
9920 9921
5765
419 420
4150 4151
5665
5811
2410 2411
6655
7066
9555
8694 8695
8411
1066 1067
8646
9044
2395
7023
3954
2705
9602 9604
7377
6729 6730
9620
5916
6289 6290
5432 5433
5737
9842
4775 4776
915 917
8764
9150 9151
8581 8584
354 355
4512 4513
3784 3785
2235 2237
7263
6968 6971
6728
9739 9740
8522 8523
6424
6264
5981 5982
8665 8666
2643 2644
8715 8716
5376 5377
676
7541
5267 5269
1948 1949
8003
5936
8784 8785
2770 2771
6883
2697 2698
4994
4004
6612
8278 8279
9707 9708
2589 2590
3800 3801
6618 6619
2757 2758
7345 7346
9535
8835
8603 8604
9967
9855 9856
9647 9648
526 528
5715 5716
6397
116 117
8638 8639
2427
4375
6357
7966 7969
7783
9976 9978
8717
9552
9416
5979 5980
6940 6941
1423 1424
9266 9268
2075
5694
8959
2989 2990
7290
1254
3278 3279
9479 9482
5364
5236 5237
9254
6857
9448 9449
2008
6322 6323
5297 5298
7953
4014
8477
3378
9129 9134
8559
5696 5697
2856 2859
5468
9222 9223
9770 9771
7799 7801
8705 8706
6570 6571
3712
9787
8293 8295
2051
9857
4218 4219
8630
1248 1250
4009
8328
2456 2457
1142
282
1863 1864
6113
460 461
5573 5574
8570 8571
681
5876 5879
3025 3026
4041
9570
4743 4744
7036 7037
4613
2059
72 74
4824
695 697
7425 7427
8397 8400
1979 1982
5435 5437
5749
5119
6048
2141
954
7105
1839
5479
8380
2214
3796 3797
2837 2838
3601
9118
8020
2492
5123 5125
8399
9404
775
285
1942
9913
3426
825
4847
1453
8106
4674
1169
2556 2557
7374 7376
7885
6371 6372
8412 8416
5417
5837
181
1728 1729
6463
6793 6794
6109 6110
2460 2461
7467 7468
5292 5293
4339 4340
7239 7241
4947 4949
8213
2842 2844
9773
9260 9262
6894 6896
7294
8754 8757
8592 8594
683
2667 2668
9831 9833
9242
5902 5903
6006
6102
6703
7494
7391 7392
291 292
6347 6348
2890
1585
94 95
672
762
1112
1324 1326
7369
9066 9067
9494 9496
3873 3876
8803 8805
9451
5339 5340
8250
1373
5519 5522
9701
6046 6047
9690 9691
7557
6207
7473
722
4125 4128
9877 9879
9663
9990
2511
5607
569
8419
8294
4996 4997
2835 2836
9561
6553
8888 8889
2297 2299
9368 9370
6283
7724
1672
8041 8042
1968
3919
497 499
7851 7853
4555 4559
1443 1444
8079
5466
5146
3922
7886
8508
5093 5094
17 18
3366
6312
5585
1106
8369
8683 8684
1675
2976
44
1600
521
5072
3223
4116 4117
831 832
3287 3288
3667
7086 7087
5469 5470
9422
2450
4141 4142
4059 4060
8643
4719 4720
7139 7141
6089
8223
9749
5492 5493
8116 8119
8219 8220
4428
7632
6012
3689 3690
1704
8222
486
2333 2334
5988
7755 7756
3637 3638
1676
5264 5265
8972
4556
8374 8375
1980
3255
2567
9987
9527
2791
8942 8945
2467 2469
997 998
9359 9360
1874
7485 7486
9971 9972
4255
986
3323 3324
4085 4087
5722
9997 9998
2252
4910
8980 8981
7945
5831
1581
7561
4515
5900
5634
5786
3019 3022
9321
8632
1508 1510
6510
2431
9713 9714
6886 6889
795
5600
714
2063
4991
3143
1252
803
3365
4416 4417
1187
1389
7786
7439
9070 9072
2158
4171
54
9122
1051
4650
4946
1601 1602
8027
8272
5791 5792
7117
9117
3845 3846
3202
9192 9193
1559
3988 3990
3716 3717
6216
5174 5175
6040
4101
6997
5870 5871
7483 7484
3674
1207
582 584
2779
531
9703 9705
1172 1176
1449 1451
4093 4094
7208
7575
5048
9823
4554
6435
7805
7780
8313 8314
7897
1623 1624
6265
7559
6957 6958
9970
9560 9562
8748 8753
5556
5721
1551
9480
6627
9107 9110
8423 8424
5192
8922 8923
7225
7411 7412
6254 6255
1893 1894
611 614
7420 7423
6825
7437 7438
2958
8820
3761
4851
8050 8051
4745 4748
9599 9601
3427
6540 6541
5913 5915
7045
6239 6240
3453
5086
7026
8529 8532
8762
3170
7895 7899
2463
7247
8829
427 429
7041
3695
972 973
8804
3298 3299
9916
39
21
2907
9792 9793
3921
2276 2277
8143
5087
8019 8021
430
6866
3401
7607 7608
1923
9618 9621
330
4936 4938
4298
6475
9377
7947
9305
9369
1076 1079
5868
3556 3557
9124 9125
5345 5346
1434
8937
3031
950
1125
6538
802
9897
5102
1932
6813
9706
7597
132 133
8207
7670 7672
1277
3941 3942
9995
9641
268
8733
9522 9523
2943 2944
4491
1719
7512
9738
6065
1776
3335 3337
6167
5799 5800
4965
5028 5031
2180
8548
8045 8046
7907
5126 5128
5088
4887
8986
8698
1290
9600
9768 9769
7209 7210
9906
9517 9518
6193
9917
8147
2894 2895
3866
3469
3659
5150
3074
8642
5245
7022 7024
7902
6120
3058
144 146
7698
114
3514
428
134
9598
5578
9852
7795
3909 3910
199
4244 4245
3903 3904
6084
4694 4697
2182 2183
8502
1293
9003 9004
2773 2774
8323
6390
9524
239 240
7409 7410
1242
2218
4204
4126
6483
4400
189
7827
1199 1203
913
440 441
2481
4478
3360 3361
8707 8708
2199
7407
5704 5705
4166
9725
8687
9936
6583 6584
7734
9034 9035
9243 9244
9828
7998
5336
9495
7222 7227
8794 8798
9539
7678
3808
8934 8935
542 543
2207
7929
8257
5077
1873 1875
9490 9491
8221
8260
1454
3171 3172
7314 7315
4127
6440 6441
4781 4782
9993 9994
7463 7464
6795
8258 8259
7852
3611 3612
1262 1263
4594
8386
7988
8750
8160
3906
9881
5054
7976
9625
4065 4069
2232
3985
860 861
9704
3302
1486 1487
9348
7161 7162
8782
8562 8563
8300
3173 3175
8911
5698 5699
3623
3488 3489
1588 1589
3034
4937
8730
6758
5127
55
7336
1426 1428
2754
6963
1337 1339
8121
7729
5114 5115
4622 4624
226
4172
1757
9097
9772 9774
2347
3794
155
5099
6753
3240
5095
5045 5047
8680
5610
8485
4807
4409
394
3052
4091
1773
4541
346
1463
3837
8799 8800
1133 1134
3238
7492 7495
6163 6164
4796
8648
5420 5421
6545
7398
4355
9636
1636 1637
6292
5483 5485
2350
7999
6049 6052
2625
4817
249
7144 7145
3136
9358
7299
3498
5052
3183
5121 5122
6508
8468
5309
7072 7075
5537
8240
1004
7065
8982
9893
5880 5881
6029 6030
9863
1198
6688
1536
1603 1604
9291
8094
2470 2471
6711
7686 7688
9717 9718
8013 8014
8503 8505
4312
1615 1616
9943 9944
4226
9712
6426
7177 7178
601
8984 8985
2226
1116 1118
2112
7718
1188
279
1410
6654
3750 3751
1659
8527
2494
4886
8034
636
1522
4509
578
6561
322 323
3608
733
8850 8851
2786
2863
1218 1219
1297
1201
3475
4826
2795 2796
7515 7518
8114
6398
8396
6400
7184
1026
8996 8998
8789
7025
5524
6506 6507
593
1244
258
5892
9
1549
3847
4378
1777
4683
7719 7720
145
4928
8968
6414
573 576
4238
7921
298
3416
3140
1973
625
4406
3803
2658 2659
5422 5423
3493 3495
7505 7506
5759
5383
2534 2535
572
5509
9058
5274
9988
3107 3108
9418
6642
1930 1935
4611
3545
9046
4977
4267
9736 9737
7272
7265
3106
7650 7651
7848 7849
5993
9414 9415
4516
7375
3158
9627 9630
1440
7750
7800
2886
9696
9656
7910 7911
1972
6726
8285
5567
6947
729
7609
9803
2213
8621 8623
4875 4876
5647 5649
1686
519 520
8430
7564
5931
6698 6701
2236
992
457
7615
469
568
302
1372
2430 2433
2858
7641
6567
6908 6909
224 225
6763
3655
6044
2389
9452 9453
4402 4403
7937 7938
8760
9639
6760
1206
4722
3680
4153
4463 4464
2400
3359
3009
1899
589
1446
462
2095
1240
4288
8899
9905
8756
2799 2800
9642 9643
1941 1943
947
3373
404
801
2071 2073
3356
5801
4306
2121 2122
3554
1049
3618
1765 1766
8703
6421
8702
6436
386
278
2676
2880
8356
4955
3749
6708 6710
7246
271
9975
5334 5335
7077
500
3696
8321
9959 9962
3913 3914
3248
8132
3438 3440
530
643 645
8318
6181
6616 6617
9049 9050
6585 6586
3243 3244
9847 9849
2069
1003 1006
5005
9224 9225
1149
4045
2298
884
6712
3754 3756
6419
4814 4815
5670
251
5171
4023
5784 5785
4501
4423 4424
7660
7219
53
9177
2118
4180
2496
371
809
8894
7928
9558
8598
2665 2666
9504
8378
3927
8483 8486
7297
7726
6330
7516
8856 8859
1547
3380
6975
9267
2438
8796
8111
9525
5062 5063
9838 9841
2210
9205
1959 1960
3322
3205
9140
2498 2499
1848 1849
5402
8338
124
3341
2339
2526 2527
2583 2584
9503
2887
4819 4820
768 770
5308
3964
8009
9654
5840
474 475
4330 4331
9389
3113
8655
2505
9731 9734
9876
9032 9033
776 777
4884 4885
621
7244
8458
8118
7448
4080
7204 7205
6217
8579
7916 7917
7400
3063
6526
3290
4275
3273
1475 1476
408 410
2335 2337
3743
6233 6234
8331 8332
3745
4293 4294
8061
4194
7822
7918 7920
6557
8607
6524
9204
5139
9400
4281 4282
9616 9617
7624
9325
2513
4308
7052
1343
5286
6116
6641
5320
6430
7240
774
4521
7220 7221
6438
6308
8065
6943
1855 1856
2401 2402
5111
8561
8880
3468 3471
760 761
7405
9977
8558
3983
6855
1113
6493
1934
8140
8170
5683
933
4900
9040
5877
8269
5104
9961
1790
8109 8110
8038
9766 9767
9320
9432 9433
7826
8190
9956
8808 8809
1518 1520
9896
5091
9671
7690
8511
8072 8073
7108
604
7358 7359
4623
8517
9827 9829
2215 2217
8883
8837
8395
5990 5991
3317
3258
1186 1189
5960
6770
9662 9664
1072
7253
6476
7764 7765
5445 5446
5656
9658
2570
2540
6497
2885
1279
6783
2702
6530
7413
8205
1084
4019
4518 4519
5944
6808
3898 3899
3103 3105
3908
5770
3566 3567
3615
1097
1166
8947
2022
1657
1810
5952
7631 7633
405
961
2289
2585
6973
7109
3053
2509
2043
2174
790
7771
7049
2382
3228
6195
4657
5280
1383
2144
5279
9279
2680
6648 6649
8861
1843
566
1090
1397
2370
7667
5366
1608
8428
4326
4498
3561
2331
575
982
9238
8901 8902
7943
6910
6210
8542 8543
2135
1835
3272
4829
5303
6339
8347
8590 8591
8860
5771
9686
7128 7129
8855
5118 5120
4431
446
1147
1418 1419
4714 4716
2517 2519
9887
7716 7717
5268
9103 9104
5083
6444 6445
6351
4132
7601 7603
4957
7102
4705
7560
5029
8576
5262
6151 6152
4544
3250
119
7749
9996
2712
6179
9089
1533
9147
3110
6334
3741
4524
979
6809
3396 3397
9313
1813 1814
1988 1990
9380 9381
5848
4763
9922
700
6170
1190
7722
3613
7586
3313
8053
8530
3841
5750
3669 3670
5177 5179
3037
3199
3789
2330
6364
5713
6259 6260
7694
6242 6245
2962 2963
3877
5448
5754
3890
4043 4046
1671 1673
5548
4523 4525
2407
4438
5476
6759
6891
8933
7868
4206
8939
9065
9152 9153
6196
1817
1462
1870
7440 7441
1309
2482 2483
6861
6658
8165
7664
5681
9760
8852
2084
7705
9060 9063
5480 5481
8055
8216 8217
4602
9374 9379
3502
4164
1977
2824 2826
3929
5764
9867
4461 4462
4808 4809
5404
6862
5221
4273
5866
3668
7103
5521
4242
5586
4214 4215
4933
8755
9396
2660
7870
7883
4205
5210
8224
9167
5494 5495
5004
4195
1877
7223
491 492
1865 1866
6373
7094
1239
6461
3231
6693
9443
35
9341 9343
2520 2521
6251
7867
2882
5326 5327
4047 4048
6597 6599
8910 8912
1202
9423
9198
2047
9257 9258
5106
4626 4628
1267
8306
8238
1070
7283
6696
8401 8402
8987 8988
8858
7978
7212
4615
1358 1359
8447
4767 4770
6895
6805 6806
8104
9121
6129 6132
8944
653
3028
897
3679
4029 4030
8248
2631
3485
9108
4568
6491
6565 6568
4842
4382
6830
4878
3508
9176 9178
8963 8965
5355
69
344
456
1745
4191
8060 8062
5379
5266
5559
7629
9248
5069 5070
7278
5042 5043
3955
8000 8001
6542 6544
7189
1024 1025
1137
7939
3156 3157
5000
2397
7303 7305
466
9289
4560
8499
6546
2647
1737
7173
962
1078
1045
93
8302 8304
3936
9282
1405
2170
8728
3402
1892
3665
1701 1702
886
2078
63
1282
817
5835 5836
7084
8844
7859
7693
172 173
856
422
8681
2627
447
1880
3795
912
2801
6489 6494
2724
2642
3731
4759
2802
6263
2137
6394
209
909
1619
8174
6713
5173
5940
368 369
210
1450
5374
6574 6575
1587
4925
5013
4251
5227
8787
1940
4268
6838
286
4139
5140
7372
4772
5434
7776
2089
7174
9472 9473
7056
746
9536 9537
9597
2105 2106
8600
2772
2131
9808
9801 9802
7747 7748
3473
9711
8086
5723 5724
4536 4537
8914
5510
4655
5797
2038 2040
4601 4603
6429 6431
2522
110
9594 9595
8392
4871 4873
3900 3902
3820
1812
628
4421
2518
1022
1555
4717
2853
186
3981
6723
3771
4485
8288
4617
6501
4627
586
5779
5612
6365 6368
870
293
3068
2814 2815
9079
7095
6156
5678
7985
4078
5486
6748
4301
6169
8273
3812
2701
2361
6650
9175
270
719
5700
100
977
7732
143
2639
118
4243
1713
877
8672
2984
1425
1307
347
2485
1390
1145
1338
1414
2744
1325
1238
3656
834
7461
3763
727
4710
4362
6683
1229
8699
5401
245
4558
3441
396
2945
2115
1794
4677
7385
6888
4769
5667
7737
4695
603
3147
392
2425
6532
1771
4307
1822
863
6253
9342
4590
8058
836
438
212
4374
3016
202
2812
1056
2592
5654
6032
6700
2486
361
634
9228
8583
9425
1981
5921
409
7794
160
435
7568
6879
1681
3210
3533
3035
9210
7042
7186
318
365
468
1386
3529
6750
7735
9351
2591
1027
7556
3431
1077
7027
8245
51
7808
1043
1400
5679
7069
8617
1387
7540
6656
6350
6374
2985
5113
5819
2162
8995
2110
745
3991
7746
8075
5331
4700
3901
381
4953
5627
8849
5141
6018
9526
7790
3292
651
3470
7865
7456
9915
5390
6416
56
3100
8002
191
5587
882
8501
231
9187
9213
1900
2843
7445
4246
796
966
8652
3354
5802
1664
3786
2274
6944
6075
2205
2172
7723
598
932
9168
4746
7476
7142
4170
4712
7133
122
6543
7942
498
5753
9411
930
5472
5484
2691
2569
876
9136
3297
2972
3209 3211
5669
8443
7970
9610 9612
7525 7526
2730 2731
6241
8504
5436
138 139
2478 2480
7432 7433
7471 7472
591 594
5275 5278
2368
7784
5203
8067
5531
4571
9285
1562
1996
4310
799
3700
2743
6051
4481
4859
5419
5447 5449
7005
4158
8451
4690 4691
691 692
7635
9776
8915
8817
4514 4517
8341
7063 7064
5859 5860
5471
8714
4067
4749
5671 5672
2974
7573
6384
9334 9337
3879
9295
8786 8788
7592
8333 8334
6363
4319 4321
8506 8509
7585
6986 6987
8515
7124
4565 4566
7637 7639
9403
9588
5603
5332
3083
7106
9085 9086
6920
7522
1695
7758 7759
3405
9156
2371
7338
1409
7256
9458
9010
7919
8908 8909
9894
6208
4811 4812
8242 8243
8586
9544
5357
6218
6318
7421
9626
2351
7873
7414 7416
2710 2711
230
8146
7258
2050
6699
1445
7946
5565
9159 9160
9501 9502
8308
3339
4000
9963 9964
8651
2378
5854
2243
4653
9386 9387
2709
9569
1398
3021
9806
8168
6945 6948
9843 9844
6226
1938
1303
6670
1534
43
176
9907
8573
6014
8871
9592
5170 5172
3478 3480
5851
4341 4342
9064
767
6147 6148
1391
2046
2733
1180
1714
4648
2405
208
9878
2530
6632
9347
9587 9589
3848
6556
3398
8777
7834
4088
2946
3260
1281 1285
1531
4857
3334
9041
4854
7681
9251 9252
4102
4051 4052
7140
9293
343
5041
8336
6276
5813
1251
4787
5461
5706
320 321
3494
1146
2418
6315
7388 7389
1141
8406
5117
1448
3987
2742
9378
8152
6104
553
7055
8832
1807 1808
2677
2001 2005
2536
2432
1158 1159
5079 5081
2167
104 105
8006
5089
3698
5780
5002
9042 9048
940
1643
2981
644
8593
61 62
5965
8657
470
4838
6490
878
9729
8461
7605
9732
4548 4549
7234
4734
8076 8077
7563
1197
9438
9756
7683
7552
9795
9220
2706
2716
6197
677 678
8287 8289
4606
3266
3282
6569
3439
9196
7925
5810
3770
6881
658
6955
2961
2933
2672
5583
3192
2956
3046
5277
5675
592
8701
4530
8924
5018
7328
6719
1910
6821
7503
9649
8960
4607
5333
7004
8810
1774 1775
6054
1994
3224
6058
112
6162
3948
6564
2964
4696
9127
905
3449
5592
3245
6887
4316
1937
213
8340
7213
165
2102
6709
2286
3005
9427
9557
284
3944
1607
8188
2
167
9470
1473
3530
1161
9130
4250
421
3257
7680
1086
793
5458
6536
8891
7321
2468
431
1411
9813
2896
3377
6343
7990
1614
5986
261
2544
2044
6180
1668
5330
8113
5689
7766
3883
2052
3430
3338 3340
669
3875
9255
9791
2704
4789 4790
7644
9720
2359
4736
82
9047
1442
9840
6720
1842
6268 6269
3719
3342 3343
3391
2816
3851
4367
5744
9680 9681
8196
4735
7107
7958
324
4432
5240
5205
6342
5571
6582
7598
341
5972 5975
3511 3515
4640 4642
9747 9751
5543
3626 3627
9986
1802
5082 5085
3293
1183
7143
6452
9923
9782
6187
7366 7367
8290
1184
135
8952
8357
4494
7640 7642
8262
5707
7658
8564
6356 6358
5899
8619 8620
142
217
8918
8235
9825
2064
7334
9862 9865
3934
7229 7230
4921
9296
9960
7035
1912
7736
8997
9329
6209
7426
7304
328
3328 3329
5398 5399
3075
2980 2982
8521
6904
4718
4482
2045
2295
991 993
2825
8536
2082
3393
2813
8030
9261
2607
6086
6804
8983
9947 9949
7216
7674
5222
8857
2902
3996
9240
8595
5927
6212
7197
8807
5304
4413
9567
6070
2604
108
9824 9826
7318
2852
3135 3137
7001
2957
9532
9910
8487
6566
6108
6186
8585 8587
7310
3874
7121 7122
2143 2145
785
5234
1965
4262
7968
5132
6451
3840
3466
1753
4711
7773
5035
2014
3404
2645
2385
1627
2491
5200
7050
4581
8187
1413
2336
2490
2745
6249
5257
2831
3531
4353
6305
6734
7489
9902
8769
9565
6807
7268
3520 3521
5051
2564
9203 9206
4118
9888
5752 5755
5609
9874
7488
4547
5107
9728
4451
5296
8676
9338
3054
3780
8241
6243
6256
3550
8797
2408
2630
7450
5477
3653
6333
4149
2240
2313
8403
6844
873
5730
6946
7202
9940
2002
4643
2267
4810
9564
6178
6139
5970
6298 6299
6867
6769
3977
9043
7301
5635
3580
6942
3640
6850
3362
7073
8465
654
3541
6707
4797
6160
5558
2206
8834
8197
6055
7709 7710
5153
7071
9062
5873
1430
6378
6822
253 254
8928 8930
1891
2320
2573
4015
8177
1853
7419
7156
4879
7039
6001
8751
4599 4600
8622
6173
4399
4469
9904
9025
8414
8710
1558
7323
8452
5591 5593
6081
9574
4467
7119
8778
7383
2739 2740
4190
4761
4899
6623
1523
2992
7973
8201
5462
8616 8618
8946
2615
6640 6643
5372 5375
9319 9322
6651
7933
8297
8303
7113
3807
8074
5564
5983
4450
6668
3455
5361 5362
9613
9394
4333 4334
5229 5231
684 685
7007
3066
2109
7856
4395
8709
899 901
8926
8422
3629
9695
8670
9912
9683
6495
9362
6515
7532
9020
9303
2741
8970
9477
6434
4038
5874
9979
7839 7840
5790
9331
9246
1284
7287
6826
9278 9280
7663
7789
7300
6589 6590
8090
5872 5875
6205
4791
6140
7193
8446
3602
9832
7504
9132
8500
6202
7894
8415
5908
5516
6203
1342
808
8907
5829
8120
7531
8885
5869
5788
8117
5067
8398
9183
7596
6423 6425
8636
4892
9430
3572
6827
8961
6956
6878 6882
4869 4870
8929
8195
6185
3165
9095
7813
9493
8842
9611
1493
77
2061
1226
1275
904
8713
101
819
800
20
702
5464
7891
970
131
978
822
1331
687
2326
8127
4044
48
567
1179
726
2080
2735
2807
1622
1157
773
883
1353
5910
900
1283
875
559
2003
1468
7589
1491
1402
1989
2191
2524
2412
2820
3295
1933
1447
2436
2140
2150
4528
2472
2671
2453
2487
2920
3125
3326
3563
2866
3193
3351
3450
3540
2841
2939
3730
4529
4496
828
3643
3769
4233
3552
2429
4630
5917
3932
3648
3979
4647
2949
3691
4086
3828
3939
4089
5387
4889
5178
4505
4747
4982
5568
5532
5602
3926
4579
6562
6614
4458
5060
5204
7137
5820
4325
4768
8943
6766
5614
5914
4980
5563
6126
6130
6222
7356
4672
4729
6781
5850
5934
5894
6131
6288
7302
5589
6200
6367
6959
7030
6399
7600
7083
7068
7034
7772
7295
7677
7455
7687
8361
8531
7896
8015
8091
7774
8231
7226
7850
7878
7279
8183
7228
6812
7775
7986
8956
9184
7524
8795
9336
8830
9199
8667
9572
8634
8719
7180
8552
8776
9335
9346
9733
9659
7778
9908
9478
9784
9839
3174
9579
5317
7360
6437 6439
2383
1754
8724
9735
9109
7546
9596
8890
8142
9412
5233
5542
6969
9687
9333
9684
6634
9036
9450
8186
9154
7654
6366
8729
9083
7032 7033
7994
9674
8875
6486 6488
7190
9935
8227
8229
9393 9397
7847
9644
9202
9194
8969
9281
1041
8301
8813
9259
9603
8460
9344
8255
9675
8833
3152
9462
9112
7002 7003
3201
5512
7436
6994
9345
3190
6603
8869
7285
6644
7673 7676
7863
9781
5453
8822
8296
9549
9078
9475
9591
6492
8036
9315
