750
0 2
996 999
879 881
857 858
964
605
993 995
740 744
982 984
134 137
937 940
894 897
501 503
584
684 685
102 104
337 338
436
973 974
697 698
609 612
765 769
610
291 295
889
285 288
474 475
861 862
710 711
226 227
695 696
198 199
470 471
464 465
902 903
572 573
866 868
860
956 957
403 405
49 51
816 817
662 664
607 608
837 838
929 930
840 841
114 115
808 810
990 991
992
668 670
912 915
846 847
939
797 798
759 760
620 622
947 949
339 341
753 758
153 155
343 344
466 469
818 824
483
510 511
422 424
660 661
459 461
924
762 763
745
451
770 773
945 946
615 617
54 55
986
825 828
774 781
962
802
985 988
998
997
289 290
496 498
916 918
994
490 492
407 408
735 737
977 979
161 162
958 960
961 965
887
813 814
936
481 482
788 789
904 909
46 47
675 676
243 244
553 558
562 563
756
423
805 806
259 262
390 392
832 833
91 93
401 402
313
899
583 585
494 495
923
932 934
969
618 619
512 513
452 454
726 731
368 371
718
599 600
202
980 981
180 182
834 835
273 280
415 417
457
96 97
785
898 901
950
908
712
845
623
502
830
594
919 920
975
84 85
588
345 350
657 659
878
852
480
951
742
533
871 872
720 721
811
168 169
40 44
893
884 885
891 892
821
921
809
637 643
880
967 968
853 856
850
800 801
716 717
200 204
987
873 876
455 458
233
545 547
870
663
907
725
472
86 88
952 953
681 683
375 376
701 703
732
749 750
900
972
329
581 582
20 26
275
654
865
669
963
779
714 715
688
434 437
166
942
793 794
386 388
324 327
116 117
812
777
413 414
484 487
223 224
87
941 943
655
954
922
729
746
913
882 883
156 157
537 542
863
382 383
855
579 580
231 234
384 385
719
440
926
754
601 603
523 524
673 674
140
99 101
550
733
364
743
648
702
888
706
896
638
325
644
309
536
147 150
935
751 752
795 796
543 544
629
626
64 65
730
736
517 518
554
938
479
761
927 928
651 653
910 911
799
557
509
665 666
707
462
409 410
359 363
131 133
564 566
722
978
971
616
755
444 445
463
905
705 709
614
176
80 82
771
560
576
229
256 257
66 67
627
723
499
532
877
260
767
867
520
983
645
652
5
105 108
775
22
555
944
895
787
330 331
394 395
421
238 242
803
886
708
214 215
875
310 318
624 625
539
589 590
628 630
428 432
398 399
680
778
361
635 636
738
844
823
460
874
917
247
255
970
575
38
183 185
551
493
890
966
843
851
438 443
631 632
820
109
699 700
859
393
568 571
497
263 264
642
976
815
353 355
869
514
222
836
297 304
933
356
334
586 587
302
559
831
686 689
672
906
500
647
561
272
321 322
597
864
827
300
595 598
372 373
606
13
567
596
485
171 172
352
27 30
450
81
931
249 250
728
925
211
287
113
604
713
306 307
196
677
144 146
252 253
435
335 336
281
228
467
194
179
191 195
704
279
178
839
94 95
486
792
602
25
528 529
822
519
235
848
381
10 12
163 165
367
266 269
411
148
245
210
508
574
807
782 783
658
955
219
741
611
348
439
103
286
78
442
842
790
690
488
301
914
959
826
100
74
849
15 18
747
678
241
570
764
546
404
370
270 271
265
516
521 522
748
526
768
145
76 79
305
727
613
138 143
387
430
507
206 207
854
694
71 72
667
691
389
649
734
123 124
530
772
692
267
776
671
328
819
679
724
201
577 578
159
989
556
591
791
158 160
468
216
476 478
126 128
236 237
412
757
129 130
548 552
693
656
621
316
311
447 449
197
60
9
118 119
203
21
784
766
646
549
540
739
36 37
254
277
650
786
565
525 527
299
804
829
314
90
682
633 634
296
68 69
541
184
569
534 535
188 190
425
504
491
351
365 366
358
35
641
489
323
347
98
446
406
6 8
77
473
360
441
418 419
374
377
592
346
173 175
312
357
317
232
593
400
293
261
397
391
19
298
11
456
70
246 248
218 221
315
506
429
687
531
230
515
187
780
396
448
107
340
349
319
333
320
52 53
378
294
426 427
433
41
354
332
416
453
240
420
274
189
505
63
948
251
283
326
181
431
14
112
369
193
538
640
23
154
217
127
284
342
362
142
75
239
125
151 152
31 32
92
225
477
177
292
268
170
639
136
208
167
4
209
379
303
282
149
59 61
122
141
50
120
28
1
192
34
39
135
73
16
213
62
3
164
48
110
139
111
258
380
308
278
57 58
276
186
7
174
212
89
29
220
121
205
132
106
43
83
45
56
42
33
24
17
