3689
0 0 5 1 
0 2 5 3 
0 4 5 5 
0 6 5 7 
0 9 5 10 
0 11 5 12 
0 13 5 14 
0 15 5 16 
0 17 5 18 
0 19 5 20 
0 21 5 22 
0 23 5 24 
0 25 5 26 
0 27 5 28 
0 29 5 30 
0 31 5 32 
0 33 5 35 
0 36 5 37 
0 38 5 39 
0 40 5 41 
0 42 5 43 
0 44 5 45 
0 46 5 47 
0 48 5 49 
0 50 5 51 
0 54 5 55 
0 56 5 57 
0 58 5 60 
0 61 5 62 
0 63 5 64 
0 65 5 66 
0 67 5 69 
0 70 5 71 
0 72 5 73 
0 74 5 75 
0 76 5 77 
0 78 5 79 
0 80 5 82 
0 83 5 84 
0 86 5 87 
0 89 5 90 
0 91 5 92 
0 93 5 94 
0 96 5 97 
0 98 5 99 
0 100 5 101 
0 102 5 103 
0 105 5 106 
0 107 5 109 
0 110 5 112 
0 113 5 114 
0 115 5 117 
0 118 5 119 
0 120 5 121 
0 122 5 124 
0 125 5 126 
0 127 5 128 
0 129 5 130 
0 131 5 132 
0 133 5 134 
0 137 5 138 
0 139 5 140 
0 141 5 142 
0 143 5 144 
0 145 5 146 
0 147 5 148 
0 150 5 152 
0 153 5 155 
0 156 5 157 
0 158 5 159 
0 160 5 161 
0 162 5 164 
0 165 5 166 
0 167 5 168 
0 169 5 170 
0 171 5 172 
0 173 5 174 
0 175 5 176 
0 177 5 178 
0 179 5 180 
0 181 5 182 
0 183 5 184 
0 185 5 186 
0 187 5 188 
0 189 5 190 
0 191 5 192 
0 193 5 195 
0 197 5 198 
0 201 5 202 
0 203 5 204 
0 205 5 206 
0 207 5 208 
0 209 5 210 
0 212 5 213 
0 214 5 215 
0 216 5 217 
0 218 5 219 
0 220 5 221 
0 222 5 223 
0 224 5 225 
0 227 5 228 
0 229 5 230 
0 231 5 232 
0 233 5 234 
0 235 5 236 
0 237 5 238 
0 239 5 240 
0 241 5 242 
0 243 5 244 
0 245 5 246 
0 247 5 248 
6 0 11 1 
6 2 11 3 
6 4 11 6 
6 7 11 8 
6 9 11 10 
6 11 11 12 
6 13 11 14 
6 15 11 16 
6 17 11 18 
6 19 11 20 
6 21 11 22 
6 23 11 25 
6 26 11 27 
6 28 11 29 
6 30 11 31 
6 32 11 33 
6 34 11 36 
6 38 11 40 
6 41 11 42 
6 43 11 44 
6 45 11 46 
6 47 11 49 
6 50 11 51 
6 52 11 53 
6 54 11 55 
6 56 11 57 
6 58 11 59 
6 60 11 62 
6 63 11 64 
6 65 11 66 
6 67 11 68 
6 69 11 70 
6 71 11 72 
6 73 11 74 
6 75 11 76 
6 77 11 78 
6 79 11 80 
6 81 11 83 
6 84 11 85 
6 86 11 87 
6 88 11 89 
6 91 11 93 
6 94 11 96 
6 97 11 98 
6 99 11 100 
6 101 11 102 
6 103 11 104 
6 106 11 107 
6 108 11 109 
6 112 11 114 
6 115 11 116 
6 117 11 118 
6 119 11 120 
6 121 11 122 
6 123 11 124 
6 125 11 127 
6 128 11 129 
6 130 11 131 
6 132 11 133 
6 134 11 135 
6 136 11 137 
6 141 11 142 
6 143 11 144 
6 145 11 146 
6 147 11 148 
6 149 11 150 
6 151 11 152 
6 153 11 154 
6 155 11 156 
6 157 11 158 
6 160 11 161 
6 162 11 163 
6 164 11 165 
6 166 11 167 
6 168 11 169 
6 170 11 171 
6 172 11 174 
6 175 11 176 
6 177 11 178 
6 180 11 181 
6 182 11 183 
6 184 11 185 
6 186 11 187 
6 188 11 189 
6 190 11 191 
6 192 11 193 
6 194 11 195 
6 196 11 197 
6 198 11 199 
6 200 11 201 
6 202 11 203 
6 204 11 205 
6 206 11 207 
6 208 11 209 
6 210 11 211 
6 212 11 213 
6 214 11 215 
6 217 11 218 
6 219 11 220 
6 221 11 222 
6 223 11 224 
6 225 11 226 
6 227 11 228 
6 230 11 231 
6 232 11 233 
6 236 11 237 
6 238 11 239 
6 240 11 241 
6 242 11 243 
6 244 11 245 
6 246 11 247 
12 0 17 1 
12 2 17 4 
12 6 17 7 
12 8 17 9 
12 11 17 12 
12 14 17 15 
12 17 17 18 
12 19 17 20 
12 21 17 22 
12 23 17 24 
12 25 17 26 
12 27 17 28 
12 29 17 30 
12 31 17 32 
12 33 17 34 
12 35 17 36 
12 38 17 39 
12 40 17 41 
12 42 17 43 
12 44 17 46 
12 47 17 48 
12 49 17 50 
12 51 17 52 
12 53 17 54 
12 55 17 56 
12 57 17 58 
12 59 17 60 
12 61 17 62 
12 63 17 64 
12 65 17 66 
12 68 17 69 
12 71 17 72 
12 73 17 74 
12 75 17 76 
12 79 17 80 
12 81 17 82 
12 85 17 86 
12 87 17 88 
12 89 17 90 
12 91 17 92 
12 94 17 95 
12 96 17 97 
12 98 17 99 
12 100 17 101 
12 102 17 103 
12 104 17 105 
12 106 17 108 
12 109 17 110 
12 111 17 112 
12 113 17 114 
12 115 17 117 
12 118 17 119 
12 120 17 121 
12 122 17 123 
12 124 17 125 
12 126 17 127 
12 128 17 129 
12 130 17 131 
12 133 17 134 
12 135 17 136 
12 137 17 139 
12 140 17 141 
12 142 17 143 
12 145 17 146 
12 147 17 148 
12 149 17 150 
12 151 17 152 
12 153 17 155 
12 156 17 157 
12 160 17 162 
12 163 17 165 
12 166 17 167 
12 168 17 169 
12 170 17 171 
12 172 17 173 
12 174 17 175 
12 176 17 177 
12 179 17 180 
12 181 17 182 
12 184 17 185 
12 186 17 187 
12 188 17 189 
12 190 17 191 
12 192 17 193 
12 195 17 196 
12 197 17 198 
12 199 17 200 
12 201 17 202 
12 204 17 205 
12 206 17 207 
12 208 17 209 
12 210 17 211 
12 212 17 213 
12 214 17 215 
12 216 17 217 
12 220 17 221 
12 223 17 225 
12 227 17 228 
12 229 17 230 
12 231 17 232 
12 234 17 235 
12 236 17 237 
12 238 17 239 
12 241 17 242 
12 243 17 244 
12 245 17 246 
12 247 17 248 
18 0 20 3 
18 4 20 7 
18 8 20 11 
18 14 20 17 
18 18 20 21 
18 22 20 25 
18 26 20 29 
18 30 20 33 
18 34 20 37 
18 39 20 42 
18 43 20 46 
18 47 20 50 
18 51 20 53 
18 55 20 58 
18 59 20 62 
18 63 20 66 
18 67 20 70 
18 73 20 76 
18 77 20 80 
18 81 20 84 
18 85 20 88 
18 89 20 92 
18 95 20 98 
18 99 20 102 
18 103 20 106 
18 107 20 110 
18 111 20 114 
18 115 20 118 
18 119 20 122 
18 123 20 126 
18 127 20 130 
18 131 20 134 
18 135 20 138 
18 139 20 142 
18 143 20 146 
18 147 20 150 
18 153 20 156 
18 158 20 161 
18 162 20 164 
18 165 20 168 
18 169 20 172 
18 173 20 176 
18 178 20 181 
18 182 20 185 
18 186 20 189 
18 190 20 193 
18 194 20 197 
18 198 20 201 
18 203 20 206 
18 207 20 209 
18 210 20 213 
18 214 20 217 
18 218 20 220 
18 221 20 224 
18 225 20 228 
18 229 20 232 
18 233 20 236 
18 237 20 240 
18 241 20 244 
18 245 20 248 
21 0 26 1 
21 2 26 4 
21 5 26 6 
21 7 26 9 
21 10 26 12 
21 13 26 14 
21 15 26 16 
21 17 26 19 
21 21 26 23 
21 24 26 25 
21 26 26 27 
21 30 26 31 
21 32 26 33 
21 34 26 35 
21 36 26 37 
21 38 26 39 
21 41 26 42 
21 43 26 44 
21 47 26 48 
21 49 26 50 
21 51 26 52 
21 53 26 54 
21 55 26 56 
21 57 26 58 
21 59 26 60 
21 61 26 62 
21 63 26 65 
21 67 26 68 
21 69 26 70 
21 71 26 72 
21 73 26 74 
21 75 26 76 
21 77 26 78 
21 79 26 80 
21 81 26 83 
21 84 26 85 
21 86 26 87 
21 88 26 89 
21 90 26 91 
21 92 26 93 
21 94 26 95 
21 96 26 97 
21 98 26 99 
21 100 26 101 
21 103 26 105 
21 106 26 107 
21 108 26 109 
21 110 26 112 
21 113 26 114 
21 115 26 116 
21 118 26 119 
21 121 26 122 
21 123 26 124 
21 125 26 126 
21 127 26 128 
21 129 26 130 
21 131 26 132 
21 133 26 134 
21 135 26 136 
21 138 26 139 
21 140 26 141 
21 142 26 143 
21 144 26 145 
21 146 26 147 
21 148 26 149 
21 150 26 151 
21 152 26 153 
21 155 26 156 
21 158 26 159 
21 160 26 161 
21 162 26 163 
21 164 26 165 
21 166 26 167 
21 168 26 169 
21 170 26 171 
21 172 26 173 
21 175 26 176 
21 177 26 178 
21 179 26 180 
21 181 26 182 
21 183 26 184 
21 185 26 187 
21 188 26 189 
21 190 26 191 
21 192 26 193 
21 194 26 195 
21 198 26 199 
21 200 26 201 
21 202 26 203 
21 204 26 205 
21 206 26 207 
21 209 26 210 
21 211 26 213 
21 214 26 215 
21 216 26 217 
21 219 26 221 
21 222 26 223 
21 224 26 225 
21 227 26 228 
21 229 26 230 
21 231 26 232 
21 233 26 234 
21 235 26 236 
21 237 26 238 
21 239 26 240 
21 242 26 243 
21 244 26 245 
21 246 26 247 
27 0 32 1 
27 4 32 5 
27 6 32 7 
27 8 32 9 
27 10 32 12 
27 13 32 14 
27 15 32 16 
27 17 32 18 
27 20 32 21 
27 22 32 23 
27 24 32 25 
27 26 32 27 
27 28 32 29 
27 30 32 31 
27 32 32 33 
27 35 32 36 
27 37 32 38 
27 39 32 40 
27 41 32 42 
27 43 32 44 
27 45 32 46 
27 47 32 48 
27 49 32 50 
27 51 32 52 
27 53 32 54 
27 55 32 56 
27 57 32 59 
27 61 32 62 
27 63 32 64 
27 65 32 66 
27 67 32 68 
27 69 32 70 
27 71 32 72 
27 74 32 75 
27 76 32 77 
27 78 32 79 
27 83 32 84 
27 85 32 87 
27 88 32 89 
27 90 32 91 
27 92 32 93 
27 94 32 95 
27 96 32 97 
27 99 32 100 
27 101 32 102 
27 103 32 104 
27 106 32 107 
27 108 32 109 
27 110 32 111 
27 112 32 113 
27 114 32 115 
27 116 32 117 
27 118 32 119 
27 120 32 121 
27 122 32 123 
27 125 32 126 
27 127 32 128 
27 131 32 132 
27 133 32 134 
27 135 32 136 
27 137 32 138 
27 139 32 140 
27 141 32 142 
27 143 32 145 
27 146 32 147 
27 148 32 149 
27 150 32 151 
27 152 32 153 
27 154 32 155 
27 156 32 157 
27 158 32 159 
27 161 32 162 
27 163 32 164 
27 165 32 166 
27 167 32 168 
27 169 32 170 
27 171 32 172 
27 173 32 175 
27 176 32 177 
27 178 32 180 
27 181 32 182 
27 183 32 184 
27 185 32 186 
27 187 32 188 
27 189 32 190 
27 192 32 193 
27 194 32 195 
27 196 32 197 
27 200 32 202 
27 203 32 204 
27 205 32 206 
27 207 32 208 
27 209 32 210 
27 211 32 212 
27 214 32 215 
27 216 32 217 
27 218 32 219 
27 220 32 221 
27 223 32 224 
27 225 32 226 
27 227 32 228 
27 229 32 230 
27 231 32 232 
27 233 32 234 
27 237 32 239 
27 240 32 241 
27 242 32 243 
27 245 32 246 
27 247 32 248 
33 0 36 2 
33 5 36 7 
33 8 36 10 
33 11 36 12 
33 14 36 16 
33 17 36 19 
33 20 36 22 
33 23 36 25 
33 26 36 28 
33 29 36 31 
33 32 36 34 
33 35 36 37 
33 38 36 40 
33 41 36 43 
33 46 36 48 
33 49 36 51 
33 52 36 54 
33 55 36 57 
33 58 36 60 
33 61 36 62 
33 63 36 65 
33 66 36 68 
33 71 36 73 
33 74 36 76 
33 77 36 78 
33 79 36 81 
33 82 36 84 
33 85 36 87 
33 90 36 92 
33 93 36 95 
33 96 36 98 
33 99 36 101 
33 105 36 107 
33 108 36 110 
33 111 36 113 
33 114 36 116 
33 117 36 119 
33 120 36 122 
33 123 36 125 
33 126 36 128 
33 129 36 131 
33 132 36 134 
33 135 36 137 
33 138 36 140 
33 141 36 143 
33 144 36 146 
33 147 36 149 
33 150 36 152 
33 153 36 155 
33 156 36 158 
33 159 36 161 
33 163 36 165 
33 166 36 168 
33 169 36 171 
33 172 36 174 
33 176 36 178 
33 179 36 181 
33 182 36 184 
33 188 36 190 
33 191 36 193 
33 194 36 196 
33 197 36 199 
33 201 36 203 
33 204 36 206 
33 210 36 212 
33 213 36 215 
33 216 36 218 
33 219 36 221 
33 222 36 224 
33 225 36 227 
33 228 36 230 
33 231 36 233 
33 234 36 236 
33 237 36 239 
33 240 36 242 
33 244 36 246 
37 0 42 1 
37 2 42 3 
37 4 42 5 
37 6 42 7 
37 8 42 9 
37 10 42 11 
37 12 42 13 
37 14 42 15 
37 16 42 17 
37 18 42 20 
37 21 42 23 
37 24 42 25 
37 27 42 28 
37 29 42 30 
37 31 42 32 
37 33 42 34 
37 36 42 37 
37 38 42 39 
37 41 42 42 
37 43 42 44 
37 45 42 46 
37 47 42 49 
37 50 42 51 
37 52 42 53 
37 54 42 55 
37 57 42 58 
37 59 42 60 
37 61 42 62 
37 63 42 64 
37 65 42 66 
37 67 42 68 
37 69 42 70 
37 71 42 72 
37 73 42 74 
37 75 42 76 
37 77 42 78 
37 79 42 80 
37 81 42 82 
37 84 42 86 
37 87 42 88 
37 89 42 90 
37 91 42 92 
37 93 42 94 
37 95 42 96 
37 97 42 98 
37 100 42 101 
37 102 42 103 
37 104 42 105 
37 106 42 107 
37 109 42 110 
37 111 42 112 
37 113 42 114 
37 115 42 116 
37 119 42 120 
37 121 42 122 
37 124 42 125 
37 126 42 127 
37 129 42 130 
37 131 42 132 
37 133 42 134 
37 135 42 136 
37 137 42 138 
37 139 42 140 
37 142 42 143 
37 144 42 145 
37 146 42 147 
37 148 42 149 
37 150 42 151 
37 152 42 153 
37 154 42 155 
37 156 42 157 
37 158 42 159 
37 160 42 162 
37 163 42 164 
37 165 42 166 
37 169 42 171 
37 172 42 173 
37 174 42 175 
37 176 42 177 
37 178 42 179 
37 180 42 181 
37 183 42 184 
37 185 42 186 
37 187 42 188 
37 189 42 191 
37 193 42 194 
37 195 42 196 
37 197 42 199 
37 201 42 202 
37 203 42 204 
37 205 42 206 
37 207 42 208 
37 209 42 210 
37 213 42 214 
37 215 42 216 
37 217 42 218 
37 219 42 220 
37 221 42 222 
37 223 42 224 
37 225 42 226 
37 227 42 228 
37 229 42 231 
37 232 42 233 
37 234 42 235 
37 236 42 237 
37 238 42 239 
37 240 42 241 
37 242 42 243 
37 244 42 245 
37 246 42 247 
43 0 48 1 
43 2 48 3 
43 4 48 5 
43 6 48 7 
43 8 48 9 
43 10 48 11 
43 12 48 13 
43 14 48 15 
43 16 48 17 
43 18 48 19 
43 21 48 22 
43 23 48 24 
43 25 48 26 
43 27 48 28 
43 29 48 31 
43 32 48 33 
43 34 48 35 
43 36 48 37 
43 38 48 39 
43 40 48 41 
43 42 48 43 
43 44 48 45 
43 46 48 47 
43 48 48 49 
43 50 48 51 
43 52 48 53 
43 54 48 55 
43 56 48 57 
43 58 48 59 
43 60 48 61 
43 62 48 64 
43 65 48 66 
43 67 48 68 
43 69 48 70 
43 71 48 73 
43 74 48 76 
43 77 48 78 
43 79 48 80 
43 81 48 82 
43 83 48 84 
43 85 48 86 
43 87 48 88 
43 90 48 91 
43 93 48 94 
43 96 48 98 
43 99 48 100 
43 101 48 102 
43 103 48 104 
43 105 48 106 
43 107 48 108 
43 109 48 110 
43 111 48 112 
43 113 48 114 
43 115 48 116 
43 117 48 118 
43 119 48 120 
43 121 48 122 
43 123 48 124 
43 125 48 127 
43 128 48 129 
43 130 48 131 
43 132 48 133 
43 136 48 137 
43 138 48 139 
43 140 48 141 
43 142 48 143 
43 144 48 145 
43 146 48 147 
43 148 48 150 
43 151 48 152 
43 154 48 155 
43 156 48 158 
43 159 48 160 
43 161 48 162 
43 163 48 164 
43 165 48 166 
43 167 48 168 
43 169 48 171 
43 172 48 173 
43 174 48 175 
43 176 48 178 
43 179 48 180 
43 181 48 182 
43 183 48 185 
43 186 48 188 
43 189 48 190 
43 191 48 192 
43 193 48 194 
43 195 48 196 
43 197 48 198 
43 199 48 201 
43 202 48 203 
43 204 48 205 
43 206 48 207 
43 208 48 209 
43 210 48 211 
43 212 48 214 
43 215 48 216 
43 218 48 219 
43 220 48 221 
43 222 48 223 
43 224 48 225 
43 226 48 227 
43 228 48 229 
43 230 48 232 
43 233 48 234 
43 236 48 237 
43 239 48 240 
43 241 48 242 
43 244 48 246 
43 247 48 248 
49 0 53 1 
49 2 53 3 
49 4 53 5 
49 6 53 7 
49 8 53 9 
49 12 53 13 
49 14 53 15 
49 16 53 17 
49 21 53 22 
49 23 53 24 
49 28 53 29 
49 32 53 33 
49 35 53 36 
49 37 53 38 
49 41 53 42 
49 43 53 44 
49 45 53 46 
49 47 53 48 
49 50 53 51 
49 54 53 55 
49 56 53 58 
49 59 53 60 
49 61 53 62 
49 63 53 64 
49 65 53 66 
49 69 53 70 
49 71 53 72 
49 73 53 74 
49 75 53 76 
49 77 53 79 
49 82 53 83 
49 85 53 86 
49 88 53 89 
49 90 53 92 
49 93 53 94 
49 96 53 97 
49 98 53 99 
49 104 53 105 
49 106 53 107 
49 109 53 110 
49 111 53 112 
49 113 53 114 
49 115 53 116 
49 117 53 118 
49 119 53 120 
49 121 53 122 
49 124 53 125 
49 126 53 127 
49 128 53 129 
49 132 53 133 
49 134 53 135 
49 137 53 138 
49 140 53 141 
49 142 53 143 
49 144 53 145 
49 148 53 149 
49 151 53 153 
49 157 53 158 
49 159 53 161 
49 162 53 163 
49 164 53 165 
49 166 53 167 
49 168 53 169 
49 170 53 171 
49 172 53 173 
49 174 53 175 
49 176 53 177 
49 179 53 180 
49 181 53 182 
49 183 53 184 
49 185 53 186 
49 187 53 188 
49 190 53 192 
49 193 53 194 
49 195 53 197 
49 198 53 199 
49 201 53 202 
49 203 53 204 
49 205 53 206 
49 207 53 208 
49 210 53 211 
49 212 53 213 
49 214 53 215 
49 217 53 218 
49 219 53 220 
49 222 53 223 
49 224 53 225 
49 226 53 227 
49 228 53 229 
49 230 53 231 
49 232 53 233 
49 234 53 235 
49 240 53 241 
49 243 53 244 
49 245 53 246 
49 247 53 248 
54 0 59 1 
54 2 59 3 
54 4 59 5 
54 6 59 7 
54 8 59 9 
54 10 59 11 
54 12 59 13 
54 14 59 15 
54 17 59 18 
54 19 59 21 
54 22 59 23 
54 24 59 25 
54 26 59 28 
54 29 59 30 
54 31 59 32 
54 33 59 35 
54 36 59 37 
54 38 59 39 
54 40 59 41 
54 42 59 43 
54 44 59 45 
54 46 59 47 
54 50 59 51 
54 52 59 53 
54 54 59 56 
54 58 59 60 
54 61 59 62 
54 64 59 65 
54 66 59 67 
54 68 59 69 
54 71 59 72 
54 74 59 75 
54 76 59 77 
54 79 59 80 
54 81 59 82 
54 83 59 84 
54 85 59 86 
54 87 59 88 
54 89 59 90 
54 91 59 92 
54 93 59 94 
54 95 59 96 
54 97 59 98 
54 99 59 100 
54 101 59 102 
54 103 59 104 
54 105 59 106 
54 109 59 110 
54 111 59 112 
54 113 59 114 
54 115 59 116 
54 117 59 118 
54 120 59 121 
54 122 59 123 
54 124 59 125 
54 126 59 127 
54 128 59 130 
54 131 59 132 
54 133 59 134 
54 135 59 136 
54 137 59 138 
54 140 59 141 
54 142 59 143 
54 144 59 145 
54 146 59 147 
54 148 59 149 
54 150 59 152 
54 153 59 154 
54 155 59 156 
54 157 59 158 
54 159 59 160 
54 161 59 162 
54 163 59 164 
54 165 59 166 
54 167 59 168 
54 169 59 170 
54 171 59 172 
54 173 59 174 
54 175 59 176 
54 177 59 178 
54 180 59 181 
54 182 59 183 
54 184 59 185 
54 187 59 188 
54 189 59 190 
54 191 59 192 
54 193 59 194 
54 195 59 196 
54 197 59 198 
54 199 59 200 
54 201 59 202 
54 203 59 204 
54 205 59 206 
54 207 59 208 
54 209 59 211 
54 212 59 214 
54 215 59 217 
54 218 59 219 
54 220 59 221 
54 222 59 223 
54 224 59 226 
54 227 59 228 
54 229 59 230 
54 231 59 232 
54 233 59 234 
54 235 59 236 
54 237 59 238 
54 240 59 242 
54 243 59 244 
54 246 59 248 
60 0 65 1 
60 2 65 3 
60 6 65 7 
60 8 65 9 
60 10 65 11 
60 12 65 13 
60 14 65 15 
60 16 65 17 
60 19 65 20 
60 21 65 22 
60 23 65 24 
60 25 65 27 
60 28 65 29 
60 30 65 31 
60 32 65 34 
60 36 65 37 
60 39 65 40 
60 41 65 42 
60 43 65 45 
60 46 65 47 
60 48 65 49 
60 52 65 53 
60 54 65 55 
60 56 65 57 
60 59 65 60 
60 61 65 62 
60 65 65 66 
60 67 65 68 
60 69 65 70 
60 71 65 72 
60 73 65 75 
60 76 65 77 
60 78 65 79 
60 80 65 81 
60 82 65 83 
60 84 65 86 
60 87 65 88 
60 89 65 90 
60 91 65 92 
60 93 65 94 
60 95 65 96 
60 97 65 98 
60 99 65 100 
60 101 65 102 
60 103 65 104 
60 105 65 106 
60 107 65 108 
60 109 65 110 
60 111 65 112 
60 113 65 114 
60 116 65 117 
60 118 65 119 
60 123 65 124 
60 125 65 126 
60 127 65 129 
60 130 65 131 
60 133 65 134 
60 135 65 136 
60 137 65 138 
60 139 65 140 
60 142 65 143 
60 144 65 145 
60 146 65 147 
60 149 65 151 
60 152 65 153 
60 154 65 155 
60 156 65 158 
60 159 65 160 
60 161 65 162 
60 163 65 164 
60 165 65 166 
60 167 65 169 
60 173 65 174 
60 175 65 176 
60 177 65 178 
60 179 65 180 
60 181 65 182 
60 183 65 184 
60 185 65 186 
60 188 65 189 
60 190 65 191 
60 192 65 193 
60 194 65 195 
60 196 65 197 
60 198 65 199 
60 200 65 201 
60 202 65 203 
60 205 65 206 
60 208 65 209 
60 210 65 211 
60 212 65 213 
60 214 65 216 
60 217 65 218 
60 220 65 221 
60 222 65 223 
60 224 65 226 
60 227 65 228 
60 229 65 230 
60 231 65 232 
60 233 65 234 
60 237 65 238 
60 239 65 240 
60 241 65 242 
60 243 65 244 
60 245 65 247 
66 0 69 2 
66 3 69 5 
66 6 69 8 
66 9 69 11 
66 12 69 14 
66 15 69 17 
66 19 69 21 
66 22 69 24 
66 25 69 27 
66 28 69 30 
66 31 69 33 
66 34 69 36 
66 37 69 39 
66 40 69 42 
66 43 69 45 
66 46 69 48 
66 49 69 51 
66 52 69 54 
66 55 69 57 
66 58 69 60 
66 61 69 63 
66 65 69 67 
66 68 69 70 
66 71 69 73 
66 74 69 76 
66 77 69 79 
66 80 69 82 
66 83 69 84 
66 85 69 87 
66 88 69 90 
66 91 69 93 
66 94 69 96 
66 97 69 99 
66 100 69 102 
66 103 69 105 
66 106 69 108 
66 109 69 111 
66 112 69 114 
66 116 69 118 
66 119 69 121 
66 122 69 124 
66 125 69 127 
66 128 69 130 
66 131 69 133 
66 134 69 136 
66 137 69 139 
66 140 69 142 
66 144 69 146 
66 147 69 149 
66 150 69 152 
66 153 69 155 
66 157 69 159 
66 160 69 162 
66 163 69 165 
66 166 69 168 
66 169 69 171 
66 172 69 174 
66 175 69 177 
66 178 69 180 
66 181 69 183 
66 184 69 186 
66 187 69 189 
66 193 69 195 
66 196 69 198 
66 200 69 202 
66 203 69 205 
66 206 69 208 
66 209 69 211 
66 212 69 214 
66 215 69 217 
66 218 69 220 
66 221 69 223 
66 224 69 226 
66 227 69 229 
66 230 69 232 
66 233 69 235 
66 236 69 238 
66 239 69 241 
66 242 69 244 
66 245 69 247 
70 0 72 3 
70 4 72 7 
70 8 72 11 
70 12 72 15 
70 16 72 19 
70 22 72 25 
70 26 72 29 
70 31 72 34 
70 35 72 38 
70 39 72 42 
70 43 72 46 
70 47 72 50 
70 51 72 54 
70 55 72 58 
70 59 72 62 
70 63 72 66 
70 67 72 69 
70 70 72 73 
70 74 72 77 
70 78 72 81 
70 82 72 85 
70 86 72 89 
70 90 72 92 
70 93 72 96 
70 97 72 100 
70 101 72 104 
70 105 72 108 
70 109 72 112 
70 113 72 116 
70 117 72 120 
70 121 72 124 
70 125 72 128 
70 129 72 132 
70 133 72 136 
70 137 72 140 
70 141 72 144 
70 145 72 148 
70 149 72 152 
70 157 72 160 
70 161 72 164 
70 165 72 168 
70 169 72 172 
70 174 72 177 
70 178 72 181 
70 182 72 185 
70 186 72 189 
70 190 72 193 
70 194 72 197 
70 198 72 200 
70 201 72 204 
70 205 72 208 
70 209 72 212 
70 213 72 215 
70 216 72 219 
70 220 72 223 
70 224 72 227 
70 228 72 231 
70 238 72 241 
70 242 72 245 
73 0 75 3 
73 4 75 7 
73 8 75 10 
73 11 75 14 
73 15 75 18 
73 19 75 22 
73 23 75 26 
73 27 75 30 
73 31 75 34 
73 35 75 38 
73 39 75 42 
73 43 75 46 
73 47 75 50 
73 51 75 54 
73 55 75 57 
73 58 75 61 
73 62 75 65 
73 66 75 69 
73 71 75 74 
73 75 75 77 
73 78 75 81 
73 82 75 85 
73 86 75 89 
73 90 75 93 
73 100 75 103 
73 104 75 107 
73 109 75 112 
73 113 75 116 
73 120 75 123 
73 124 75 127 
73 128 75 131 
73 132 75 135 
73 138 75 141 
73 142 75 145 
73 146 75 149 
73 150 75 153 
73 157 75 160 
73 161 75 164 
73 165 75 168 
73 169 75 172 
73 173 75 176 
73 177 75 180 
73 181 75 184 
73 185 75 188 
73 189 75 192 
73 193 75 196 
73 197 75 200 
73 201 75 204 
73 205 75 208 
73 209 75 212 
73 215 75 218 
73 219 75 222 
73 223 75 226 
73 227 75 230 
73 232 75 235 
73 236 75 239 
73 240 75 243 
73 244 75 247 
76 0 78 3 
76 4 78 7 
76 8 78 11 
76 12 78 15 
76 16 78 19 
76 20 78 23 
76 24 78 26 
76 27 78 30 
76 31 78 34 
76 35 78 38 
76 39 78 41 
76 42 78 44 
76 45 78 48 
76 49 78 52 
76 54 78 57 
76 58 78 61 
76 62 78 65 
76 66 78 69 
76 70 78 73 
76 74 78 77 
76 78 78 81 
76 88 78 91 
76 92 78 95 
76 96 78 99 
76 100 78 103 
76 104 78 107 
76 108 78 111 
76 112 78 115 
76 116 78 119 
76 125 78 128 
76 129 78 132 
76 133 78 136 
76 137 78 140 
76 141 78 144 
76 148 78 151 
76 153 78 156 
76 158 78 161 
76 162 78 165 
76 166 78 169 
76 170 78 173 
76 174 78 177 
76 178 78 181 
76 182 78 185 
76 186 78 189 
76 190 78 193 
76 194 78 197 
76 198 78 201 
76 202 78 205 
76 206 78 209 
76 210 78 213 
76 214 78 217 
76 218 78 221 
76 222 78 225 
76 228 78 231 
76 233 78 236 
76 237 78 240 
76 241 78 244 
76 245 78 248 
79 1 84 2 
79 3 84 4 
79 5 84 6 
79 7 84 8 
79 9 84 10 
79 11 84 12 
79 13 84 14 
79 15 84 16 
79 17 84 19 
79 20 84 21 
79 22 84 23 
79 24 84 25 
79 26 84 27 
79 28 84 29 
79 30 84 31 
79 33 84 34 
79 35 84 36 
79 37 84 38 
79 39 84 40 
79 41 84 42 
79 45 84 46 
79 47 84 48 
79 49 84 50 
79 51 84 52 
79 53 84 54 
79 55 84 57 
79 58 84 60 
79 62 84 63 
79 64 84 65 
79 68 84 69 
79 70 84 72 
79 73 84 74 
79 75 84 76 
79 77 84 78 
79 79 84 80 
79 82 84 83 
79 84 84 86 
79 87 84 88 
79 89 84 90 
79 91 84 92 
79 93 84 94 
79 95 84 96 
79 99 84 100 
79 102 84 103 
79 106 84 107 
79 108 84 109 
79 110 84 111 
79 112 84 113 
79 114 84 115 
79 116 84 117 
79 118 84 119 
79 121 84 122 
79 123 84 124 
79 126 84 128 
79 129 84 130 
79 131 84 132 
79 133 84 134 
79 135 84 136 
79 137 84 138 
79 139 84 140 
79 142 84 143 
79 144 84 145 
79 146 84 148 
79 149 84 150 
79 151 84 152 
79 153 84 154 
79 155 84 156 
79 157 84 158 
79 159 84 160 
79 161 84 162 
79 163 84 164 
79 165 84 166 
79 167 84 168 
79 170 84 171 
79 172 84 173 
79 174 84 175 
79 176 84 177 
79 178 84 179 
79 180 84 181 
79 183 84 184 
79 187 84 189 
79 190 84 192 
79 193 84 194 
79 197 84 198 
79 200 84 202 
79 203 84 205 
79 206 84 207 
79 208 84 209 
79 210 84 211 
79 212 84 214 
79 215 84 216 
79 217 84 218 
79 219 84 220 
79 221 84 222 
79 223 84 225 
79 226 84 227 
79 228 84 229 
79 230 84 231 
79 234 84 235 
79 236 84 237 
79 238 84 239 
79 241 84 242 
79 244 84 246 
79 247 84 248 
85 0 90 1 
85 2 90 3 
85 4 90 5 
85 6 90 7 
85 8 90 9 
85 10 90 11 
85 13 90 14 
85 15 90 16 
85 19 90 20 
85 21 90 22 
85 23 90 25 
85 27 90 28 
85 29 90 30 
85 32 90 33 
85 34 90 35 
85 36 90 37 
85 38 90 39 
85 40 90 41 
85 44 90 45 
85 46 90 47 
85 48 90 49 
85 50 90 51 
85 52 90 53 
85 54 90 55 
85 56 90 57 
85 58 90 59 
85 60 90 61 
85 62 90 63 
85 64 90 65 
85 66 90 68 
85 69 90 70 
85 71 90 72 
85 73 90 74 
85 75 90 77 
85 78 90 80 
85 81 90 82 
85 83 90 84 
85 85 90 86 
85 87 90 88 
85 89 90 90 
85 91 90 93 
85 94 90 95 
85 96 90 97 
85 98 90 99 
85 100 90 101 
85 102 90 103 
85 104 90 105 
85 106 90 107 
85 108 90 109 
85 110 90 112 
85 113 90 114 
85 116 90 117 
85 118 90 119 
85 120 90 121 
85 122 90 123 
85 126 90 127 
85 128 90 129 
85 130 90 131 
85 132 90 133 
85 134 90 135 
85 136 90 137 
85 138 90 139 
85 140 90 141 
85 144 90 145 
85 146 90 147 
85 148 90 149 
85 150 90 151 
85 152 90 153 
85 154 90 155 
85 156 90 157 
85 158 90 160 
85 161 90 162 
85 164 90 165 
85 166 90 168 
85 169 90 170 
85 171 90 172 
85 173 90 174 
85 175 90 176 
85 177 90 178 
85 179 90 181 
85 182 90 183 
85 184 90 185 
85 186 90 187 
85 189 90 190 
85 191 90 192 
85 193 90 194 
85 196 90 198 
85 199 90 200 
85 201 90 202 
85 203 90 204 
85 205 90 206 
85 208 90 210 
85 211 90 212 
85 213 90 214 
85 215 90 216 
85 217 90 218 
85 219 90 220 
85 221 90 222 
85 223 90 224 
85 225 90 226 
85 227 90 228 
85 229 90 230 
85 231 90 232 
85 233 90 234 
85 235 90 236 
85 237 90 238 
85 239 90 240 
85 241 90 242 
85 243 90 244 
85 246 90 247 
91 1 96 2 
91 4 96 5 
91 6 96 7 
91 9 96 11 
91 12 96 13 
91 14 96 15 
91 16 96 17 
91 18 96 19 
91 20 96 22 
91 23 96 24 
91 25 96 26 
91 27 96 28 
91 29 96 30 
91 31 96 32 
91 34 96 35 
91 37 96 38 
91 39 96 40 
91 41 96 42 
91 44 96 45 
91 46 96 47 
91 48 96 49 
91 50 96 51 
91 52 96 53 
91 54 96 55 
91 56 96 57 
91 58 96 59 
91 60 96 61 
91 62 96 64 
91 65 96 66 
91 67 96 68 
91 69 96 70 
91 71 96 72 
91 73 96 74 
91 75 96 76 
91 77 96 78 
91 79 96 80 
91 81 96 82 
91 83 96 84 
91 85 96 86 
91 87 96 88 
91 89 96 90 
91 91 96 92 
91 95 96 96 
91 97 96 98 
91 99 96 100 
91 102 96 103 
91 104 96 105 
91 106 96 107 
91 109 96 110 
91 111 96 112 
91 113 96 114 
91 115 96 116 
91 117 96 118 
91 120 96 121 
91 122 96 123 
91 124 96 125 
91 126 96 127 
91 128 96 129 
91 131 96 132 
91 133 96 134 
91 135 96 137 
91 138 96 139 
91 140 96 142 
91 143 96 144 
91 145 96 147 
91 148 96 149 
91 151 96 152 
91 153 96 154 
91 155 96 156 
91 157 96 158 
91 159 96 160 
91 161 96 162 
91 163 96 164 
91 166 96 168 
91 169 96 171 
91 172 96 173 
91 174 96 175 
91 176 96 177 
91 178 96 179 
91 180 96 182 
91 183 96 184 
91 185 96 186 
91 187 96 188 
91 189 96 190 
91 191 96 192 
91 193 96 194 
91 196 96 197 
91 198 96 199 
91 200 96 202 
91 203 96 204 
91 205 96 206 
91 207 96 208 
91 209 96 210 
91 211 96 212 
91 213 96 214 
91 216 96 217 
91 218 96 219 
91 220 96 221 
91 222 96 223 
91 226 96 227 
91 228 96 229 
91 230 96 232 
91 233 96 234 
91 235 96 236 
91 237 96 238 
91 239 96 241 
91 242 96 243 
91 244 96 245 
91 246 96 247 
97 1 100 3 
97 4 100 6 
97 7 100 9 
97 10 100 12 
97 13 100 14 
97 15 100 17 
97 18 100 19 
97 20 100 22 
97 23 100 25 
97 26 100 28 
97 29 100 31 
97 32 100 34 
97 35 100 37 
97 38 100 40 
97 41 100 43 
97 44 100 46 
97 47 100 49 
97 50 100 52 
97 55 100 57 
97 58 100 60 
97 61 100 63 
97 64 100 66 
97 67 100 69 
97 72 100 74 
97 75 100 77 
97 78 100 80 
97 81 100 83 
97 84 100 86 
97 87 100 89 
97 91 100 93 
97 94 100 96 
97 99 100 101 
97 102 100 104 
97 105 100 107 
97 111 100 113 
97 119 100 121 
97 122 100 124 
97 125 100 127 
97 129 100 131 
97 132 100 134 
97 135 100 137 
97 138 100 140 
97 143 100 145 
97 146 100 148 
97 149 100 151 
97 152 100 154 
97 155 100 157 
97 159 100 161 
97 162 100 164 
97 165 100 167 
97 168 100 170 
97 171 100 173 
97 174 100 176 
97 177 100 179 
97 182 100 184 
97 185 100 187 
97 188 100 190 
97 191 100 193 
97 194 100 196 
97 197 100 199 
97 200 100 202 
97 203 100 205 
97 206 100 208 
97 209 100 211 
97 212 100 214 
97 215 100 217 
97 218 100 220 
97 224 100 226 
97 227 100 229 
97 230 100 232 
97 233 100 235 
97 236 100 238 
97 239 100 241 
97 242 100 244 
97 245 100 246 
101 0 106 1 
101 2 106 3 
101 4 106 5 
101 6 106 7 
101 8 106 10 
101 11 106 12 
101 13 106 14 
101 15 106 16 
101 19 106 21 
101 22 106 23 
101 24 106 25 
101 26 106 28 
101 29 106 30 
101 31 106 32 
101 33 106 35 
101 36 106 37 
101 38 106 39 
101 40 106 41 
101 42 106 43 
101 44 106 45 
101 46 106 47 
101 48 106 49 
101 50 106 51 
101 52 106 54 
101 55 106 56 
101 57 106 58 
101 59 106 61 
101 62 106 63 
101 65 106 66 
101 67 106 68 
101 69 106 70 
101 71 106 72 
101 73 106 74 
101 77 106 78 
101 79 106 80 
101 81 106 82 
101 84 106 85 
101 86 106 87 
101 88 106 89 
101 90 106 91 
101 92 106 93 
101 94 106 95 
101 96 106 97 
101 98 106 99 
101 100 106 101 
101 102 106 103 
101 104 106 105 
101 106 106 107 
101 108 106 110 
101 111 106 112 
101 113 106 114 
101 115 106 116 
101 118 106 119 
101 120 106 122 
101 123 106 124 
101 125 106 126 
101 128 106 129 
101 130 106 131 
101 132 106 133 
101 134 106 135 
101 136 106 137 
101 138 106 139 
101 140 106 141 
101 142 106 143 
101 144 106 145 
101 146 106 147 
101 148 106 149 
101 150 106 151 
101 153 106 154 
101 155 106 156 
101 157 106 159 
101 161 106 162 
101 166 106 167 
101 168 106 169 
101 170 106 172 
101 174 106 175 
101 176 106 177 
101 178 106 179 
101 180 106 181 
101 182 106 183 
101 184 106 186 
101 187 106 188 
101 189 106 190 
101 191 106 192 
101 193 106 194 
101 195 106 196 
101 197 106 198 
101 199 106 200 
101 201 106 202 
101 203 106 204 
101 205 106 206 
101 207 106 209 
101 210 106 211 
101 212 106 213 
101 216 106 217 
101 218 106 219 
101 220 106 222 
101 223 106 224 
101 225 106 226 
101 227 106 228 
101 229 106 230 
101 231 106 232 
101 233 106 234 
101 235 106 236 
101 237 106 238 
101 239 106 240 
101 241 106 243 
101 244 106 246 
101 247 106 248 
107 0 112 1 
107 2 112 3 
107 4 112 5 
107 6 112 8 
107 9 112 11 
107 12 112 13 
107 14 112 15 
107 16 112 17 
107 18 112 19 
107 20 112 21 
107 22 112 24 
107 25 112 26 
107 27 112 28 
107 31 112 32 
107 33 112 34 
107 35 112 36 
107 39 112 40 
107 41 112 42 
107 43 112 44 
107 45 112 46 
107 48 112 50 
107 51 112 52 
107 53 112 54 
107 55 112 56 
107 57 112 58 
107 60 112 61 
107 62 112 63 
107 65 112 67 
107 68 112 69 
107 70 112 71 
107 72 112 74 
107 75 112 76 
107 77 112 78 
107 79 112 80 
107 81 112 82 
107 83 112 84 
107 85 112 86 
107 87 112 88 
107 90 112 91 
107 92 112 94 
107 95 112 96 
107 97 112 98 
107 99 112 100 
107 101 112 102 
107 105 112 106 
107 107 112 108 
107 109 112 110 
107 111 112 112 
107 113 112 114 
107 115 112 117 
107 118 112 119 
107 120 112 121 
107 122 112 123 
107 124 112 125 
107 127 112 128 
107 129 112 130 
107 131 112 132 
107 133 112 134 
107 135 112 136 
107 137 112 138 
107 139 112 140 
107 141 112 143 
107 145 112 146 
107 147 112 149 
107 150 112 151 
107 152 112 153 
107 156 112 157 
107 158 112 159 
107 160 112 161 
107 163 112 164 
107 166 112 167 
107 168 112 169 
107 171 112 172 
107 173 112 175 
107 176 112 178 
107 179 112 180 
107 181 112 182 
107 183 112 184 
107 185 112 186 
107 187 112 188 
107 189 112 190 
107 191 112 192 
107 193 112 194 
107 195 112 196 
107 197 112 199 
107 200 112 201 
107 202 112 203 
107 204 112 205 
107 206 112 207 
107 208 112 209 
107 211 112 212 
107 214 112 215 
107 216 112 217 
107 218 112 219 
107 220 112 221 
107 222 112 223 
107 224 112 225 
107 226 112 227 
107 228 112 230 
107 232 112 233 
107 234 112 235 
107 236 112 237 
107 239 112 240 
107 241 112 242 
107 243 112 244 
107 245 112 246 
107 247 112 248 
113 0 118 1 
113 2 118 3 
113 4 118 5 
113 6 118 7 
113 8 118 9 
113 10 118 12 
113 13 118 14 
113 15 118 16 
113 17 118 18 
113 19 118 20 
113 21 118 22 
113 23 118 24 
113 25 118 26 
113 27 118 28 
113 29 118 30 
113 31 118 32 
113 33 118 34 
113 35 118 36 
113 37 118 38 
113 39 118 40 
113 41 118 42 
113 43 118 44 
113 45 118 46 
113 47 118 48 
113 49 118 51 
113 52 118 53 
113 54 118 55 
113 56 118 57 
113 58 118 59 
113 60 118 61 
113 62 118 64 
113 65 118 66 
113 67 118 68 
113 70 118 71 
113 72 118 73 
113 74 118 75 
113 76 118 77 
113 78 118 79 
113 80 118 81 
113 82 118 83 
113 84 118 85 
113 86 118 87 
113 88 118 89 
113 90 118 91 
113 93 118 94 
113 95 118 96 
113 97 118 98 
113 99 118 100 
113 101 118 102 
113 103 118 104 
113 105 118 107 
113 110 118 111 
113 112 118 113 
113 114 118 115 
113 116 118 117 
113 118 118 119 
113 120 118 121 
113 122 118 124 
113 125 118 126 
113 127 118 128 
113 129 118 130 
113 131 118 132 
113 133 118 134 
113 135 118 137 
113 138 118 139 
113 142 118 143 
113 144 118 145 
113 146 118 147 
113 148 118 149 
113 150 118 152 
113 153 118 154 
113 155 118 156 
113 157 118 158 
113 159 118 160 
113 161 118 163 
113 165 118 166 
113 167 118 168 
113 169 118 170 
113 171 118 172 
113 173 118 174 
113 175 118 176 
113 177 118 178 
113 181 118 182 
113 183 118 184 
113 185 118 186 
113 187 118 188 
113 189 118 190 
113 191 118 192 
113 195 118 196 
113 197 118 198 
113 199 118 200 
113 201 118 202 
113 204 118 205 
113 206 118 207 
113 208 118 209 
113 210 118 211 
113 212 118 213 
113 217 118 218 
113 219 118 220 
113 221 118 222 
113 223 118 224 
113 225 118 227 
113 228 118 229 
113 230 118 231 
113 232 118 234 
113 235 118 236 
113 237 118 238 
113 239 118 240 
113 241 118 243 
113 244 118 245 
113 246 118 248 
119 1 124 2 
119 5 124 6 
119 7 124 8 
119 9 124 10 
119 11 124 12 
119 13 124 15 
119 16 124 17 
119 18 124 19 
119 20 124 21 
119 24 124 25 
119 26 124 28 
119 29 124 30 
119 33 124 35 
119 36 124 37 
119 39 124 40 
119 42 124 43 
119 44 124 45 
119 46 124 47 
119 48 124 49 
119 50 124 51 
119 52 124 53 
119 54 124 55 
119 56 124 57 
119 58 124 59 
119 60 124 61 
119 62 124 63 
119 64 124 65 
119 66 124 67 
119 68 124 69 
119 71 124 72 
119 73 124 74 
119 75 124 76 
119 77 124 78 
119 80 124 81 
119 82 124 83 
119 84 124 85 
119 86 124 87 
119 88 124 90 
119 91 124 92 
119 93 124 94 
119 95 124 96 
119 97 124 98 
119 99 124 100 
119 101 124 102 
119 103 124 104 
119 105 124 106 
119 108 124 109 
119 110 124 111 
119 112 124 113 
119 114 124 115 
119 117 124 119 
119 120 124 121 
119 122 124 123 
119 124 124 126 
119 127 124 128 
119 129 124 130 
119 131 124 132 
119 133 124 134 
119 135 124 136 
119 137 124 138 
119 139 124 140 
119 141 124 142 
119 143 124 144 
119 145 124 146 
119 147 124 148 
119 149 124 150 
119 151 124 152 
119 153 124 154 
119 155 124 156 
119 157 124 158 
119 159 124 160 
119 161 124 162 
119 163 124 164 
119 165 124 166 
119 169 124 170 
119 172 124 174 
119 175 124 176 
119 178 124 179 
119 180 124 182 
119 183 124 184 
119 185 124 186 
119 189 124 190 
119 191 124 192 
119 193 124 194 
119 195 124 196 
119 197 124 198 
119 199 124 201 
119 202 124 203 
119 204 124 205 
119 206 124 207 
119 209 124 210 
119 211 124 212 
119 213 124 214 
119 215 124 216 
119 217 124 218 
119 221 124 222 
119 223 124 224 
119 225 124 226 
119 227 124 228 
119 229 124 230 
119 231 124 232 
119 233 124 234 
119 235 124 236 
119 238 124 239 
119 240 124 241 
119 242 124 243 
119 244 124 245 
119 246 124 247 
125 0 127 3 
125 4 127 7 
125 9 127 12 
125 14 127 17 
125 18 127 21 
125 22 127 25 
125 26 127 29 
125 30 127 32 
125 33 127 36 
125 37 127 39 
125 40 127 43 
125 44 127 47 
125 48 127 50 
125 51 127 54 
125 55 127 58 
125 61 127 64 
125 65 127 67 
125 68 127 70 
125 72 127 75 
125 79 127 82 
125 83 127 86 
125 87 127 90 
125 91 127 94 
125 95 127 98 
125 99 127 101 
125 102 127 105 
125 106 127 109 
125 110 127 113 
125 117 127 120 
125 123 127 126 
125 127 127 130 
125 134 127 137 
125 138 127 141 
125 142 127 145 
125 146 127 149 
125 150 127 153 
125 154 127 157 
125 158 127 161 
125 162 127 165 
125 166 127 169 
125 170 127 172 
125 173 127 176 
125 177 127 180 
125 181 127 184 
125 185 127 188 
125 189 127 192 
125 193 127 196 
125 197 127 199 
125 200 127 203 
125 204 127 207 
125 208 127 211 
125 212 127 215 
125 216 127 219 
125 220 127 223 
125 224 127 227 
125 228 127 231 
125 232 127 235 
125 236 127 239 
125 240 127 243 
125 244 127 247 
128 0 131 2 
128 3 131 5 
128 6 131 8 
128 9 131 11 
128 15 131 17 
128 18 131 20 
128 21 131 23 
128 24 131 26 
128 27 131 29 
128 30 131 32 
128 33 131 35 
128 36 131 38 
128 39 131 41 
128 42 131 44 
128 46 131 48 
128 49 131 51 
128 52 131 54 
128 55 131 57 
128 58 131 60 
128 61 131 63 
128 64 131 66 
128 68 131 70 
128 71 131 73 
128 74 131 76 
128 77 131 79 
128 80 131 81 
128 82 131 84 
128 85 131 87 
128 88 131 90 
128 91 131 93 
128 94 131 96 
128 99 131 101 
128 102 131 104 
128 105 131 107 
128 108 131 110 
128 111 131 113 
128 114 131 116 
128 117 131 119 
128 121 131 123 
128 124 131 126 
128 127 131 129 
128 130 131 132 
128 133 131 135 
128 136 131 138 
128 139 131 141 
128 142 131 144 
128 145 131 147 
128 148 131 150 
128 151 131 153 
128 154 131 156 
128 157 131 159 
128 161 131 163 
128 164 131 166 
128 167 131 169 
128 170 131 172 
128 173 131 175 
128 176 131 178 
128 179 131 181 
128 182 131 184 
128 185 131 187 
128 188 131 190 
128 191 131 193 
128 194 131 196 
128 197 131 199 
128 200 131 202 
128 203 131 205 
128 206 131 208 
128 209 131 211 
128 212 131 214 
128 215 131 217 
128 218 131 220 
128 221 131 223 
128 224 131 226 
128 227 131 229 
128 231 131 233 
128 234 131 236 
128 237 131 238 
128 239 131 241 
128 243 131 245 
128 246 131 248 
132 0 137 1 
132 2 137 3 
132 4 137 5 
132 6 137 7 
132 8 137 9 
132 10 137 11 
132 12 137 13 
132 14 137 15 
132 17 137 18 
132 19 137 20 
132 22 137 23 
132 24 137 25 
132 26 137 28 
132 29 137 30 
132 31 137 32 
132 34 137 35 
132 36 137 37 
132 38 137 39 
132 40 137 41 
132 42 137 43 
132 44 137 45 
132 47 137 48 
132 49 137 50 
132 51 137 52 
132 53 137 54 
132 55 137 56 
132 57 137 58 
132 59 137 60 
132 61 137 62 
132 63 137 64 
132 67 137 68 
132 69 137 70 
132 71 137 72 
132 73 137 74 
132 75 137 76 
132 78 137 79 
132 82 137 84 
132 85 137 86 
132 87 137 88 
132 89 137 90 
132 91 137 92 
132 93 137 94 
132 95 137 97 
132 98 137 99 
132 100 137 101 
132 102 137 103 
132 104 137 105 
132 106 137 108 
132 112 137 113 
132 114 137 115 
132 118 137 119 
132 121 137 123 
132 124 137 125 
132 126 137 127 
132 128 137 129 
132 130 137 131 
132 132 137 133 
132 134 137 135 
132 136 137 137 
132 139 137 140 
132 141 137 142 
132 143 137 144 
132 145 137 146 
132 147 137 148 
132 149 137 150 
132 152 137 153 
132 154 137 155 
132 156 137 157 
132 158 137 159 
132 160 137 161 
132 162 137 163 
132 164 137 165 
132 166 137 167 
132 168 137 169 
132 170 137 172 
132 173 137 174 
132 175 137 176 
132 177 137 178 
132 179 137 180 
132 181 137 182 
132 184 137 185 
132 186 137 187 
132 188 137 189 
132 190 137 191 
132 192 137 193 
132 194 137 195 
132 196 137 197 
132 198 137 199 
132 200 137 202 
132 204 137 205 
132 206 137 207 
132 208 137 209 
132 210 137 211 
132 212 137 213 
132 214 137 215 
132 217 137 219 
132 220 137 221 
132 223 137 224 
132 225 137 226 
132 227 137 228 
132 229 137 230 
132 232 137 234 
132 235 137 236 
132 237 137 238 
132 239 137 240 
132 241 137 242 
132 244 137 245 
132 246 137 247 
138 0 143 2 
138 3 143 5 
138 6 143 8 
138 9 143 10 
138 11 143 12 
138 13 143 14 
138 15 143 16 
138 17 143 18 
138 19 143 20 
138 21 143 22 
138 23 143 24 
138 25 143 26 
138 27 143 28 
138 29 143 30 
138 31 143 32 
138 34 143 35 
138 36 143 37 
138 39 143 40 
138 41 143 42 
138 43 143 44 
138 45 143 47 
138 48 143 49 
138 50 143 51 
138 53 143 54 
138 55 143 56 
138 57 143 58 
138 59 143 60 
138 61 143 62 
138 63 143 64 
138 66 143 68 
138 69 143 70 
138 71 143 72 
138 73 143 74 
138 75 143 76 
138 77 143 78 
138 80 143 81 
138 83 143 84 
138 85 143 86 
138 87 143 88 
138 89 143 90 
138 92 143 93 
138 94 143 95 
138 96 143 97 
138 98 143 99 
138 100 143 101 
138 102 143 104 
138 105 143 106 
138 107 143 108 
138 109 143 110 
138 111 143 112 
138 113 143 114 
138 115 143 116 
138 117 143 118 
138 119 143 120 
138 121 143 122 
138 123 143 124 
138 125 143 126 
138 127 143 128 
138 129 143 130 
138 131 143 132 
138 133 143 134 
138 135 143 136 
138 137 143 138 
138 139 143 140 
138 142 143 143 
138 144 143 145 
138 146 143 147 
138 148 143 149 
138 151 143 152 
138 153 143 154 
138 157 143 158 
138 159 143 160 
138 162 143 163 
138 164 143 165 
138 166 143 167 
138 169 143 171 
138 172 143 174 
138 175 143 176 
138 177 143 178 
138 179 143 181 
138 182 143 183 
138 185 143 186 
138 187 143 188 
138 189 143 190 
138 191 143 192 
138 194 143 195 
138 196 143 197 
138 198 143 199 
138 200 143 201 
138 202 143 203 
138 204 143 205 
138 206 143 207 
138 208 143 210 
138 212 143 213 
138 214 143 215 
138 216 143 217 
138 218 143 220 
138 222 143 223 
138 224 143 225 
138 226 143 227 
138 228 143 229 
138 230 143 231 
138 232 143 233 
138 234 143 235 
138 238 143 239 
138 240 143 241 
138 242 143 243 
138 244 143 245 
138 246 143 247 
144 0 144 9 
144 10 144 21 
144 22 144 33 
144 34 144 45 
144 51 144 62 
144 63 144 74 
144 75 144 84 
144 86 144 97 
144 105 144 116 
144 117 144 128 
144 129 144 140 
144 141 144 151 
144 152 144 163 
144 164 144 175 
144 176 144 186 
144 187 144 197 
144 198 144 209 
144 215 144 226 
144 234 144 245 
145 0 150 1 
145 2 150 3 
145 6 150 7 
145 10 150 11 
145 12 150 13 
145 14 150 15 
145 16 150 17 
145 19 150 20 
145 21 150 22 
145 23 150 24 
145 25 150 26 
145 27 150 28 
145 29 150 30 
145 31 150 32 
145 33 150 35 
145 36 150 37 
145 39 150 40 
145 41 150 42 
145 43 150 44 
145 45 150 46 
145 47 150 48 
145 49 150 50 
145 51 150 52 
145 53 150 54 
145 56 150 57 
145 58 150 59 
145 60 150 61 
145 62 150 63 
145 64 150 65 
145 66 150 67 
145 68 150 69 
145 70 150 71 
145 73 150 74 
145 76 150 77 
145 78 150 79 
145 81 150 82 
145 83 150 84 
145 85 150 86 
145 87 150 88 
145 89 150 90 
145 91 150 92 
145 93 150 94 
145 95 150 96 
145 97 150 99 
145 100 150 101 
145 102 150 103 
145 104 150 106 
145 107 150 108 
145 111 150 112 
145 113 150 114 
145 116 150 117 
145 118 150 120 
145 121 150 123 
145 124 150 125 
145 127 150 128 
145 129 150 130 
145 132 150 133 
145 134 150 136 
145 137 150 138 
145 139 150 140 
145 141 150 142 
145 143 150 144 
145 145 150 146 
145 147 150 148 
145 149 150 150 
145 151 150 152 
145 153 150 154 
145 157 150 158 
145 159 150 160 
145 161 150 162 
145 163 150 164 
145 165 150 166 
145 167 150 168 
145 171 150 172 
145 173 150 174 
145 175 150 177 
145 179 150 180 
145 181 150 182 
145 183 150 184 
145 186 150 187 
145 189 150 190 
145 191 150 192 
145 193 150 194 
145 195 150 196 
145 197 150 198 
145 199 150 200 
145 201 150 202 
145 203 150 204 
145 207 150 209 
145 210 150 212 
145 213 150 214 
145 215 150 216 
145 217 150 218 
145 219 150 220 
145 221 150 222 
145 223 150 224 
145 225 150 226 
145 227 150 228 
145 229 150 230 
145 231 150 232 
145 233 150 234 
145 235 150 236 
145 237 150 238 
145 239 150 241 
145 242 150 243 
145 245 150 246 
145 247 150 248 
151 0 156 1 
151 2 156 3 
151 4 156 5 
151 6 156 7 
151 8 156 9 
151 10 156 11 
151 12 156 13 
151 14 156 15 
151 16 156 17 
151 18 156 19 
151 20 156 21 
151 22 156 24 
151 25 156 27 
151 28 156 29 
151 30 156 31 
151 32 156 34 
151 35 156 36 
151 37 156 38 
151 39 156 40 
151 41 156 42 
151 43 156 44 
151 45 156 46 
151 47 156 48 
151 49 156 50 
151 51 156 52 
151 53 156 54 
151 57 156 59 
151 61 156 62 
151 63 156 64 
151 65 156 66 
151 67 156 68 
151 69 156 70 
151 71 156 72 
151 73 156 74 
151 75 156 76 
151 77 156 78 
151 79 156 80 
151 81 156 82 
151 83 156 84 
151 85 156 86 
151 87 156 88 
151 89 156 90 
151 91 156 92 
151 94 156 95 
151 96 156 98 
151 99 156 100 
151 101 156 102 
151 103 156 104 
151 106 156 108 
151 109 156 110 
151 111 156 112 
151 113 156 114 
151 115 156 117 
151 118 156 119 
151 120 156 121 
151 123 156 124 
151 125 156 126 
151 127 156 128 
151 129 156 130 
151 131 156 132 
151 133 156 135 
151 136 156 137 
151 138 156 139 
151 140 156 141 
151 142 156 143 
151 144 156 145 
151 146 156 147 
151 148 156 149 
151 150 156 151 
151 152 156 153 
151 154 156 155 
151 156 156 158 
151 159 156 160 
151 161 156 162 
151 163 156 164 
151 165 156 166 
151 167 156 168 
151 169 156 170 
151 172 156 173 
151 174 156 175 
151 176 156 177 
151 178 156 179 
151 181 156 182 
151 183 156 184 
151 185 156 186 
151 187 156 188 
151 189 156 190 
151 191 156 193 
151 194 156 195 
151 196 156 197 
151 198 156 199 
151 200 156 201 
151 203 156 204 
151 205 156 206 
151 207 156 208 
151 209 156 210 
151 211 156 212 
151 213 156 214 
151 215 156 217 
151 218 156 219 
151 220 156 221 
151 222 156 223 
151 224 156 225 
151 226 156 227 
151 229 156 230 
151 231 156 232 
151 233 156 234 
151 235 156 237 
151 238 156 240 
151 242 156 244 
151 245 156 246 
151 247 156 248 
157 2 162 3 
157 4 162 5 
157 6 162 7 
157 8 162 9 
157 10 162 11 
157 13 162 14 
157 15 162 16 
157 17 162 18 
157 20 162 21 
157 22 162 23 
157 24 162 25 
157 27 162 29 
157 30 162 31 
157 33 162 35 
157 36 162 38 
157 39 162 41 
157 43 162 44 
157 45 162 46 
157 47 162 48 
157 49 162 50 
157 51 162 53 
157 54 162 55 
157 56 162 57 
157 58 162 59 
157 60 162 61 
157 62 162 63 
157 64 162 65 
157 66 162 68 
157 70 162 71 
157 72 162 73 
157 76 162 77 
157 78 162 79 
157 80 162 81 
157 82 162 83 
157 84 162 85 
157 86 162 87 
157 88 162 89 
157 92 162 93 
157 94 162 95 
157 96 162 97 
157 98 162 99 
157 100 162 102 
157 103 162 104 
157 107 162 108 
157 109 162 110 
157 111 162 112 
157 113 162 115 
157 116 162 117 
157 118 162 119 
157 120 162 121 
157 122 162 123 
157 124 162 125 
157 126 162 127 
157 128 162 129 
157 130 162 132 
157 133 162 135 
157 136 162 137 
157 138 162 139 
157 141 162 142 
157 143 162 144 
157 145 162 146 
157 147 162 148 
157 149 162 150 
157 151 162 152 
157 153 162 154 
157 156 162 157 
157 158 162 159 
157 160 162 161 
157 162 162 163 
157 164 162 165 
157 166 162 167 
157 168 162 169 
157 170 162 172 
157 173 162 174 
157 175 162 176 
157 177 162 178 
157 179 162 180 
157 181 162 182 
157 183 162 185 
157 187 162 188 
157 189 162 190 
157 191 162 192 
157 193 162 194 
157 195 162 196 
157 197 162 198 
157 199 162 200 
157 203 162 204 
157 205 162 206 
157 207 162 208 
157 209 162 210 
157 211 162 212 
157 213 162 214 
157 215 162 217 
157 218 162 219 
157 220 162 221 
157 222 162 223 
157 224 162 225 
157 226 162 227 
157 228 162 229 
157 230 162 231 
157 232 162 233 
157 234 162 235 
157 236 162 237 
157 238 162 239 
157 240 162 241 
157 243 162 244 
157 247 162 248 
163 0 166 2 
163 3 166 5 
163 6 166 8 
163 9 166 11 
163 12 166 14 
163 15 166 17 
163 18 166 20 
163 21 166 23 
163 24 166 26 
163 27 166 29 
163 30 166 32 
163 34 166 36 
163 37 166 39 
163 40 166 42 
163 43 166 45 
163 46 166 48 
163 49 166 51 
163 53 166 55 
163 56 166 58 
163 59 166 61 
163 62 166 64 
163 65 166 67 
163 68 166 70 
163 71 166 73 
163 74 166 76 
163 77 166 79 
163 80 166 82 
163 83 166 85 
163 86 166 88 
163 90 166 92 
163 93 166 95 
163 96 166 98 
163 99 166 101 
163 104 166 106 
163 107 166 109 
163 110 166 112 
163 113 166 115 
163 116 166 118 
163 119 166 121 
163 122 166 124 
163 125 166 127 
163 129 166 131 
163 132 166 134 
163 138 166 140 
163 141 166 143 
163 144 166 146 
163 147 166 149 
163 150 166 151 
163 152 166 154 
163 155 166 157 
163 158 166 160 
163 161 166 162 
163 164 166 166 
163 167 166 169 
163 170 166 172 
163 174 166 176 
163 177 166 179 
163 180 166 182 
163 183 166 185 
163 186 166 188 
163 189 166 190 
163 191 166 193 
163 194 166 196 
163 198 166 200 
163 202 166 204 
163 205 166 207 
163 208 166 210 
163 211 166 213 
163 214 166 216 
163 217 166 219 
163 220 166 222 
163 223 166 225 
163 226 166 228 
163 229 166 231 
163 232 166 234 
163 235 166 236 
163 237 166 239 
163 240 166 242 
163 243 166 245 
163 246 166 248 
167 0 172 1 
167 3 172 4 
167 5 172 6 
167 7 172 9 
167 10 172 11 
167 12 172 14 
167 15 172 17 
167 18 172 19 
167 20 172 21 
167 23 172 24 
167 25 172 26 
167 27 172 28 
167 29 172 30 
167 31 172 32 
167 33 172 34 
167 35 172 36 
167 37 172 38 
167 39 172 40 
167 41 172 42 
167 44 172 45 
167 46 172 47 
167 48 172 49 
167 50 172 51 
167 52 172 54 
167 55 172 56 
167 57 172 58 
167 59 172 60 
167 61 172 62 
167 63 172 64 
167 65 172 66 
167 67 172 68 
167 69 172 70 
167 71 172 72 
167 73 172 74 
167 75 172 76 
167 77 172 78 
167 79 172 80 
167 82 172 83 
167 84 172 85 
167 87 172 88 
167 89 172 90 
167 91 172 92 
167 93 172 94 
167 95 172 96 
167 97 172 98 
167 99 172 101 
167 102 172 103 
167 104 172 105 
167 106 172 107 
167 108 172 109 
167 110 172 111 
167 112 172 113 
167 114 172 116 
167 117 172 118 
167 119 172 121 
167 122 172 123 
167 125 172 126 
167 127 172 128 
167 129 172 130 
167 131 172 132 
167 134 172 135 
167 136 172 137 
167 138 172 140 
167 141 172 142 
167 143 172 144 
167 145 172 146 
167 147 172 148 
167 149 172 150 
167 151 172 153 
167 155 172 156 
167 157 172 158 
167 159 172 160 
167 161 172 162 
167 163 172 164 
167 165 172 167 
167 169 172 170 
167 171 172 172 
167 173 172 174 
167 175 172 176 
167 177 172 178 
167 179 172 180 
167 181 172 182 
167 183 172 184 
167 185 172 186 
167 187 172 188 
167 189 172 190 
167 192 172 193 
167 194 172 195 
167 196 172 197 
167 198 172 199 
167 200 172 201 
167 202 172 203 
167 204 172 205 
167 206 172 207 
167 208 172 209 
167 210 172 211 
167 212 172 213 
167 214 172 215 
167 217 172 218 
167 219 172 220 
167 221 172 222 
167 223 172 225 
167 226 172 228 
167 229 172 230 
167 231 172 232 
167 233 172 234 
167 235 172 236 
167 237 172 238 
167 239 172 240 
167 241 172 242 
167 243 172 244 
173 0 178 1 
173 2 178 3 
173 4 178 5 
173 6 178 7 
173 8 178 9 
173 10 178 11 
173 12 178 14 
173 15 178 16 
173 17 178 18 
173 19 178 20 
173 21 178 22 
173 23 178 24 
173 25 178 26 
173 27 178 28 
173 29 178 30 
173 31 178 32 
173 33 178 34 
173 35 178 36 
173 37 178 38 
173 39 178 40 
173 41 178 42 
173 43 178 44 
173 45 178 46 
173 47 178 48 
173 49 178 50 
173 51 178 52 
173 53 178 54 
173 55 178 56 
173 57 178 58 
173 59 178 61 
173 63 178 64 
173 65 178 67 
173 68 178 69 
173 70 178 71 
173 72 178 73 
173 74 178 76 
173 77 178 79 
173 80 178 81 
173 82 178 83 
173 84 178 85 
173 88 178 89 
173 90 178 92 
173 93 178 94 
173 95 178 96 
173 97 178 98 
173 99 178 101 
173 102 178 103 
173 104 178 105 
173 107 178 108 
173 110 178 111 
173 112 178 113 
173 114 178 115 
173 116 178 117 
173 118 178 119 
173 122 178 123 
173 124 178 125 
173 126 178 127 
173 128 178 130 
173 132 178 133 
173 134 178 135 
173 136 178 137 
173 138 178 139 
173 141 178 142 
173 143 178 144 
173 145 178 146 
173 147 178 148 
173 149 178 150 
173 151 178 152 
173 154 178 155 
173 156 178 157 
173 158 178 159 
173 161 178 162 
173 163 178 164 
173 165 178 166 
173 167 178 168 
173 170 178 171 
173 172 178 174 
173 175 178 177 
173 178 178 179 
173 180 178 181 
173 182 178 183 
173 184 178 185 
173 186 178 187 
173 189 178 190 
173 191 178 192 
173 193 178 194 
173 195 178 196 
173 197 178 198 
173 199 178 200 
173 201 178 202 
173 203 178 204 
173 205 178 206 
173 207 178 208 
173 209 178 210 
173 211 178 212 
173 213 178 214 
173 215 178 216 
173 217 178 218 
173 219 178 220 
173 221 178 222 
173 223 178 224 
173 229 178 231 
173 232 178 233 
173 234 178 235 
173 236 178 237 
173 238 178 239 
173 240 178 242 
173 243 178 244 
173 245 178 246 
173 247 178 248 
179 0 184 2 
179 3 184 4 
179 5 184 6 
179 7 184 8 
179 10 184 11 
179 12 184 13 
179 14 184 15 
179 16 184 17 
179 18 184 19 
179 20 184 21 
179 23 184 24 
179 25 184 26 
179 28 184 30 
179 31 184 32 
179 34 184 35 
179 36 184 37 
179 38 184 39 
179 40 184 41 
179 42 184 43 
179 44 184 45 
179 46 184 47 
179 48 184 50 
179 52 184 53 
179 54 184 55 
179 56 184 57 
179 58 184 59 
179 60 184 61 
179 62 184 63 
179 64 184 65 
179 66 184 67 
179 70 184 71 
179 72 184 73 
179 74 184 75 
179 76 184 77 
179 78 184 79 
179 80 184 81 
179 82 184 83 
179 84 184 85 
179 86 184 87 
179 88 184 89 
179 90 184 91 
179 92 184 93 
179 94 184 95 
179 96 184 97 
179 98 184 99 
179 100 184 101 
179 102 184 103 
179 104 184 105 
179 106 184 107 
179 108 184 109 
179 110 184 111 
179 112 184 113 
179 114 184 116 
179 117 184 119 
179 120 184 121 
179 122 184 123 
179 124 184 125 
179 126 184 127 
179 128 184 129 
179 130 184 131 
179 133 184 134 
179 135 184 136 
179 137 184 138 
179 139 184 140 
179 141 184 142 
179 143 184 144 
179 145 184 146 
179 147 184 148 
179 149 184 150 
179 151 184 152 
179 156 184 157 
179 158 184 159 
179 160 184 161 
179 162 184 163 
179 164 184 166 
179 167 184 168 
179 170 184 171 
179 172 184 173 
179 174 184 175 
179 176 184 177 
179 178 184 179 
179 180 184 181 
179 182 184 183 
179 184 184 185 
179 186 184 187 
179 188 184 189 
179 190 184 191 
179 192 184 194 
179 195 184 196 
179 197 184 198 
179 199 184 200 
179 201 184 203 
179 204 184 205 
179 206 184 207 
179 208 184 209 
179 210 184 211 
179 212 184 213 
179 214 184 215 
179 216 184 218 
179 219 184 220 
179 221 184 222 
179 223 184 224 
179 225 184 226 
179 227 184 228 
179 229 184 230 
179 231 184 232 
179 233 184 235 
179 236 184 237 
179 238 184 239 
179 240 184 241 
179 242 184 243 
179 244 184 245 
179 246 184 247 
185 0 190 1 
185 3 190 4 
185 5 190 6 
185 7 190 8 
185 9 190 10 
185 11 190 12 
185 13 190 14 
185 15 190 16 
185 17 190 18 
185 19 190 20 
185 21 190 22 
185 23 190 24 
185 26 190 27 
185 28 190 29 
185 30 190 31 
185 32 190 34 
185 36 190 37 
185 38 190 39 
185 40 190 42 
185 43 190 44 
185 45 190 46 
185 47 190 48 
185 49 190 50 
185 52 190 53 
185 54 190 55 
185 56 190 57 
185 58 190 59 
185 62 190 63 
185 66 190 67 
185 68 190 69 
185 70 190 71 
185 72 190 73 
185 74 190 75 
185 76 190 77 
185 78 190 79 
185 80 190 81 
185 82 190 83 
185 84 190 85 
185 89 190 90 
185 91 190 92 
185 93 190 94 
185 96 190 97 
185 98 190 99 
185 100 190 101 
185 102 190 103 
185 104 190 106 
185 107 190 108 
185 109 190 110 
185 111 190 112 
185 114 190 115 
185 116 190 117 
185 118 190 119 
185 120 190 121 
185 122 190 123 
185 124 190 126 
185 128 190 129 
185 131 190 132 
185 133 190 134 
185 135 190 136 
185 137 190 138 
185 140 190 141 
185 142 190 144 
185 145 190 146 
185 147 190 148 
185 149 190 150 
185 151 190 152 
185 153 190 154 
185 155 190 156 
185 157 190 159 
185 160 190 162 
185 163 190 164 
185 165 190 166 
185 167 190 168 
185 169 190 170 
185 172 190 173 
185 174 190 175 
185 176 190 177 
185 178 190 179 
185 180 190 181 
185 182 190 183 
185 184 190 185 
185 186 190 187 
185 188 190 189 
185 192 190 193 
185 194 190 195 
185 196 190 197 
185 198 190 199 
185 200 190 201 
185 202 190 203 
185 204 190 205 
185 206 190 207 
185 208 190 209 
185 210 190 211 
185 212 190 213 
185 214 190 215 
185 216 190 217 
185 218 190 219 
185 221 190 222 
185 223 190 224 
185 226 190 227 
185 228 190 229 
185 230 190 231 
185 232 190 233 
185 234 190 235 
185 236 190 237 
185 238 190 240 
185 241 190 243 
185 246 190 247 
191 0 196 1 
191 3 196 4 
191 5 196 6 
191 7 196 8 
191 9 196 11 
191 12 196 13 
191 16 196 17 
191 18 196 19 
191 20 196 21 
191 22 196 23 
191 24 196 25 
191 26 196 27 
191 28 196 29 
191 30 196 31 
191 32 196 33 
191 35 196 36 
191 37 196 38 
191 39 196 40 
191 42 196 43 
191 44 196 46 
191 47 196 49 
191 51 196 52 
191 53 196 54 
191 55 196 56 
191 57 196 58 
191 59 196 60 
191 61 196 63 
191 64 196 65 
191 66 196 67 
191 68 196 69 
191 70 196 71 
191 72 196 73 
191 75 196 76 
191 77 196 78 
191 80 196 81 
191 82 196 83 
191 85 196 87 
191 88 196 89 
191 90 196 91 
191 92 196 93 
191 94 196 95 
191 96 196 98 
191 99 196 101 
191 102 196 103 
191 105 196 106 
191 108 196 109 
191 111 196 112 
191 113 196 115 
191 116 196 117 
191 118 196 119 
191 120 196 122 
191 123 196 124 
191 125 196 126 
191 128 196 130 
191 131 196 132 
191 133 196 134 
191 136 196 138 
191 139 196 141 
191 142 196 143 
191 144 196 145 
191 146 196 147 
191 148 196 149 
191 150 196 152 
191 153 196 154 
191 155 196 156 
191 157 196 158 
191 161 196 162 
191 163 196 164 
191 165 196 166 
191 167 196 168 
191 169 196 171 
191 172 196 174 
191 175 196 176 
191 177 196 178 
191 179 196 180 
191 181 196 182 
191 183 196 184 
191 185 196 186 
191 187 196 189 
191 190 196 191 
191 192 196 193 
191 194 196 195 
191 196 196 197 
191 198 196 199 
191 200 196 201 
191 202 196 203 
191 204 196 205 
191 206 196 207 
191 208 196 209 
191 210 196 211 
191 213 196 214 
191 215 196 216 
191 217 196 218 
191 219 196 220 
191 221 196 222 
191 223 196 224 
191 225 196 226 
191 227 196 228 
191 229 196 230 
191 231 196 232 
191 233 196 234 
191 235 196 236 
191 238 196 239 
191 240 196 241 
191 244 196 245 
191 246 196 247 
197 0 199 3 
197 4 199 7 
197 8 199 10 
197 12 199 15 
197 17 199 20 
197 22 199 25 
197 26 199 29 
197 30 199 33 
197 34 199 37 
197 38 199 41 
197 42 199 45 
197 46 199 49 
197 50 199 53 
197 54 199 57 
197 58 199 61 
197 62 199 65 
197 66 199 69 
197 70 199 73 
197 74 199 77 
197 82 199 85 
197 90 199 93 
197 98 199 101 
197 102 199 105 
197 107 199 110 
197 111 199 114 
197 115 199 118 
197 119 199 121 
197 122 199 125 
197 126 199 129 
197 130 199 133 
197 135 199 138 
197 139 199 142 
197 145 199 148 
197 150 199 153 
197 154 199 157 
197 158 199 161 
197 162 199 165 
197 167 199 170 
197 171 199 174 
197 175 199 178 
197 179 199 182 
197 183 199 186 
197 187 199 190 
197 192 199 195 
197 197 199 200 
197 201 199 204 
197 205 199 208 
197 209 199 212 
197 213 199 216 
197 217 199 220 
197 221 199 223 
197 224 199 227 
197 228 199 231 
197 232 199 235 
197 236 199 239 
197 240 199 243 
197 244 199 246 
