750
995 894
104 428
0 628
996 661
336 262
417 968
273 8
64 518
657 825
227 455
545 695
941 339
54 461
207 474
782 115
182 475
82 847
487 981
180 600
980 793
919 414
528 80
897 198
290 470
496 415
750 788
512 990
97 612
882 758
974 155
916 257
773 188
824 534
490 716
248 405
337 631
999 102
684 138
632 128
234 288
395 59
673 715
143 26
635 529
759 770
46 595
608 171
338 372
449 721
760 872
816 153
589 344
737 401
226 270
295 735
586 795
622 705
580 392
355 231
636 977
937 846
558 157
542 630
993 204
714 744
696 982
666 789
185 481
590 817
979 662
607 51
363 403
525 409
236 101
61 881
943 858
224 410
578 484
246 413
965 751
517 801
168 458
44 150
717 911
116 562
327 617
49 615
945 55
324 399
365 697
683 932
427 774
918 199
901 927
437 242
585 930
126 494
266 124
973 765
85 96
84 668
660 6
350 835
806 579
57 123
47 643
752 909
659 501
90
699 432
710 553
903 513
161 868
805 572
603 928
653 988
498 386
385 949
564 469
478 373
920 285
31 991
264 67
165 929
291 866
129 137
879 30
99 808
753 93
957 511
382 796
221 341
146 573
676 252
552 726
853 243
681 27
343 256
53 571
271 524
175 856
466 762
482 670
151 912
834 800
686 408
36 492
898 304
583 394
857 620
884 841
76 114
609 259
398 637
577 582
345 960
147 133
359 238
876 91
40 832
698 169
587 454
253 984
134 388
117 794
464 664
522 873
215 297
131 720
12 424
2 952
88 471
961 434
322 675
306 568
527 703
892 452
244 521
625 947
318 108
934 95
459 837
68 191
173 32
634 156
598 985
445 940
10 813
700 810
310 548
883 619
436
196
152 307
783 624
828 838
618 510
237 269
749 444
20 162
366 438
371 422
946 544
37 861
71 183
891 195
694
158 967
418 72
111
206 769
384 160
105 740
711 665
251
119 390
334
506
709 537
214 651
419 321
902 910
633 130
331 465
477
407 368
862 376
353 701
79 218
18 566
904 280
784
460
335 818
66 163
457
798 144
425
194
467
69 915
190 885
383 840
223 447
86 65
921
809
523 814
58 543
629
626
893
871 563
535 601
495 503
443 289
476 263
642
192
1
28
176
614
7
963
833 581
685 426
953 956
731 599
829
878
852
763 402
313
330 15
787
16
135
323
923
556
958 52
121
201
724
189
56
412
584
509
557
707
781 118
9
60
197
172 674
29
141
994
193
205
646
766
493
826
100
74
14
43
122
538
647
500
906
48
935
375 547
250 94
142
655
649
734
75
616
971
286
103
439
348
611
741
219
955
780
110
293
938
479
296
166
504
329
347
689 249
592
346
948
823
844
420
268
435
677
820
109
997
998
761
24
125
951
742
406
210
245
148
411
42
276
132
112
767
867
520
374
377
540
220
745
451
803
764
312
357
317
691
239
899
850
275
533
728
925
211
736
316
889
966
843
453
799
167
4
516
605
964
591
351
107
567
596
485
13
606
230
497
536
309
644
325
638
120
235
519
379
859
393
225
179
905
463
727
613
200 797
830
502
468
202
959
627
723
499
532
743
73
931
354
332
778
340
284
621
678
747
574
807
722
978
489
514
222
869
730
181
254
815
333
430
507
531
559
831
802
575
970
282
303
692
267
326
667
378
70
265
448
914
682
170
746
283
732
565
854
240
174
704
279
178
839
136
17
387
3
576
62
209
777
812
729
922
880
78
811
45
298
754
926
319
602
25
855
255
247
917
976
491
258
688
907
663
604
713
77
983
645
569
515
164
874
772
652
5
860
21
203
38
208
895
473
360
397
623
845
712
431
790
690
486
875
702
888
706
896
936
551
184
755
791
342
441
775
22
555
680
396
658
672
733
364
81
450
228
328
671
776
315
212
851
849
505
63
140
98
446
89
300
827
804
299
186
785
848
381
942
541
421
229
232
593
261
924
391
908
950
640
233
358
35
975
738
39
989
933
356
992
641
308
159
370
23
779
213
560
216
400
748
526
939
656
693
863
679
819
369
554
650
597
33
361
277
423
756
822
639
594
241
570
145
768
311
442
842
610
177
292
648
962
719
440
362
986
987
272
301
488
483
154
456
900
433
41
718
92
260
877
821
278
404
546
149
106
281
786
865
669
687
380
530
274
944
287
113
352
708
886
302
367
792
539
508
549
654
305
870
480
349
389
913
320
462
429
550
139
11
19
972
954
34
314
127
217
864
561
87
472
725
887
588
739
836
50
83
757
771
187
294
969
416
890
