750
94 344
918 383
51 262
661 545
947 264
179
813 832
808 144
153 61
883 105
5
652
752 487
622 250
850
716 598
774 783
111
423
756
899
129 454
879 475
59 288
490 191
787
408 330
926
388 116
286
103
439
348
611
741
219
955
780
801 270
723
499
834 471
710 71
636 432
465 882
682
579 138
463
727
613
97 511
11
995 800
50
479
12 912
251
596
567
23
95 437
147 368
112
630 737
157 961
242 930
585 46
352
586 676
259 705
951
742
406
210
245
148
411
80 564
722
978
399 617
793 234
176
68 979
917
247
255
855
25
481 146
665 544
821
921
809
673 117
47 150
49 915
885 458
663
604
713
946 306
703 30
197
60
9
509
557
956 517
629
543 438
851
27 796
419 974
45
37 478
336 619
436
196
538
398 214
381
848
230
606
13
905
211
925
728
44 750
755
184
249 873
717 828
562 253
202
695 337
70
378
375 824
424 128
765 168
422 338
312
803
764
702
888
706
896
936
940 482
143 151
852
878
829
731 345
393
859
40 363
612 169
712
431
744 945
797 982
355 991
751 93
898 409
413 401
226 384
449 295
10 953
369
920 54
16
135
323
923
556
522 600
605
964
591
513 542
115 495
216
298
670 581
391
908
950
397
623
502
830
846 760
939
526
72 171
291 162
164
735 518
38
575
970
599 876
39
858 221
707
462
81
450
415 615
732
283
746
170
563 123
400
806 881
236 263
642
192
1
28
120
943 937
638
325
644
309
536
34
634 980
166
296
512 633
43
122
628 248
261
223 884
472
302
505
63
909 872
804
568 721
469 331
343 52
121
201
724
189
79 156
421
376 394
550
99 929
217
22
775
441
371 474
239
996 498
738
635 749
425
798 868
457
269 571
328
671
776
941 257
173 165
346
948
823
460
784
654
865
669
42
276
132
506
334
356
933
297 484
373 224
87
228
466 578
159
370
404
546
203
21
860
83
659 246
962
841 133
677
268
435
418 405
232
317
691
252 837
91 853
553 55
699 608
835 660
90
664 501
662 64
205
82 984
374
182 521
290 892
997
998
761
24
125
387
17
316
736
730
181
820
109
770 957
272
102 928
320
913
353 981
118 862
407 20
720 587
209
965 215
566 816
428 657
779
48
758 160
155 968
225
836
814 653
869
222
514
92
688
134 715
467
194
84 927
935
183 681
256 891
229
576
62
0 152
528 206
822
843
966
889
924
446
89
618 395
14
74
100
826
493
551
470 817
277
778
340
392 932
200 999
594
241
266 476
975
503 85
301
488
67 916
227 285
207 711
507
430
333
602
390 243
32 833
539
508
574
807
971
616
75
626
893
347
15 857
235
519
523 620
358
233
455 524
856 763
976
220
745
451
919 773
193
994
141
137 934
299
386 552
327 158
274
426 977
692
267
198 683
794 583
8 434
57 492
845
114 789
887
119 126
529 237
910 759
819
679
65 130
139
802
831
686 674
365 726
786
427 818
208
645
569
959
627
18 414
416
332
689 231
382 307
520
867
767
260
958 76
305
56
412
584
684 871
648
743
6 952
894 668
655
649
734
565
854
694
195 525
603 53
754
300
827
516
265
799
453
548 911
489
110
293
938
240
324 825
500
647
561
275
533
448
107
258
351
357
839
178
279
704
174
238 447
866 558
658
667
326
791
342
29
86 172
639
136
315
212
204 624
496 838
311
304 988
362
733
364
473
360
672
477
559
531
313
701 402
154
483
273 464
708
886
990 904
244 788
811
78
442
782 108
969
335 643
98
140
308
641
992
372 709
289 595
410 58
377
781 637
675 461
339 609
680
646
766
607 443
281
697 341
420
895
944
719
440
747
678
515
696 527
278
922
729
812
777
282
303
452 840
718
254
815
491
319
656
601 805
931
73
842
592
540
610
366 769
127
403 625
314
4
167
790
690
486
875
874
280 590
986
396
914
329
504
942
541
983
354
41
433
26 632
379
849
77
350 810
588
973 131
367
218 96
785
901 993
385 101
698 199
3
213
621
693
863
757
445 494
113
310 847
963
7
614
748
906
554
186
907
725
593
19
177
560
771
897 960
271 582
2 175
762 861
284
597
795 967
359 417
902 510
844
321 31
33
361
650
292
987
485
880
570
35
532
149
106
185 580
69 535
36 985
549
287
768
145
349
389
700 589
631 66
687
380
530
772
685 88
989
870
480
651 577
555
954
972
900
456
294
864
537 740
468
573 444
429
187
322 753
190 534
572 104
903 124
877
640
890
142
792
163 949
739
497
714 188
180 459
161 547
318 666
