750
408 20
695 151
847 765
622 445
712
431
418 744
982 834
618 789
264 481
364
375 134
175 681
587 243
762 835
670 537
396
93 857
130 661
336 974
54 331
962
443 619
436
196
599 413
279
178
839
373 816
160 760
641
992
991 547
206 285
67 572
304 69
823
460
784
654
865
669
289 833
452 280
853 84
800 71
231 204
665 580
146 415
242 72
199 158
624 428
212
107
567
596
251
256 339
864
997
290 76
145
768
244 630
423
756
899
288 609
272
943 770
410 684
116 699
859
393
571 566
763 873
140
98
347
893
626
64 552
730
736
316
889
636 214
538
122
43
977 801
931
701 249
78
286
103
439
348
611
741
219
955
780
110
601 366
284
957 758
155 911
87
228
328
671
776
15 173
346
773 165
824 563
224 808
150 131
940 705
70
378
589 432
492 88
188 218
241
6 266
743
73
930 487
403 927
51 668
551
817 633
185 676
342
438 371
117 162
80 105
666 470
338 503
412
584
509
557
707
12 858
458 578
44 996
635 674
738
239
262 182
838 805
311
711 484
227 365
358
233
455 586
735 30
548 363
129 259
66 637
457
267
692
581 414
416
398 434
569
645
652
5
860
21
133 321
815
40 355
58 169
45
498 478
664 385
984 180
729
922
880
4
516
268
435
585 841
832 297
179
194
467
883 861
334
506
132
276
42
829
878
956 511
11
298
754
603 659
195 995
50
156 496
646
141
994
193
965 459
246 390
706
888
702
648
292
2 814
936
55 482
769 128
353 168
896
881 653
928 126
987
61 190
383 840
462
81
450
281
324 796
850
275
533
742
951
570
17
387
138 573
682
448
914
493
826
100
795 651
394 751
715 620
688
258
494 368
988 388
28
176
614
7
963
608 683
209
856 720
528 612
788 384
429
550
191 99
325
644
309
536
147 68
112
14
74
529 96
25
602
220
745
451
406
210
245
148
411
495 269
473
360
397
623
502
830
594
417 949
144 386
615 525
101 960
23
663
604
713
306 65
230
606
13
905
463
91 198
579 238
792
192
696 513
591
964
605
41
433
34
314
90
476 660
92
250 444
978
722
26 564
686 474
315
966
843
453
799
167
326
667
273 904
787
330 104
102 562
320
409 382
401 236
685 628
261
924
461 753
680
617 582
747
678
697 234
399 698
200 545
497
248 207
851
27 915
303
282
39
876 631
359 774
111
345 967
485
921
809
205
257 350
588
465 973
137 934
937 558
638
120
948
63
505
302
367
675 662
607 868
265
271 884
527 270
723
499
532
149
546
203
627
959
323
923
556
522 341
543 327
629
812
777
46 226
344 295
153 901
237 86
22
775
441
894 152
866 161
952 454
559
477
912 310
719
440
647
500
906
48
935
694
351
357
317
691
75
616
971
807
574
183 544
127
37 512
312
395 291
3
576
62
0 932
274
420
575
970
938
479
296
166
504
980 898
908
391
19
446
89
852
208
38
211
925
728
202
337 846
939
52 10
464 163
184
755
471 703
255
247
917
642
871 263
36 709
975
85 143
225
836
277
778
340
349
374
979 82
771
560
216
517 115
969
108 343
370
159
308
381
848
235
519
379
854
240
518 825
621
520
867
767
260
24
125
421
797 376
733
515
164
643 524
910 752
217
47 600
961 419
918 469
121
201
724
189
124 958
885 716
737 405
252 475
114 945
369
953 759
819
679
592
377
781 97
9
60
197
887
993 813
109
820
677
802
831
929 794
466 534
490 501
632 673
293
489
649
734
565
732
710 657
94 49
872 897
804
731 726
352
171 892
526
748
400
985 407
392 818
727
613
842
540
791
283
746
170
486
690
976
333
430
507
531
313
221 372
287
113
447 424
874
426 583
933
356
354
332
213
16
135
944
869
222
514
593
56
827
300
123 810
806 521
318 947
480
764
803
886
708
77
983
177
658
1
299
422 782
972
329
491
319
656
693
849
18 999
785
174
704
837 990
920 95
157 31
844
442
790
29
610
118 53
561
639
136
634 253
640
821
402 714
335 721
811
946 717
389
425
828 798
449 542
855
380
687
870
989
427 553
786
672
483
154
35
766
549
916 902
301
488
875
845
597
740 981
468
172 689
863
232
229
79 909
254
718
472
223 577
907
725
750 32
530
772
404
142
655
998
761
895
779
757
186
554
650
361
33
822
278
568 57
926
106
541
942
305
59 625
539
508
749 523
900
456
294
950
181
598 862
968 437
119 941
139
793 903
322 595
187
362
986
555
913
877
890
700 882
590 535
739
954
783 891
83
919 215
8 510
307 879
