750
847 795
23
567
596
251
663
79 455
662 566
280 607
766
705 884
695 527
525 932
90
84 517
751 368
581 415
284
20 432
774 710
178
839
324 95
837 414
182 218
172 586
334
506
119 709
2 957
796 306
713
604
11
104 511
984 424
729
922
393
359 977
253 355
815
467
194
179
225
836
277
778
340
859
327 699
301
272
634 609
899
239
26 783
118 673
325
644
309
536
34
816 175
821
921
809
470 711
65 227
405 542
145
768
750 808
115 601
208
852
878
829
16
475 0
807
574
508
210
406
742
951
570
241
678
747
668 981
912 973
603 670
735 123
38
575
970
57 622
712
825 188
919 612
997
928 290
139
653 445
869
222
514
92
191 578
174
704
279
413 674
436
196
834 838
846 510
830
740 871
597
459 910
633 817
551
493
826
100
74
14
43
331 171
366 129
907
894 759
417 518
399 383
698 190
302
505
63
410 872
133 338
610
165 590
545 737
706
888
702
348
611
741
219
955
780
101 801
46 534
88 949
683 589
833 632
401 18
211
925
728
533
275
150 598
439
103
286
78
811
965 15
193
994
696 862
407 495
216
298
754
926
80 568
134 465
117 285
482 363
936
721 814
372 731
992
937 617
521 234
408 892
947 94
902 262
82 345
99 155
758 915
931
73
743
146 353
242 794
388 744
49 630
995 466
358
233
141
587 498
444 238
421
125
24
260
458 76
885 897
893
626
64 806
730
736
316
40 339
215 481
651 44
315
797 474
153 857
818 344
456
70
378
54 335
435
268
516
605
964
591
513 69
386 32
686 548
672
477
559
810 952
300
827
249 169
231 51
661 979
162 685
476 438
848
381
214 390
538
122
785
749 295
619 552
962
460
784
654
865
669
259 974
841 840
697 572
851
631 207
858 461
224 660
484 86
880
4
823
844
185 31
437 563
756
423
130 105
451
745
220
602
25
855
255
247
116 52
464 528
47 10
990 940
788 96
411
148
245
121
201
724
189
124 946
648
292
558 544
993 163
28
176
614
7
963
779
48
906
500
647
561
509
666 102
584
412
236 37
409 805
320
913
746
170
486
317
691
318 835
579 365
463
144 991
769 615
53 945
226 717
592
346
762 173
776
671
328
228
281
450
81
402 27
313
531
68 108
370
564 200
722
978
160 250
468
502
623
397
950
908
901 151
395 199
446
89
618 635
738
982 996
789 246
520
867
767
649
734
75
616
971
205
496 350
588
645
569
595 492
845
223 726
87
943 152
271 624
158 447
311
961 988
362
342
676 582
29
243 543
629
812
288 376
889
966
843
453
799
167
258
688
85 715
800 469
373 478
45
659 956
512 573
483
109
820
677
802
831
909 583
874
204 681
850
487 337
652
5
860
21
203
904 793
106
791
326
71 879
330 999
787
918 273
161 930
972
329
347
98
140
664 832
813 126
887
197
449 703
352
761
998
192
642
263 36
628 426
261
924
522 753
209
777
934 585
299
343 422
594
138 12
479
938
694
898 967
798 72
257 157
824 59
128 93
650
110
114 198
19
391
392 97
727
613
556
923
323
135
39
876 248
786
553 881
550
733
364
473
360
763 55
986
471 195
861 384
960 853
620 428
168 927
3
237 291
22
775
441
765 958
692
267
457
886
708
374
655
312
803
764
283
732
565
701 147
217
127
156 752
50
91 985
177
112
132
276
42
491
333
430
507
489
293
804
707
462
385 183
111
310 716
539
501 625
17
387
332
416
8 398
166
296
136
639
849
627
723
499
532
149
546
181
254
718
929 371
67 434
529 244
819
679
646
375 903
9
60
866 266
658
1
914
448
107
351
357
278
404
282
303
379
854
240
420
895
944
274
377
535 781
187
720 137
30 454
354
356
933
989
159
308
641
714 773
760 577
519
235
396
680
56
593
232
229
576
62
213
621
656
77
983
35
425
440
719
640
905
13
606
230
497
524 264
341 856
143 382
530
772
935
164
515
959
184
755
883 403
939
526
748
400
917
976
690
61 665
987
297 873
367
975
920 689
739
380
687
870
599 494
202
562 600
868 452
154
693
863
265
782 394
131 304
6 443
369
941 953
667
560
771
682
842
540
549
891 770
361
33
968 336
900
427 256
864
442
790
431
287
221 322
480
896
638
120
948
83
206 523
547 58
419 289
700 657
636 503
142
822
684 269
911 675
349
319
504
942
541
555
433
41
389
418 252
557
305
488
875
757
186
554
294
969
792
828 637
485
472
725
314
429
212
571 580
490 882
608 537
113
877
890
321 180
954
980 643
307 66
916 270
