750
511 20
268
435
677
820
109
997
257 290
239
182 876
786
306 458
703 866
580 137
735 495
705 498
207 795
782 101
630 525
403 884
860
21
203
627
723
499
532
743
825 471
251
119 637
334
506
398 872
63
505
302
335 698
852
482 57
936
280 814
842
141
994
193
965 310
246 587
962
460
784
654
865
669
974 789
982 636
981 937
638
325
353 285
97 953
369
94 53
190 710
383 215
121
373 681
557
509
455 114
744 932
405 231
631 76
125
951
742
452 501
90
84 65
660 572
857 868
620 130
715 841
688
258
898 185
423
756
899
659 487
510 752
463
579 577
859
393
116 40
812
629
273 543
417 892
708
886
457
749 617
941 366
520
867
102 401
684 915
272
609 608
507
430
333
612 150
70
810 940
300
529 977
345 683
12 304
394 494
585 344
824 980
716 773
451
745
220
602
25
855
138 542
387
17
991 195
957 93
796 700
858 443
881 49
314
4
823
844
31 465
632 67
120
889
622 375
214 470
105 242
198 226
596
567
23
873 927
367
973 985
436
196
307 624
667
36 571
497
230
606
13
905
211
490 256
924
446
406
210
245
148
411
758 96
155 568
675 115
808 390
410 134
984 80
664 454
896
19
298
754
603 117
794 740
171 518
815
653 355
869
222
514
92
260
767
649
734
75
616
971
286
103
801 947
48
906
500
647
561
87
726 321
952 676
730
736
478 253
517 59
800 168
11
751 912
146 392
803
764
741
611
348
702
888
706
836
225
179
165 813
10 920
975
709 180
942
166
296
479
938
694
722
978
737 475
827
56
412
18 338
849
964
605
41
433
34
956 770
98
140
46 805
249 928
728
925
395 183
312
331 37
447 336
840 967
441
775
22
237 798
352
761
765 988
322 695
378
432 409
945 51
916 324
634 188
658
691
317
760 95
821
921
891 365
574
807
388 144
554
901 438
422 82
662 544
763 607
837 234
399 6
668 158
678
747
88 999
589 562
153 248
202
600 343
241
391
492 581
908
712
431
14
43
61 424
943 175
271 55
377
781 958
9
60
197
887
172 126
159
370
404
546
149
645
569
449 434
5
652
276
42
564 673
8 524
894 512
68 386
513 459
556
923
323
135
16
531
313
402 295
614
176
44 949
7
963
847 834
462
707
318 131
521 376
123 407
400
628 993
738
635 911
548 118
610
759 769
224 385
657 484
413 879
553 545
550
243 99
244 252
15 816
811
78
701 204
995 968
358
233
515
959
414 731
416
332
778
340
107
448
914
493
826
100
74
368 26
143 474
444 339
685 861
71 918
833 437
539
508
122
538
642
263 721
670 372
992
356
933
583 897
588
350 79
205
289 85
503 161
666 699
178
839
948
346
173 615
819
679
552 797
871 91
316
528 643
269 52
445 979
536
309
644
106
746
170
486
690
223 665
283
732
565
191 147
112
132
311
133 461
199 363
547 238
282
303
47 27
162 618
878
829
804
293
110
371 2
279
704
174
848
381
206 218
687
326
791
573 160
483
154
192
1
28
604
713
77
934 806
299
420
575
970
359 481
590 651
86 469
594
830
200 788
496 262
661 929
217
127
720 408
209
777
194
467
228
328
671
776
655
374
425
342
327 674
274
124 697
189
724
201
337 382
530
621
213
62
576
560
216
468
502
428 902
267
692
772
960 818
771
930 152
838 582
832 762
680
646
766
874
164
626
893
347
907
663
870
885 66
181
254
718
291 817
551
558 598
939
828 846
157 64
935
578 259
504
329
972
275
850
476 853
477
559
831
802
139
793 619
453
799
167
790
976
491
351
357
787
330 714
247
255
380
809
69 711
523 227
877
640
719
440
142
822
843
466 30
856 535
349
397
623
845
235
519
379
854
240
966
136
996 601
3
315
212
851
208
38
33
597
45
835 169
145
768
780
955
219
278
922
729
421
534 156
456
39
989
427 909
294
186
785
439
442
29
81
450
281
341 264
733
364
473
360
672
563 686
261
472
725
696 464
480
537 221
73
931
354
983
177
292
648
592
882 862
682
727
613
961 236
584
987
656
319
926
489
650
288 904
89
24
184
755
591
895
944
287
113
516
265
270 266
863
917
693
485
111
774 783
83
151 599
880
639
986
540
549
35
570
875
533
900
232
593
320
913
389
277
361
396
555
541
301
488
305
753 625
689 415
284
50
779
641
308
748
526
229
864
998
792
362
128 586
0 108
969
910 104
566 418
54 58
429
757
129 750
950
250 946
187
903 595
919 883
419 163
954
717 32
890
739
426 297
522 384
990 633
527 72
