750
797 289
552 306
713
604
663
31 751
84 206
547 884
282
303
115 190
475 717
807
574
508
210
406
742
951
570
241
678
747
946 668
617 937
992
356
334
506
132
276
42
829
878
852
208
38
735 587
137 427
30 402
313
494 330
899
414 249
728
925
211
736
316
889
95 636
936
482 152
637 866
658
511 965
11
298
754
926
568 828
14
43
424 720
209
777
812
288 116
13
606
230
497
341 858
707
257 259
66 481
789 798
71 982
270 8
723
499
609 705
272
987
943 204
185 61
662 817
438 51
162 521
934 643
979 910
176
614
7
963
4
823
460
784
654
865
669
795 974
45
478 697
644
309
536
709 147
935
48
2 947
892 108
770 350
629
537 543
109
820
808 359
269 813
384 699
605
964
591
513 383
52 495
556
923
932 231
695 445
664 941
580 134
622 885
915 525
101 883
321 65
837 810
921
809
577 711
251
769 386
160 158
468
502
830
594
712
431
744 32
867
767
260
24
125
421
464 598
708
886
457
267
692
765 630
111
423
756
563 805
466 161
328
571 443
177
835 861
273 904
18 417
412
584
436
307 413
196
538
214 248
875
595 310
375 372
133 566
345 581
529 227
252 534
435
268
516
265
70
49 868
425
188 26
409 916
631 461
207 12
242 117
740 958
483
573 67
456
28
1
192
72 698
55 967
365 684
881 589
680
102 143
320
913
746
243 454
16
135
323
493
826
100
528 405
290 897
997
998
761
352
246 585
786
199 608
553 476
191 853
174
704
279
178
839
224 909
459 484
228
281
450
81
462
46 834
98
140
455 796
957 683
520
873 82
737 818
771
560
216
628 407
862 961
726 471
952 155
911 758
612 126
930 788
681 918
515
603 710
524 40
393
859
579 469
731 670
912 920
477
559
531
649
734
75
616
971
286
103
439
348
611
741
977 371
956 331
780
801 237
110
338 601
146 171
596
567
23
960 902
437 363
319
238 685
503 91
496 832
236 80
877
532
743
871 6
590 68
896
10 168
165 760
367
302
505
63
428 759
88 816
821
138 634
387
17
991 518
716 535
850
401 395
474 432
315
966
843
548 344
223 153
392 988
368 665
426 59
54 388
112
694
562 195
107
448
914
959
627
849
602
25
855
255
247
263 410
635 578
738
996 234
545 632
733
364
473
360
327 198
394 949
721 782
804
872 703
197
60
9
509
557
799
453
781 512
377
374
182 94
647
500
906
775
22
181
730
129 894
325
638
120
993 285
762 544
891 156
151 582
908
391
19
446
89
266 490
128 15
938
479
296
169 200
47 262
148
245
339 659
389
215 99
550
358
620 93
50
657 825
64 753
676 995
779
449 927
194
467
815
419 355
869
222
514
92
688
353 715
783 97
170
486
882 318
104 527
768
145
752 76
205
903 399
551
558 673
650
924
261
472
725
907
347
857 953
522 599
980 291
452 118
800 876
39
989
378
833 53
831
498 898
44 624
600 583
874
646
141
994
27 85
193
773 398
451
745
220
976
333
430
507
607 846
939
526
569
645
652
5
860
21
203
793 221
802
575
970
667
691
317
357
351
258
491
626
893
56
593
283
732
615 465
701 879
671
776
173 144
434 336
597
390 847
418 981
87
774 408
848
381
942
166
504
329
972
275
105 763
226 253
295 86
619 37
661 124
189
724
887
326
791
397
623
845
999 492
370
159
308
641
968 458
239
819
679
304 244
463
727
613
842
985 675
57 218
235
519
379
854
722
978
592
346
948
844
420
895
240
702
888
706
487 814
682
274
415 750
217
127
470 20
764
803
312
256 403
229
576
62
0 973
300
827
945 123
806 666
77
983
354
714 840
718
254
277
778
340
284
621
213
332
416
163 572
841 79
677
510 69
660 96
90
314
34
749 175
900
293
489
549
517 36
554
186
785
901 250
933
655
183 501
385 366
824 264
114 58
586 297
179
225
836
324 447
311
838 130
139
618 928
533
790
690
369
975
766
35
121
201
136
639
74
687
380
233
640
719
440
337 794
202
150 322
113
287
164
3
541
184
755
565
955
219
278
299
280 422
986
342
441
29
642
917
693
656
292
648
962
772
530
625 382
856 689
349
672
686 119
546
149
33
361
396
811
78
442
929 940
212
851
106
787
944
301
488
305
400
748
433
41
931
73
633 700
122
187
429
757
232
863
411
157 564
373 542
540
922
729
984 696
822
142
362
792
539
404
343 444
905
610
480
870
651 271
167
561
864
739
588
880
485
180 172
954
555
890
523 990
131 674
83
154
950
294
969
335 376
919 653
