750
408 114
40 726
559
477
331 993
225
947 80
641
992
356
334
506
132
276
42
829
878
852
208
38
735 30
137 568
465 740
160 64
468
502
830
594
510 919
74
100
607 528
662 96
367
709 165
975
750 920
739
286
103
439
348
611
741
219
288 578
159
370
108 458
828 840
969
517 928
554
183 901
199 375
81
450
982 715
688
258
210
406
742
951
570
241
678
747
668 285
6 897
731 350
588
997
290 918
415 204
675 995
779
927 455
233
358
35
460
784
654
865
669
974 892
45
59 683
963
7
614
176
28
590 612
788 407
400
696 563
756
423
111
967 716
216
298
754
32 603
195 904
158 53
107
567
596
198 95
67 394
620 445
816 853
681 503
509
557
252 903
585 434
9
60
197
887
475 965
115 124
899
547 289
205
794 535
191 464
279
178
839
14
138 801
387
17
169 991
797 454
886
708
417 371
441
775
22
237 838
273 444
20 65
702
888
706
896
466 916
481 188
789 608
841 46
246 759
513 615
591
964
605
41
433
34
553 175
125
385 625
769 537
29
676 365
342
894 432
664 484
171 224
372 782
798 310
194
467
815
800 355
744 487
867
796 494
391
908
712
862 622
580 834
672
155 884
10 758
846 624
507
430
333
602
25
855
599 542
538
196
436
941 973
977 957
393
859
552 157
633 630
929 635
738
264 490
511 128
11
604
577 915
190 482
936
150 814
836
215 443
674 392
353 751
746
170
268
435
677
817 447
185 427
713
306 218
54 97
457
66 617
736
316
889
8 57
968 339
102 753
680
581 881
284
861 161
954
101 52
247
255
695 979
469 226
643 105
26 470
637 659
312
803
764
955
780
110
43
338 336
320
996 409
584
661 501
341 37
556
923
323
221 858
707
462
383 631
493
826
795 410
327 359
666 133
311
238 498
91 390
933
403 583
874
898 686
831
802
833 985
569
645
652
5
860
21
203
627
723
499
163 227
532
770 981
58 182
376 172
733
364
473
360
248 518
440
719
962
23
960 214
48
906
500
647
561
272
609 720
209
777
812
629
304 543
152 94
515
781 545
337 879
202
717 911
684 249
592
346
173 634
776
671
328
228
281
335 207
497
524 200
961 571
728
414 805
166
296
479
938
147 910
217
127
459 544
821
891 589
930 632
582 118
325
644
309
536
714 946
950
397
623
845
419 492
994
141
122
785
131 984
12 945
438 71
162 619
83
529 774
112
270 368
271 949
117 61
206 883
844
823
265
516
4
167
799
453
843
956 512
262 573
300
827
618 737
533
275
850
401 598
399 256
251
44 912
673 363
474 763
315
966
136
670 68
773 847
451
745
220
976
642
263 388
36 760
576
62
825 0
240
420
575
970
282
303
99 27
550
139
653 806
77
626
893
347
98
140
308
730
181
820
109
483
154
70
378
989
51 231
808 636
586 134
179
905
463
727
613
842
646
766
24
260
767
649
734
75
616
971
386 835
700 525
655
374
156 82
193
520
882 382
421
959
914
448
682
486
317
691
239
153 344
980 452
813 343
864
235
519
379
854
694
722
978
489
293
804
872 324
63
505
302
685 698
412
126 295
146 478
743
73
931
230
606
13
485
921
809
711 601
761
352
461 558
283
732
565
871 765
692
267
257 940
192
1
658
866 76
250 832
31 876
39
135
16
531
313
373 402
121
201
724
189
345 413
422 234
299
934 579
792
857 69
551
322 697
851
824 116
729
922
880
78
811
15 151
261
924
446
89
690
180 665
143 398
416
332
778
340
349
660 856
120
638
937 418
50
93 587
307 762
572 721
168 130
597
33
361
277
254
718
88 943
87
223 595
472
725
907
663
870
527 885
705 47
667
326
791
540
377
425
49 84
90
314
243 710
895
787
291 330
177
983
354
539
508
574
807
3
428 701
259 628
935
651 424
269 321
164
875
449 104
998
988 266
362
790
431
549
679
819
369
952 953
783 437
301
488
85 318
86 521
639
849
18 395
211
925
526
939
562 699
351
357
278
523 999
92
514
222
869
213
621
656
319
491
411
148
245
848
381
942
504
329
972
749 2
900
232
593
56
987
496 703
948
986
280 600
174
704
456
149
546
404
958 810
142
822
748
522 689
242 534
292
648
253 990
917
693
863
757
129 868
287
113
186
294
396
244 837
145
768
184
755
786
650
793 79
106
926
902 548
480
610
442
818 657
771
560
144 564
19
236 366
305
476 119
566 909
873 752
772
530
380
687
429
187
55 471
541
555
944
274
405 426
72 932
212
229
123 495
913
389
640
877
890
384 297
