6647
140 360
8898
8389 9998
326 9997
9754 9992
9777 9854
9694 9800
9507 9957
9864
5889
9287 9999
9873 9981
8175 9837
9633 9928
9492
7956
4830 9994
9241
8470 9991
1259 9984
8610
8626 9993
8507
5482
9144 9985
7475 9989
9416
9489 9983
9375
9967
9310 9980
6505
3367 9978
9121
4987 9973
9778 9969
9436 9933
8035
9787
3277 9974
9924 9976
8253
7647 9972
9009
9637 9968
9137
6610 9971
8474
9932
6096 9966
8662 9962
7415
2675 9964
5893 9963
7422
2163 9959
7807 9965
7282 9946
8843 9807
8212 9945
8664 9856
7259 9869
8599 9891
7846 9702
9088
9409 9952
6992 9958
7074
3128 9950
7989 9955
6383
5108 9953
5181 9951
7809
9131
7932
9677 9949
9797 9947
7267 9954
6905
6223 9944
7080
9237
9941
9509 9943
6341 9937
5213 9939
9531 9914
7652 9903
7206 9884
7134 9895
8835
5772
4167
9757 9942
4002 9934
6669 9931
6328 9900
5639 9666
8012
9113 9927
6686 9880
7981 9911
6175 9785
8601
4835 9926
6615 9918
5818
3824 9929
2367
638 9925
9622 9921
6563 9886
8282 9762
5693 9899
5941 9553
6728
7510
9328
8063 9919
4475 9898
3232
8156
9229 9920
4806 9901
2091
8921 9890
5623
9550 9877
7754 9892
6671 9889
5408 9853
8100 9861
5454
3986 9882
1330 9860
3774
9422
9474 9885
3045 9872
4834
7043
9200 9879
9779
7365
7708 9883
5351 9849
3437 9871
5814 9818
7763 9870
6811 9817
6746 9805
7191 9690
6361 9709
6422 9634
4896 9006
6721
6854 9866
4459 9865
8029
7832
6934
9556
9830
7277 9862
3605
3394 9859
5648
1378 9845
5994
9750
9077 9847
5156
5858 9855
2794
9292 9851
3069 9799
5844 9746
3745
6792 9858
6404
9271 9844
1165 9846
2541 9719
4679 9640
3425 9456
3693 9741
4349 9708
5946 9831
4135 9566
5131
1127 9833
5580 9836
1591 9834
1872 9689
4588 9835
4162
8065
5068 9850
3505 9820
9701
8479 9843
8818 9841
920 9838
9506 9726
3457
8541 9829
4762 9789
4913 9770
2947
1173
9297 9826
9699 9822
3104
8737 9827
9376
5637 9821
1406 9815
9291
5289 9824
8484
7696 9812
9722 9723
4396
7530 9816
184
9093 9819
9749
8534 9811
73
9529 9814
3238
1278 9798
1225
9389
8660 9810
2268 9804
7026
9242
9226 9809
2426
7091 9802
2392 9796
9906
8884 9801
2884 9794
1609 9755
9982
4771
9230 9793
9219
7016 9790
8948 9772
9275 9780
4249 9739
4028
5073 9769
9631 9783
9084 9788
2107 9766
5281 9744
9480
269
8674 9786
9372
8122
8404 9792
8638 9774
9082
8781
5901 9775
8791 9765
3548 9758
1492 9697
9437 9186
9530 8434
3159 9752
942 9442
9444 8685
1786 9505
2099 9573
1621 9352
169
3047 9771
8999 9767
8892
9140
9533 9768
8967 9761
8903 9727
9057
7977 9763
9180 9759
9316 9745
9046
8059
8373 9764
9320
7785 9753
8752
7951
3207 9751
9071
9488 9743
9170 9747
7602
8432 9742
9383 9724
9105 9593
580 9692
9102 9606
552 9737
9355 9022
9239
6087 9740
8129 9736
9038
7093
7671
7339 9734
68 9731
8017
7175 9730
8413
7627 9718
8932 9496
9459 9547
2138
8497 9721
7838
7740 9717
7972 9715
9133
7116 9716
7255
7544
7604 9714
8491 9707
9055 9682
8750
8115 9713
6780
9299
7402 9705
7825 9710
8560 9700
7908 9703
8773 9698
8596 9673
8823 9653
8172 9516
8510 9580
9577 9638
8049
4058
7675
7490
7599 9693
6059 9645
8254 9647
7903
6852
4557
6294 9691
6500
8163 9685
8028
7263
6573 9688
8098 9679
9619
885 9681
7403 9678
9301 9652
8613 9662
8169
5290 9680
6387 9676
6401
7232
7648 9672
8148 9651
8159
2834
7138
8064
7655
4898 9670
8425 9471
8134 7534
8192 7836
8535 2290
2030 8604
8579
7816 9668
8094
7536
7513 9664
4539
6576
6112 9669
7548 9665
8126 9582
7993 9543
7954 9618
7327 9585
8031
5152 9657
7442 9624
8704 9519
7665 8606
8436
3429
6609
7828
5386 9661
7349 9562
7292 9602
7060
5691 9650
7793 9605
7700
3884 9643
6633 9635
6961 9630
7712
3652 9667
7580 9609
7018
3723 9648
7187
7196 9646
6470
6417 9621
7893 9610
7454 9615
7967
1474
6359 9642
5741
7188 9632
6502 9617
8648
5017 9627
7322
6236 9616
7537
6083 9614
7257 9608
7519 9497
7617
4422 9612
7379 9590
8495
4726
9340 9601
6407 9604
6477 9583
7183 9568
7577 9499
8305 7787
8093 9123
7555 7965
7462
4229 9595
6127
4254
7350 9589
5734 9587
7019 9586
7157 9584
7779 9559
7031 9551
7668 9449
7569 9445
7131 9546
7854 9424
7831 9373
7449
5725
5373
7211 9599
6828 9433
7487 9515
6988 9514
6874
8136 9594
6472 9581
6935 9571
6914
5728 9563
6929 9576
7761 8991
7311
4882
5050 9560
7048
3737 9548
6037 9554
6847 9542
6970
4018 9540
6772 9536
5677
3415 9541
7611 9534
7264 9384
6974 9441
6880
5973
8950 9528
6319 9518
7006 9517
7249 9485
6717 8962
6773 9439
6930 6455
7943
8691 9523
6858 9537
7678
2239 9513
6776 9468
7185 9323
6875 9502
6872 9466
7357 9101
6960 9172
7448
8409 9521
6702 9512
6849 9440
7576 9349
7120
6310
3885 9522
6277 9511
6833 9498
6877 9479
6408 9385
6912 9460
7132
9995
4305 9510
6344 9455
6711
9868
9857
8953 9508
3968 9500
6302
5058
6716 9494
6345
8219 9501
6238 9467
6311
5887 9491
6819 9417
6624
1655
5645 9490
6534 9487
6885 9465
7126 9000
7045
8554
9065
8520
9660
2502
8407 9484
6225 9483
6775 9454
6320
4418 9473
7645 9453
3417
3844
4264
6220 9476
5255 9482
6397
1735
4934
6902 9461
5847 9452
5539 9434
5608
4213 9472
6219
6604 9457
6392 9431
6941 9388
5272
3229 9447
6337 9398
6184
3662
6227 9446
6213 9413
6043 9359
7108
740 9448
5581 9429
5891 9428
5956 9407
6084
2641 9435
5415 9420
5789
6168 9432
5717 9426
4880 9401
6327 9391
6011 9392
6601
9307 9415
4522 9408
5595 9380
5987 9361
6296 9371
5761
5294 9421
5100
5248 9414
5323 9410
5690 9370
5505
3646 9405
5579
5202 9406
5444 9367
6106 9364
5566 9306
5406 8893
5962 9350
6291
5528
4853 9390
5285 9387
5371
4454 9382
1697 9402
5546 9365
5843
2580
5007 9397
5440
9936
9842
9748
8972
9250 9393
4971 9381
4295 9368
5044
4788 9386
4502 9379
1903 9374
5950
4625
3370 9366
5076 9197
5138 9324
5541 6998
5644
3870 9360
5501 9341
6103 9327
5397
5276
1291 9357
5253 9339
5525 9185
5154 9092
5011 9190
5137
164
4692 9356
3604 9363
5084
5033 9337
2899
4425 9353
4927 9317
4550 9354
4666 9227
5243 9286
4708 9116
5149 9100
4912 9222
6165 9221
5350 8526
5230
949 9332
4050 9343
5556
1270 9319
4698 9334
7096
7587 9330
4483 9326
4577
1647
4186 9318
4426
3804 9322
5025
8003
8945 9314
4284 9312
5396 9304
4520 9277
4867
2608
3709 9311
4183 9290
2466
4649 9308
3778 9302
4931 9265
5101 9216
4774 9273
5193
2148 9298
3673
4198 9294
4220
3256
3800 9280
4079 9288
4948
3479
4006
2629 9278
4320
2906 9283
4951 9276
4398 9274
4732
3912 9272
4410 9218
4298
4057
3178 9268
3631 9266
4434 9245
4527 9252
3609 9258
3720 9253
4338 9236
4970 8920
4831 8816
4442 8453
4373 8865
4389 9174
4446 8734
4631 9138
4407 8138
4670 9031
5547 8759
4388 8635
4682
8349 9269
5192
1280 9264
4429 8780
4616
6447 9262
7373 9260
4312
4370 9257
1258 9235
4274 9179
3897
2547 9256
3579 9244
4236 9209
4092 9171
3726 9049
4580 9162
4130 9214
4778 9039
4357 8836
3886 8879
3781 8882
4105
3871 9247
3831 9234
3671 9243
3560 9231
3703 9207
4283 9149
3775 9208
3952 8989
3972
2874 9251
2181
4641
6695 9233
2968
2058 9249
3369
1036
2270 9224
3586 9225
3484
3117
3050 9223
3583 9232
3265 9206
3832 9193
3534 9139
3581 9155
3654 9142
3836
1931
3090 9203
2241
3507
3309 9201
3219
3004 9195
3442
3236 9191
3148 9188
3702 9212
3314 9165
3203 9087
3336
8848
8568 9189
3126
8768 9181
3055
113 9192
3084
2892
1044 9176
2960
2124 9182
4211 9120
3433 9094
3628 8741
3446 8689
3595 9024
3725 8839
3330 8874
3109
2817
1075
8782
9099
9091
7830 9178
3033 9173
2713 9152
2952 8876
3553
2750 9169
3113
2574
2760 9166
965 9151
2708 9164
3247 9107
3234 8259
3460
8566 9161
4141 9163
2225 9051
2614
2377 9160
2810 9150
2854 9018
3388 8819
2993
846 9158
3230 9159
1693 9148
2263 9143
2652
1611
2308
2512
8812
9419
9527
9987
5364
8350 9134
1535 9153
2682 9141
2550 9145
2663 9128
3606 8940
3082 8863
3301
8370 9129
3522
8986
8194 9135
3062
1085
9481
9309
8663
9284
6067 9125
2803 9119
2900
3215
502 9124
2967 9027
3076 8966
3111 8828
3761
8820
8555 9126
2452
2246
2269 9114
3012 9023
4021 9002
2602
1153 9111
2422
747 9110
2101 9081
2372
9263
6146 9115
2597
1472 9106
227 9035
2661 9021
2927 9011
3401
9663
9990
8516 9098
2011
1527 9103
2479
2055
2253 9104
868 9090
2079
2531 9086
2649
2065
66 9085
3049 9076
2255 9096
2376 9072
2031
1377 9080
1321 9074
3017
8043 9073
2042
945 9075
2420 9069
2561
8658 9070
1296
1966 9068
2765
1456 9067
2941
2198 9050
2938
1584 9066
2767
2552 9063
1739
1768
9620
9418
7478 9060
2578 9048
513 9053
2562 8383
2791
1652 9059
864
708 9042
2497
2092 9032
1347 9054
2469 9019
2093 8881
2223 8955
1742
9486
9300
4471 9052
2168 9012
2165
403
659 9037
1828
1094
9629
7821 9034
1770 9033
2034 9015
1987
9535
8215 9030
2139 9013
2587
7814
8649 9028
2694 9026
1292
1488 9016
1764 9014
3331 8992
1934
4619 9008
1231 9017
1469 8979
2700 9005
4152
8826 9007
1599 8925
1721 8973
2953 8949
2793 8870
2808 8790
2016
9578
9469
6292
7860 9004
1845
7866 8998
1194 9003
664 8987
8257
6842
9157
8597 9001
2695 8981
1467 8993
1785 8853
2620 8941
1741 8922
1566 8951
2072
869
1783 8994
1832 8971
1863 8896
1963
9061
8642
7702 8996
2134 8958
1546 8976
1249
985
713 8990
2012 8988
2783
6424
8720 8985
1018
7971
5504 8978
496 8931
9575
7980 8984
609 8980
1691 8942
1509
7829 8963
1245 8935
426 8936
1554
8473 8965
9623
6893 8977
366
1108 8954
547 8938
1583 8919
1544 8740
1763 8886
334 7659
2465 8798
1017 8283
1867 8614
1564 8574
1228 7963
1641 7679
1408 8738
2450
8327 8934
9970
8906 8930
1031 8927
2230 8957
558 8917
1454
5238 8905
1340 8913
1100
8417 8928
8387 8912
935 8897
442 8867
1138
8678
8185 8923
613
8673 8908
8230 8901
1126 8887
1617 8916
1594 8868
1065 8803
1747
8228 8910
620 8889
1111 8840
1123 8827
1029 8783
1288 8767
335 8723
3419 8792
718 8693
1685 8668
1952 8524
1101
926
8272
8027
6743 8909
27 8895
998 8877
336 8878
656 8711
1662 8577
391 8718
3681 8239
953 8547
955 8696
1002 8611
1202
4436 8851
9607
3989
7496
5443 8904
739 8862
71 8873
1373
8435 8872
646 8825
2511
5155
7466 8902
8184 8888
9570
7493
7924 8864
8982
6473 8859
507 8838
929 8775
680 8628
546 8784
1793 8637
1227 7337
1356 8659
841 6897
829 6733
938 8523
881
7826
5701
8386
8975
8320 8856
9704
3994 8866
9313
6306
7591 8854
1781 8850
476
7953
7271 8845
7783
8464
6379 8847
345 8841
617 8774
554
8084 8824
8513
7473
8582
8358
7380 8831
8449 8757
9909
6982 8846
89
23
8033 8814
6531
5653
6873
6694
6607
6731
8218
7614
9545
7225
7904
8764
7547 8815
383 8811
330
8964
8213
7040 8808
41
8466
6646
6095 8809
7864 8800
364 8802
1350 8772
259 8232
1277
6250 8788
9539
4737 8801
340
87 8794
8018 8805
7459 8766
765
7625
8011
7931 8799
37
8292 8785
8671
6950 8786
533 8793
359 8736
525 8735
8544
6244
7630 8771
7477 8692
8974
8698
9600
8567
9400
7656 8758
7051 8770
1878 8656
8364 8706
744 8765
300
7135
7743 8754
8294
7725 8779
0
8275
8154
9146
9628
4932 8747
9377
6475
5662 8763
141 8647
824 8123
758 8324
9561
6793 8753
7343 8748
9254
6857
7070 8746
9198
6025 8745
352
5916
7171 8744
8104
9848
3509
8171
4595
3177 8742
9495
2300
6964 8743
8203 8665
8462 8712
248
8198 8731
8375 8725
425 8722
8461
5878
4332
3853
7882 8727
8456
5096 8739
7699 8707
8445
7879
7146 8721
8578 8732
8365
7619
6645 8708
7198 8716
8207
7480 8726
8440 8575
8234
8040 8715
8347
7768 8705
7628 8640
116 8686
8630
6580 8700
7250 8682
7927 8677
8539 8679
11
7139 8690
7975
8249 8697
8223
7745
7553 8684
8308
5925 8683
6764 8675
8271 8612
7852
7355 8695
7887
8131 8694
7341 8669
182
6484
7527 8688
7798
6778 8661
7818 8654
8643
6903
8625 8666
7646 8653
332 8645
19
6479
7098
7444
4012
7872
6509 8650
8266 8571
8233 8608
9773
7278
6092
7880
7276
5923 8631
6890
4715
7551
4112 8644
7533 8641
8237 8629
8056 8633
373 8605
178
7293 8624
7991 8621
7682 8588
7760
4969
2827 8639
7940
6756 8627
8166
6932 8620
7479 8618
7914 8623
6814 8602
7974
6000 8619
8013 8616
9552
125 8615
7306 8592
8279 8590
8086
7329 8603
8052 8594
7517
6082 8591
7885
5502 8587
7245
8070 8589
8481 8471
7898
7858
6869
6674 8563
8023 8546
9045
7270 8585
6979 8557
7412 8540
7294
4823 8584
6527 8565
7557
6207
6432 8581
8533
6159 8572
7558 8514
7418 8316
7707
5197 8569
6499 8580
6730 8518
387 8494
7747 8441
7298 6835
7770 7502
241 8322
8078 7317
7962 5775
7351 5533
7988
4998 8562
6856 8553
7286 8503
7217
7408 8570
5846 8550
6866
3312 8549
7238 8529
6984 8512
7313 8467
7541
4202
6995 8545
8037 8525
8221
8260
8137 8551
7724
7237 8543
6981
6627
6517 8542
6357
5570
6138 8532
8004 8431
7669 8310
7984 7952
7333 7428
7289 7715
7200 8362
7269
6354
6009 8538
6802 8506
6680 8352
6777
6876 8528
4989 8522
6617 8505
6141 8498
7382 8478
6376 8476
7101 6274
730 8281
7626 6380
8600
6724
9270
9369
9305
7947
9056
8559
7501 8519
6286 8509
5926 8492
7386 8488
6823 8342
7058 8444
7059 8438
6965
5964
6002 8496
6577 8490
7252 8455
6676 8331
7104 8315
7127 7009
6993
5242 8486
5879 8493
5855 8439
6264
6663 8483
6732 8489
6063 8442
6996 8463
7148 8393
6715
4739
6545
7398
5617 8482
5503 8472
6272 8437
6304 8469
6194 8268
6326 8459
6595 8309
7224
2621 8480
5882 8423
35
778
5957 8457
6033
5709 8475
6300 8429
6166
5885 8454
5760 8433
6788 8426
6145
5833 8448
6284 8379
7015
6270 8424
6528 8421
6309 8400
6307
5260
5961
6089
5620 8450
6512 8405
6831
1674
5718 8420
6487
5216 8412
6352 8418
5888
6308
4022 8416
5743 8381
7061
5745 8410
5886 8397
6612
5890 8402
5821 8408
5737
5646 8401
5328 8394
6662
2787
4756 8385
6739 8382
5955
5188 8391
5849
6027 8388
6111
4839
2273
3096 8390
5924
5199
4474 8384
6023
5733 8374
6594 8377
6463
5312 8372
5922 8371
5852 8363
6682 8353
7089 8367
6155 8335
6137
7606 8354
5938 8346
6771 8202
6016
5078 8368
5225 8366
3950 8355
6325 8360
5793 8339
6295 8344
5935 8307
5895 8299
7234
4909 8351
5727 8345
6079 8359
5682 8319
5838 8263
6050
2828 8334
5460 8348
6329
3283 8337
8717
4920 8332
5313 8330
7029
5808
5763 8343
6228 8298
5538 8276
6098 8141
6549 7890
6118 7342
6015 6919
5597 7841
5936
4662 8333
5575 8317
6221 7446
5807
3008 8329
5385 8326
5167 8313
5747 8270
5778 8208
6100 8191
6004 8311
5692 8178
5710 7912
5751 6628
5630 5616
6090 7782
5688
2638 8314
5235
4376 8325
5664 8244
5347 8252
6205
8561
8880
6684 8312
5165 8302
5036 8293
5774 8216
5787
2257 8304
5168 8295
5729 8155
6113
4563 8291
6076 8289
5619 7406
5198 7320
5553 7741
5520
4604 8287
5507 8278
4526
3714
5247 8284
5465
908 8286
5716 8274
3746 8124
5551 8256
5136 7960
6807
2020 8277
5431 8267
5077
3194 8264
5488
2369 8280
5527 8246
5425 8151
7608 8162
5582 7982
5569 8157
5450 5105
7164 8101
5262
4473 8265
5783 8242
4706
4961
4054 8261
4401
5658 8258
5467 8236
4985 8220
4868 8135
5388
4755 8251
5325
4999
5307 8214
5218 8247
4949 8085
5513 8125
5721
7117
9117
9725
9215
9917
8147
1107 8243
5380 8108
4821
4222 8226
4866 8210
5040 8209
5358
536 8217
4833 8211
4575 8199
5003 8206
5712 8069
5064 6625
5633 7824
5381 7416
4846
4394 8204
5554 8180
5299 7728
5475 7957
4893 8139
5080
6883
8762
7757
8537
5249 8200
5129 8173
5014 8026
4902
4572 8193
4372
4208 8189
4963 8181
4850 8145
5055 8107
5246 7901
5185
2342
2746
2133
4751 8182
3600 8176
4841
4361 8179
4533 8161
5116
4383 8167
3953
4860 8158
4940
4633 8150
4476
4786
2462
4638 8164
4597 8128
4685 8144
4227
2572 8133
4484 8112
3122 8153
5109 7877
4727
2847
3080 8116
4311 8130
4795 8102
4074 8019
4950 8045
5022 8103
4487 8089
5499 8077
4287 7923
5004
1780 8110
4659 8119
3814 7845
4862 7661
4753 7159
4784 7581
4973 7623
4906 6968
4230 7571
5757 7996
5176
4025 8105
4200 8092
4075 8097
4119 8007
4654 7935
4556
1046 8096
4765 8073
4223 7797
4738 7738
4457 7704
4192
4252
1656 8109
4203 8057
4587 7374
4543 7995
4404 7521
4704 7348
4302 7511
4665
838 8099
6915 8095
4147
2222 8083
3956 8050
4615
5416 8087
3467 8076
4003
3619 8072
3842 8082
4174 8060
3917 8042
4497
5134 8071
4097 8051
4441 7498
4103
1879
3060 8080
3881 8066
3677 8048
4169 7801
4008 6892
4276 7843
3960 7425
4658 7499
4345 6458
4263 4187
4122 3198
4155 3975
4427 2542
4796
2692
3463
3766 8068
4137 8062
4020
3410 8054
4303 7804
3722 7811
4144 7948
3937
3189
3138 8047
3818 8046
3166 8010
3218 7941
4763
1351 8044
3000 8022
3971 8016
4124 8024
4001 7922
5898 7756
3752 6962
4056 6864
3712
2623 8041
3933 8039
3819 7959
3810 7753
3946 7842
3998 7961
3664 7934
3945 6038
5195 6859
4114 4800
4082 5979
3672
3588 8025
3858 8032
5232
3592
1799 8014
4014
3436 8021
2911 8000
3623
2737
3634 7992
3772 7950
3938
2862
3621 8008
3614 7983
4257 7905
3341
3280 8001
3421 7997
3740 7936
3798 7966
3974 7688
3707 7853
3418 7752
3854 7565
3978
7268
5365 7964
2928 7987
3655
6763
6349 7979
1294 7969
3817 7900
3827 7930
3357 6755
3822
3333 7949
3496 7916
3642 7955
3527
2611
3888 7938
2761 7944
3200 7913
3512
3141 7918
3697 7926
3472 7920
3699 7618
3196 7528
3134 7731
3734 7888
3905 7697
3675 7595
3826
9875
9348
9538
7543 7937
3310
1909 7917
2965
3097 7915
3755
1460
2618 7911
3565 7906
2797 7769
3736
8038
7713 7910
2683 7899
3029 7909
3327 7345
2948
1276 7895
3374 7889
2955
2173
3087
1148 7892
2707
2738 7884
3213 7869
4031 7837
3269 7875
2809 7823
3139 7792
3241 7767
3389
1811 7881
3492
2413 7876
2991 7862
2987 7810
3227 7802
3318
2234 7874
2931 7701
2937 7857
2923 7685
2865 7584
3267 7714
3582 6983
3319 6115
2869 7566
3350 7368
3782 7038
2823 5676
3622
1868 7871
2251
2781
170 7851
2010 7849
2599 7861
2926
6388 7835
2321
850
3042
1653 7844
2036
2514 7855
2951 7833
2777 7839
4037 7465
2876 7550
4004
4994
6468 7848
2722 7542
2788
2187
1665
1860 7840
1684 7815
2732 7806
2850
1974 7820
2646 7799
2806 7470
2763
2593 7819
2703 7788
2598 7703
3385 7744
2581
2151 7803
2275 7796
1633 7791
2769
1726 7817
1916 7758
2203
1964 7781
2563 7777
2189 7764
2549 7765
2329 7759
2153 7721
2718 7634
2891 7554
3306 6991
3300 7078
2717 7363
2719 2357
3501 1970
2775 3596
2818 7123
2954 7199
2689 6884
2685 6415
2341
2056 7748
1560 7755
2633 7733
1700
2440 7751
2291 7727
2654
1470 7742
2254 7717
2489 7706
2087 7691
2111 7651
2648 7672
2768 7613
2127
1734 7739
2190
633
1818 7720
1920 7692
2477
9399
7453 7719
1731 7716
1955
605 7711
2152
1286 7710
2195
1417 7709
1876
444
28
2553
9525
8222
4958 7730
2446 7642
3511 7689
2057
1995 7684
2207
7929
8106
7780
9961
6088 7676
2070
1857 7686
2008
152
451
1712 7673
2416 7670
2349
5902 7662
2123 7653
1516
2428
7330 7643
2461 7639
1896 7650
1819 7649
2443 7593
1797 7281
2387 7008
2197 2166
1919 6381
2389
6853 7622
3235 7657
2910 7616
2051
46 7640
1459
1214 7637
2279 7633
1953 7620
3067
9404
8399
7013
8609
7805
8140
6978 7636
1301
1925 7631
1738 7612
1707
1427
1703 7610
1918 7590
1922 7601
1696 7578
2247 7582
2149
7088 7588
1233
1494 7621
2607
5217 7603
1042 7583
2185
1304 7607
221
508 7594
1053 7538
1501 7567
3427
6784
9451
6714 7572
1037
804 7574
9948
6899 7579
1061
378 7570
1274
494 7562
1676
6751
6825
2303 7549
1541
1913
88 7545
1550 7539
1314
8900
7325 7523
2386 7529
2249 7507
2096 7535
2090
779
1678 7526
958 7508
1630 7520
1796
1033
1310 7518
2054 7515
1862 7525
1755
788 7514
1519
7897
9147
7023
9893
7165 7509
1415
1068 7506
983 7492
1542 7463
1750 7430
1815 4329
2039
5184 7505
501 7497
1694 7485
1715 7457
1907 7482
2325 5394
1904
1618 7500
1154
1385 7491
917 7468
872 7452
1798
358
1582 7495
696
2192 7472
8160
755 7486
1114 7483
1457
6535 7481
1482 7474
830
1247
6596 7451
914 7484
379 7471
1479 7460
1801
274 7469
1803 7435
1452
9712
6426
9362
8225
7695
8411
8511
6102
6703
7734
8079
6637
8020
9118
6405
7273 7464
1071 7467
1082 7458
2040 7110
3221 7054
2559
8687
5211 7443
2888 7354
1200
1431 7447
1512
1346
9423
6204 7441
548 7440
1129
388 7437
1429
724 7438
1814 7434
180
918
1905
6657 7432
1005
639 7433
1379 7429
1137
7118
7762
6216
6913 7431
641 7361
1649 7397
956
7998
9828
6496 7427
5720 7423
1831 7395
1804 7404
1579 7195
1496
1871 7420
610
835 7414
807
9029
5943 7409
931 7394
1055 7401
1361
6332
6006
6040
8328
8749
5030
4813
6837 7378
1968
3919
7235 7417
8646
9044
6420 7411
9641
3483
9520
8959
9930
9658
3255
9463
7315 7391
670 7396
2114
4040 7410
445
766
273
327 7399
623 7364
2728 7177
1328 6191
1901 7326
960
7776
9395
6252 7392
867 7389
974 7352
845
128 7388
162 7387
1382 7381
1191 7275
549
705
6737
6217
5411
4918 7393
757 7353
980 7366
896
168
7290
6672 7384
879 7376
818
6181
7999
7605
6503 7371
1947 7362
1167 7207
855 7261
1632 6768
1260
6097 7370
694 7367
647 7358
7154 7014
786 7141
1495
7331
5977
6297
6078 7359
1423 7340
8250
6101 7347
655 7346
200 7344
1444 7319
982
752 7335
382 7303
759 7243
1007
9464
7057 7316
8300
8548
8937
6587 7332
434 7312
459
3742 7324
8761
5742 7314
453
561
6598
8149
6193
7638
9956
5832 7308
313
6446 7309
1551
632 7307
585 7274
2427
5625 7296
1 7266
317 7284
686 7236
787 7248
272 7092
514
367 7305
668 7291
1175
1746 7280
65
6977
5978 7288
385 7254
923 7111
784 7209
665 7227
197
8376
4281 7262
177 7242
667 7229
8796
8111
5883 7260
503
6727
6832 7241
407 7221
865 7230
1266 7251
564 7233
683
9555
7066
6655
4978 7239
827 7160
988 4384
487
6360 7220
276
9874
6435
6091 7231
8081
6317
5865
6232 7222
166 7218
510 7081
571
5252 7210
64 7166
1010 7176
534
400 7215
7907
5659 7214
5621 7178
1182
6384
7573
8009
9654
1645 7205
7247
4863
5590 7204
187 7170
1059
8929
3129 7203
294
9217
4976
6539 7201
8143
5756 7194
260 7179
701 7169
96 7020
9711
2545 7192
682
4966 7182
81 7181
304
6758
8730
5336
5611 7172
8419
569
5966 7167
204
6762 7161
681
526 7168
219 7163
5 7144
207 7130
7559
6265
2726 7158
737 7155
7597
6846
6860 7162
7115
6154
3526 7153
153 7036
9729
4908 7152
6553
2617 7149
24 7125
6782
5711 7150
45
3020
7272
6403 7151
8088
6795
9671
7690
6316 7147
384 6928
3123 6918
3629
1320 7145
6053 7122
154
6579
9655
3863 7136
7377
5451 7128
6504 7114
424 7085
8911
4798 7129
5738 7079
399 7087
8477
5995 7121
6666 7112
6735 7067
40
7407
5463 7097
8118
8806
3378
6689
3616 7099
8502
2565 7090
8821
4944 7076
535 7086
6675 7046
416
6134 7075
6520 7053
8427
5008 7072
7666
2328 7064
6047 7063
280 7044
959
6171 7082
6522 6924
7494
4923 7032
6586 7047
5937 6967
6705 6926
6841 6937
6757 7028
6761 6894
29
5976 7021
9443
6411 7062
6017 7037
5811
5683
4986
6246
6189 7033
5773 7024
6044
5466
6591 7022
5863
5607
5368 7017
6652 7003
6845 7011
34 6989
111 7000
8005
4783 7012
6644
8894
8146
3543 7002
7424
6642
3724 6986
7390
4508
4656 6990
6519 6938
9211
4412
3856
3119 7010
8517
4824
5417
5837
5104
5186 6999
6600 4979
9267
4895 6987
6578 6980
657 6954
5822 3
175 6369
6774 6571
9979
1661 6985
6744 6966
7624
5400 6976
4582
5379
5758
5302 6972
6157 6958
6533 6900
6621 6971
849 6911
7140
9852
9881
9876
6283
6229 6957
3980 6952
5206 6953
5459 6917
6336 6906
6816 6537
6493
6150 6951
6898 6933
6073 6921
6041 6801
6467 6865
5998 6839
6036 6647
5959 6870
6910
4993
3598 6949
5905 6948
5496 6786
5974
5673 6945
6122 6940
4324 6931
5805 6925
5765
2146 6936
6485 6923
999 6908
5180
5321 6927
235
4506 6896
6471 6818
8939
2929 6939
5868
4393 6922
5061 6863
6355 6829
6170
5158
6692
2678 6916
6279 6871
5951 6469
5552 6480
6062 5643
6143 6462
60
3759 6909
5474 6889
5318 6843
5626 6787
5993
4646 6907
574
4510 6882
135
2484 6868
4387 6886
5265 6834
5896 6840
5942 6673
5629
5356 6878
4344
2363 6901
5511 6797
5920 6278
6602 6558
5500 6679
7253
6476
6331 6851
5087
4248 6848
5809 6836
6158 6820
6074 6736
5694
2860 6824
5359 6817
5666 6660
7563
6386 6806
4877 6810
5565
2463
4455 6815
5831
3524 6805
6061 6803
5604 6767
5508 6765
878
7726
9089
9504
9776
8915
6677 6800
5284 6798
183
5245
7749
9996
5624 6796
5572 6790
5584
5226 6794
5665
4687 6799
5529 6722
5603
163 6791
4888 6752
5470 6691
5332
4515
9902
6667 6789
5147 6779
4956 6754
256 6741
5144 6620
5106
4799 6785
5392 6738
5352
3274 6747
4848
4290
5164
4271 6749
5259 6704
5001
4637
4752 6729
4574
3262 6742
4916 6745
287 6740
5314 5269
5410 6529
5668 6659
5913 6618
5037
4440
3408 6725
5256 6718
5027 6613
5293 6385
5214 6440
5250
1682
3411
4608
4805
4845 6706
5124
4356 6710
4827 6701
5161 6698
5271 6661
6019 6626
5491 6478
4929 6555
5162 6629
5605 5534
4941 4193
5046
75
5086
3453
5413 6708
5034
5794 6687
2977 6697
4323 6690
4594
4589 6685
4351 6678
4545 6639
5468
8468
8556
3757 6665
4489 6681
4121 6653
5146
3922
8632
9321
6855
8396
9938
9156
5441 6664
5092 6649
5456 6514
4743 6565
4613
4480 6648
4225 6640
4561 6638
5088
4887
749 6643
4709 6636
4504 6622
6518 6314
4549 6592
5988
3683 6635
4674
2493
4318 6631
4380 6593
3633 6630
4945 6584
4667 6287
5540 3244
4816 5746
5059 5796
4851
3762 6619
4903 5370
4872
3538
2921 6616
4157 6570
4081 6551
4408 6608
5023 6457
4861 6560
4443
2988
3799 6611
4586 6606
4379
3815 6605
4009
4181 6599
4143 6589
4639 6550
4269
4495 6585
4314 6554
3768 6293
6997
4101
4064 6597
4267
3539 6590
4070
3092 6588
3758 6572
4381 6413
4472 6443
5019 6245
4315 6547
4166
2811 6583
4127
2729
2177 6581
4237
3802 6575
3513
3930 6568
5273
853
4611
3545
2025 6574
3499 6559
4465
1395 6548
4068
4098 6541
4176 6301
4975 6371
4041
4270 6552
4605 6544
4239 6523
4593 6525
4199 6412
4080
3345 6542
4129 6521
4883 6540
5439 6481
4919 6498
4453 6448
4375
6813
9706
3753 6516
4133 6513
5175 6482
3921
3878 6511
3304 6459
3424
3764 6507
3954
4168 6506
4255
2749 6494
3793 6489
3487 6488
4336 6429
4538 6464
3999 6348
4217 6406
4036 6375
4110
3102
3263
3030 6486
4120 6474
4077 6465
4721
3095
2567
2748 6466
3001 6454
2169
3422 6460
4000
3573 6456
4033 6442
3276 6119
4196
2568 6453
3576 5958
3808
3976 6450
3868 6396
4256 6323
3551 4952
3585 5954
3983
9894
6210
3476 6449
3400 6445
3705
4066
3657
3444 6444
4977
4178 6439
3205
9988
6235 6437
3161 6433
3923
2312 6441
3270
3024 6431
4570 6427
3641 4160
4907 6273
4026 6114
3743
1898 6409
3459 6125
4118
4766 6402
4145 6389
3880 6340
3849 6321
3660 6281
3226 6177
3220 6094
3918 6020
3701
3088 6423
3056
3170
2686 6428
3150 6425
2751 6393
3667
9524
7976
9625
5726 6418
1561 6391
2909 6382
3464 6353
3739 6262
3727 6280
4874
5110 6377
3040 6198
3253 6136
3635 4926
3384
2558 6410
3925
8651
6526
6809
8240
5537
8598
9558
8933
9293
6022 6395
3339
439 6372
2848
1985 6370
3185 6303
3155 6358
3594
1596 6368
3558 6365
2942 6346
2716
1789 6362
2532
2188 6356
2897 6289
2766 6338
3715 6313
2705
2510
2348 6335
2924 6231
2958
2384 6347
2861 6324
3254 6290
3456 6192
3468 5768
2986
2656 6298
3018 6322
2679 6248
2600
1315 6285
3344 6282
3059 6257
3735 6049
3079 5403
3003 5680
3399 5530
3379 5823
3407 5354
3246 5522
5405 5056
3197
5095
8132
8055
6120
7902
7592
9738
7512
7978
7212
7439
7786
7297
9823
5048
7575
7208
6753
5798
5493 6299
2575
2406 6275
2555 6233
2028 6258
2966
1388
3208 6271
2753
925
2154 6269
1139 6268
3214
1850 6267
2756 6266
2715 6259
3686
4817
7795
6093 6261
2528 6260
2613 6237
2908 6214
2721 6211
2637 6254
3064 6255
2310 5861
3371 5703
4428
7632
9598
6330
9913
7265
8114
9596
5427 6242
2903 6247
2687 6031
3302
8804
7873
6963
7336
5996 6240
2208 6239
2872 6152
3202
42 6234
3488 6201
2857
9695
8670
2674 6230
2505
987 6224
976 6164
2582
2409
2394 6215
2159 6199
2889 6206
2830 6172
2881 6034
3031
2237 6188
2690 6105
2388 5904
3392 5876
2492
1605 6183
2959 6099
2596
2233 6190
2455 6057
3179
1453
1670 6182
2322 6071
2670 6039
3317
1882 6176
2590 6142
2019 6161
1983 6135
2688
842
2851 6174
2261 6153
3212 6129
2609 6110
2893 6024
2439 6128
2566 6085
2601 5945
2503 6003
2515
2403
2319
2280 6151
2772
9808
8121
7729
4967 6149
1574 6163
2004
2299 6148
2157
9636
9916
9977
8558
5189 6147
7184
6508
8680
5610
8485
5660 6144
2224 6124
3132 5963
2041
2448
1521
1762
9097
5622 6133
964 6132
1573 6109
2258 6107
2421 6042
2248
1650
1300 6123
2125 6121
1980
2000 6117
2423 5949
2391 4610
2975 5287
2026
1888 6080
2104 5909
2870 5897
5812 5220
2419 5663
2379 5613
2209
5797
5932 6077
2199
8170
4937
4781 6064
2395
1253 6072
2978
2066
1290
38 6069
2075
716 6068
2846 6007
1886
9756
6400
5518 6066
1951 6060
2218
5521
5600
3865 6056
1869
2083 6052
2067 6035
2315 6030
2196
1565
2221 6046
1117
216
436 6029
1660 6010
2017
1690
7244
8458
7299
9588
9403
5804 6028
1957 6021
3171 5985
2821
627 6026
2161
1543 6013
2023 5933
2470 5864
1709 5437
2727 5969
2451 5867
2219 5880
1978 5842
2292 4794
2216
8829
7868
5578
6045
8883
9122
5848
5300 6008
1672
1099 6005
2037 5999
2128 5816
1998 5928
2260 3710
1710 4645
1856 5714
2344 5968
2285 5561
2264 5433
1827 4390
2210
854 5997
1093 5980
2069
4837 5992
2176 5991
1559
2355
7283
9167
8224
4542 5990
4719 5971
1524
1635
944 5989
2048 5984
1961 5817
2399 5845
1790
723 5982
1441 5685
1929
590 5981
1874
1014 5975
1513 5972
1767 5930
2059
1485 5939
485 5911
2360 5967
1273 5856
1816 5825
2047
5142 5953
1515
3611 5912
1628
1334 5948
1704
1234 5929
1570 5919
2182 5870
1504 5090
1725
848 5918
1976 5947
2762
751
772 5915
1497 5875
1975 5860
1264
411 5907
1295 5872
7867
5112 5903
1689 5881
1098
995 5884
1420
612
401 5871
1859 5857
1256
7369
8607
6557
4802 5862
1706
417 5859
1483 5853
1984 5767
1525 5791
1677 5455
1948 5573
1877
4016 5841
1169
5906
5383
6713
6048
8508
7886
4583 5836
1243
555
816 5835
871 5830
1572 5642
1396 3903
1752 5251
1926 5026
1939 5632
1651
6012
4694 5839
1265 5826
1478
8369
1144
8190
4578 5834
1142
282
4219 5827
812 5828
1795 5782
916
1210 5824
1439
1162
775
539 5815
821
1716 5800
1348 5769
1312 5777
1235 5686
1287 5781
1254
9503
4936 5806
7041
4745 5803
1156 5799
813 5708
1578 5705
1873 5376
1711 5319
676
12 5795
1699 5776
1360
8983
3497 5792
596
771 5785
1121 5784
1289
748
486
1073
181
9897
5191 5766
312 5762
1241 5752
704
577 5755
990 5736
1329 5640
2339
4400
7822
7561
4358 5740
545 5748
1040 5739
957 5732
1092 5208
2085 5628
1332
3568 5731
402 5651
1434
8380
5479
4621 5735
516 5724
969 5719
1923
7694
5012
6524
9204
5274
9058
5509
4614 5723
7421
2890
4742 5715
9040
5877
9922
9896
5091
5786
5634
6196
4488 5704
310 5702
1016 5699
1323
22
8817
3346 5698
1376 5687
316 5696
951 5674
833 5638
781 5655
518 5657
1181 5393
1507 5311
1490 5523
1313 5432
1945 5487
1302 4728
1223 5346
910 4466
1083 4620
1057
8338
5402
2186 5684
5173
2979 5697
907 5671
624 5695
2352 5599
1150 490
1174
4552 5652
1268
7516
3603 5661
127 5672
837 5618
1131 5606
4618 5457
732 4723
789
6312
7007
660 5650
1184
4430 5647
811 5641
1409
7338
3154 5649
10 5631
735 5550
989
4516
4468 5615
616 5588
746
7056
2119 5636
9863
7812
8655
1076 5601
1088 5593
986
5157 5577
707 5544
237 5549
661 5560
754 5148
472 5515
996
6699
9597
9910
4433 5598
9825
3284 5596
523 5591
527
1316 5594
673 5555
948
4352
3083
7106
2481
7400
3063
3294 5576
9295
3130 5574
1306 5163
267 5263
1058 4140
1205 5305
537 4688
449 3943
556
7827
862
5360 5557
6065
5341 5562
8238
3913 5545
363 5526
285
7945
1322 5536
2132 5517
329
4134 5535
583
229
244 5519
505
7105
4491
3074
5150
4602
4179
3906
5261 5514
5127
4724 5506
6895
5072
6696
3658 5498
722
6086
6804
4891
4286 5495
8269
6510
4959 5497
4
5038 5494
5308
4392 5492
395 5489
246 5490
389 4108
1530 4221
622 5337
458 4792
398 4444
464 4849
8914
2935 5485
6179
4278 5483
36 5422
188 5480
289 5445
120 5315
31 5159
9626
8378
3927
9732
5166 5481
9325
2513
7258
8061
5749
5119
4490 5478
7629
4546 5473
509
4492 5469
7939
3273
4544
4247 5452
562 5447
7100
4629
6688
8573
4335 5449
8323
6390
3169 5446
7698
114
3514
3695
9358
3136
4974 5442
4780 5430
7928
5130 5438
4386 5424
700
4900
4673 5435
5139
4317 5429
8733
268
3366
7970
3380
8871
9592
4661 5428
5000
4339 5426
370
479 5423
9238
2305 5421
5309
3426
1838 5420
236 5398
9532
5586
9205
4569 5412
8789
7025
4664 5409
4612 5348
6491
5074 5407
4204
4807
7216
4818 5418
5656
6167
4562 5414
8576
8837
8395
9887
9565
9975
7077
8451
4843 5399
4914 5340
4842
4382
5900
1547
4313 5395
7683
7552
9795
9220
9905
9064
8899
9458
9613
4501
9803
8356
9396
8755
8852
9760
5681
7664
8165
6658
6861
3099 5391
6770
5960
6438
4856 5384
6483
4126
2227 5389
9047
1500 5382
8318
4596 5378
4260 5301
1592 5215
6975
541 5377
305
7405
1625 5375
124
3052
4091
4100 5372
5054
9686
5771
8860
4161 5353
5070 5363
6334
3741
5840
8777
7834
7375
7372
9347
9177
8487
8855
7641
8968
6862
8769
8034
6364
8946
5462
6891
6759
5476
4438
3432 5369
243 5310
4793 4210
5052
4095 5367
3962 5362
7856
3578 5361
6398
2062 5349
4758 5345
7531
5194 5322
6538
3651 5343
5585
3490 5344
4564 5239
6251
2194 5342
6339
3091 5339
5759
1839
3168 5338
4146
6187
2950 5335
4350 5327
5071 5267
4819 4644
430
3564 5334
30 5326
308 5324
179 5006
5102
1932
3811 5329
5750
3791 5316
59 5282
4991
3259 5306
4609 5236
4296 5278
919 5244
4437 5187
4981 4513
4576 4699
7287
1394 5295
5169 5122
4355
3639 5292
4910
2758 5298
14 5015
348
2076 5283
3183
1858 5264
3837
1463
4171
5944
6808
2779
2833 5297
4962 4182
4946
4650
4125 5291
3649 5275
5103 5270
4531 5009
5099
155
4184 5288
3733 5143
4591 4990
3964
3920 5258
4010 5228
4847
4864 5254
4623
3365
4084 5241
3957 5179
4195
376 5237
4541
3175 5229
5111
1015 5231
7334
9696
9656
8702
8703
7240
7586
7784
6366
7094
6461
8564
7660
7219
8947
7750
7800
5448
6947
9867
7102
9639
8760
7174
2373 5223
6943
1261 5209
4346 5219
4072 4634
337 5115
7065
1004
4547
7635
252 5224
4019
3285 5212
4265 5190
3145 5183
3013 5207
3967
2625
3556 5201
3014 5196
4965
894 5182
4555 5160
3915 5125
4300 4964
4478
3290
4275
5851
3890
6830
4878
3859 5177
3593 5172
4460 5151
3659
3469
4894 5174
3518 5145
4226
3081 5170
3248
1341 5135
4148 5128
4409
394
2214
2699 5121
3729 5098
4405 5082
4194
7883
8756
9196
7925
5810
2457 5133
3222 5120
3749
2917 5126
3571
1067 5123
3805 5114
3645 5093
3908
5770
8447
4292 5118
3121 5085
3821 5094
1675
2976
823 5097
4216 5065
3776 5075
85 4984
4172
2693 5081
3324 4822
3559 5062
3682 4049
4448 4968
3498
215 5079
1585
6363
4378
4326
8428
6693
5366
7667
2913 5069
3164 5057
8177
3176 5063
3191 4869
3523 4076
4554
814 5053
4957
8861
4359 5049
2293 5066
3732 5047
3708 4943
3443 4924
3685 4988
5029
7560
6530
8499
6920
9289
4749
4067
8714
5471
2458 5045
4598 5031
3866
2905 5042
3674
2560 5043
3286 4930
3941 2424
3010 1751
4435 3289
3894 3525
3876 4764
4917 3412
3508
1748 5039
3869 5028
3133 4884
4188 4881
115 5032
3803
2200 5021
3813 4996
3575 4939
3503 4960
147 5024
3834 4534
3666 4701
4235 4760
3907 4371
3747 4754
3448 4733
4734
5524
8306
3620 5020
3093 4675
3661 4725
2887
2098 5016
2407
2539 5010
3250
3233
2644 4997
2778 4942
3794
2347
1927 4995
2445 4676
230
1598 4983
3124 4890
3223
1503 4992
301 4905
2437 4584
3985
2232
861 4972
782 4935
3332 3973
3889 4804
3258
2508
3636 4915
5722
4439 4938
3085 4871
4085 4904
4395
2904 4954
3601
7674
4657
7223
7109
6973
5892
4189 4947
1355 4922
2684 4858
2835 4391
3462
2570
2999 4911
2495 4885
2262 4855
3163 4686
3151 3413
3420 2612
3473
1837
2714 4870
2974
1034 4901
3127 4632
2577
1891
249
2307 4897
1640
3039 4876
3116 4875
2501 4815
2120 4740
3077 4730
2912 4844
3026 4689
2829 3861
2606 4065
2529 3893
3106
1232 4873
3061 4852
532 4836
1610 4832
3528 4776
2754
1433 4865
2081 4840
3110
2335 4828
2346 4814
2390 4811
2907
2354 4825
2875 4757
2747 4259
3058
2294 4820
2158
2345 4812
2296 4479
4566 4636
3322
2018 4809
2438
4928
4023
8443
5669
9296
9960
9438
5404
7718
4328 4803
1600
1354 4808
3239 4493
2898 4678
3143
1252
1761 4801
2537 4790
2651 4750
2878 4624
2804 4540
2871 4266
1035 4690
2475 3403
3201
2780 4748
2332 4669
2478 4651
2712
1979 4789
2131
714
2063
1824 4785
1944 4628
2856 4707
3034
1143 4779
2007
9083
6726
8285
6436
4096 4782
1776
2201 4777
1784 4773
1293
8205
7522
3929
5764
4309 4770
2164 4775
2353 4635
3788 4061
3044 3728
8869
6197
4337 4767
1773
1806 4744
2397
52 4741
1914 4680
2538 4663
2393 4603
1787 4173
2431
1606 4731
3376 4660
2147 4462
1890 4094
2506 3873
2350
8430
7564
5931
6654
6195
6760
1221 4720
1333 4714
2179 4697
1298 4684
2473 4535
3142 3316
2155 4327
2571 4364
2736 3027
3698
5089
3279 4716
762
1993 4702
1889 4713
2343 4693
2252
375 4703
343
504 4681
1997 4525
2287 4642
1928 4414
2498 4417
1187
1389
8724
5266
6419
8504
7052
7005
4419 4691
1736 4668
1557 4456
1581
481 4671
1000 4652
2594 1136
3848
6556
3965 4640
1667 4415
2969 4486
2882
4273
5866
7585
2396 4626
3409 4585
1778 4559
2094 4519
1484 4518
2015 2798
3458 4291
3650 2534
2488 3434
2447 4175
2141
954
1779
6712
3395 4622
1971 4592
1854 4347
4158
1424 4551
1070
642 4601
2167
8290
6414
7919
9010
4288
4011 4599
599 4600
1719
1728 4573
1246
1102 4565
1212 4553
1412
967 4567
1074 4548
743 4536
3240
3315 4537
921 4523
1758 4514
635 4517
1364 4366
2306 4354
2302 3984
3115 4240
1371 4403
2238 3997
2117 2551
1759 3864
1255 1152
2180
3574 4477
1365
5436
1006 4532
7921
4238
2665 4511
1236 4503
783 4512
1217 4452
1988 4449
1207
937 4470
1626 4107
2449 4131
1311 3988
1825 4159
1679 3966
2212 3839
1942
1125
1163 4507
1051
4205
5210
4241 4500
922 4445
1893 4245
1536
810 4499
1216 4360
1039
756 4447
1047 4464
2160 4385
968 4299
1106
1629 4461
950
5713
2266 4424
1648 4463
6218
9041
9781
8595
9394
9062
7870
6783
3072 4423
866 4420
419 4402
802
362 4416
797
1030
572
1477 4411
1025 4377
1370 4282
825
6561
5083
1597 4397
129 4368
3706 4340
741 4343
1374 4277
1120 4071
1012 4115
3935 3591
1242
5286
6116
7609
3748 4369
250 4365
1177 4342
859 4348
795
3009
5221
6351
7103
3668
8515
7124
2245 4363
1198
473
130 4341
544 4331
1445
7946
190 4334
1392 4297
8530
8053
6495
2256 4333
349 4322
1950 4007
1393 463
1113
6241
3924 4330
674 4321
1833 4294
1757
9285
5531
8067
9888
1335 4319
1250 4289
1112
672
205 4304
1052 4293
933
3405
1499 4285
570 4279
3398
2494
8527
3680
5869
3995 4280
8858
1810
5952
2021 4272
1528 4228
1612 4099
2540
6497
2885
5268
5801
7681
3382 4261
1124 4253
1345 3846
2077 4062
2351
3587 4234
619 3797
731 4005
1072
5320
6641
1782 4258
695 4244
199
136 4232
852 4027
769
6373
3321 4231
742 4209
1556 3355
1140 3784
483 339
2668 342
543 257
2855 3320
432 3288
715
412
1021 4224
1026
579 4214
455
8321
3696
2752 4218
4560
1009 4215
7049
7771
4102
3625 4212
275 4207
725 3961
615 4177
690 4154
522 3958
1533
9279
5279
2725 4201
350 4117
675 3940
614 3101
597 3570
57 3406
1080 4035
192 3381
428
134
5754
5510
5171
5670
3199
6994
2680
2971 4197
418 4156
119
7413
4132
194 4185
58 3993
478 3599
1817
1777
5559
2626 4165
489 4151
7615
4164
7722
5140
4139
2873 4163
734 4150
2089
4045
2554 4142
2919 4138
21
39
6490
4838
3704 4136
8341
3445 4128
6014
4431
9248
3547 4123
126
299 4116
86 4111
663 4113
1193 4024
1130 4063
218 4106
521
3830 4109
54
2616 4060
913
8174
3268 4104
3942 4034
7488
774
8907
8729
4042 4093
2895 4090
531
5899
7958
8521
9246
9791
9331
7705
2333 4087
2660
9923
9782
4498
3561
3613
3386 4083
8952
3608
3934
2277 4073
6567
3847
3879
689 4069
8709
3447 4059
296 4053
803
4826
3475
1589 4055
6956
4180
2496
2696 4052
55
5788
8303
9136
3297
9683
9912
8262
8890
8787
9259
9240
3996
6670
8813
8301
9569
8944
1539 4048
4696
4524
1170 4047
671 4051
7189
3167 4046
211 4029
7256
1344 4043
6421
3618
1820 4039
226
3149 4030
5548
2400
7658
3373
4772
5434
1745
4191
738 4032
374 3823
415 3892
414 4013
621
3877
3359
3687 4017
33 3910
7736
2370
2100 3992
2886
1834 3990
5854
2378
8196
7693
7859
8875
6209
9329
9840
3638 3982
3493 3896
6070
891 3970
6430
2509
3053
9904
3716 3969
346
4722
4242
3481 3959
4509
5002
8392
8586
2940 3963
5280
1383
5453
84 3951
4829
5303
1835
4705
6054
7193
8710
9986
7663
9095
7813
1723 3949
4308
2118
2298
2973 3947
91 3931
44
3510 3928
149 3916
7143
1001 3914
7 3911
728 3909
2442 2995
189
2229 3898
5874
437 3904
4655
2790 3902
2309 3829
8195
1023 3895
711 3899
203 3843
1190
1166
3615
3160 3900
3037
9411
8006
1160 3891
465 3882
7246
1977
386
721 3887
4406
625
3114 3872
3156 3845
4886
2282 3867
2681 3862
76 3860
355 3760
4521
1317 3857
214 3850
5567
255 3855
406 3787
4933
947
3228
2382
688 3852
6140
1935 3838
3597 3825
148 3833
80 3089
357 3713
4206
6651
1593 3835
3313
1849 3816
2702
1732 3809
898 3790
3549 3777
4306
3789
2330
3554
1049
3584 3806
3632 3792
3181 3767
3002 3765
3311 3721
2858
3153 3801
2836 3717
3478 3451
4683
844 3796
6208
7310
9378
9735
2556 3785
1442
8297
3131 3779
1122 3773
3112 3617
3590 3006
3569 2635
4571
3504 3783
1368 3754
2398 3690
3264 3756
2863
2840 3751
3140
3416
1363 3750
3120 3692
2653 3744
2915 3684
3536 3036
4955
8728
8201
7973
6632
1852 3738
3353 1318
6226
8168
9806
6051
6838
6315
2743
8636
8778
8500
7113
8810
7994
7383
7546
6720
6566
9315
9168
5829
8857
5222
3477 3718
2226
2060 3688
2822 3607
150 3325
7596
3516 3644
2135
3015 3711
5203
1576 3694
2358 3589
2323 3637
1458 3566
3204 3041
4038
5304
8885
8593
6582
7598
6944
8357
9430
9079
7095
6156
5678
7985
9261
8832
7055
4153
8657
5965
6185
3165
8997
2401 3678
2435 3669
7654
1097
961
2771 3689
2414 3537
3841
3023 3676
2271 3217
3471 3610
2324 3486
2022
1657
1936 3670
3361 3544
2314 3626
2786
1884 3663
2231 3630
2585
3011 3647
1844 3517
2901 3383
2417 3188
3287 887
3231
7489
1608
2301 3627
3955
1103 3624
2380 3070
2842 3520
3281 1969
222 2784
3158
2849 3546
2331
1967 3612
5940
8414
9025
7173
3771
9544
5357
6748
5486
4078
6904
6452
6342
5571
9462
2970 3577
1870
1549
1297
1973
1206
1659
1695
1480 3567
2832 3562
2868 3495
2193 3519
2236
1062 3557
2698 3555
3502
7197
8807
8406
5117
5744
4367
6668
5051
7644
9720
2359
4859
6108
6186
6543
7942
1940
5813
6276
9674
8681
2627
3851
6055
8120
6501
5041
9282
7476
7142
4170
5005
4481
4759
4746
6075
2242 3542
1481 3535
1464 3474
1744 3452
2546 3364
601
7789
7300
2213
3261 3521
568
2112
1151 3532
2084
2880
2676
1305 3506
98 3461
5355
1829 3515
7445
6826
1263 3500
1240
2095
462
1446
1899
2289
279
1410
469
2250 3491
2009 3489
2103 3397
1749 3375
515 3454
2368
1404 3482
2244 3275
1646 3051
1669 3291
1380 3242
1397
1090
698 3480
1686
156 3465
2402 3435
2029 3440
2272 3307
4921
1095 3368
1843
1658 3438
1972
903 3428
198 3396
1538 3349
2659 3347
1222 3249
2525 3337
2050
500
1326 3423
2521 3414
1272 1683
1688 1451
1864 1050
1522
636
1149
1279
884
858 3390
1514 3343
1171 3372
1048 3251
2792 3186
1754
1881 3387
2610 3048
1244
593
1267
1624 3363
2144
1718 3360
2371
1435 3358
1208 3206
1201
1019 3352
1577 1946
1590 3323
1357 3118
2483 2997
2667 506
3356
6394
9907
975 3348
1403 3335
984 3308
2116 3299
540 3187
1440
4787
5461
5706
7107
4735
2943 3342
4791
6104
8152
7133
4712
9108
4568
8822
492 3340
626 3338
8142
6162
6723
3981
3700
899 3329
8926
5472
5484
3786
4088
7004
5333
941 3328
1064 3305
2615
3173 3278
6569
6058
5753
3820
6160
5558
2844 3303
2691
7071
5153
2764 3298
1575 3216
1422 1358
911 2773
1421 1506
1195 2789
2992
5374
1450
8446
2338 3296
1462
2170
2033 3271
1846 3108
1372
302
306 3252
729
265 3243
801
404
1339 3237
1188
331 3225
454 3032
1147
857 3211
1343
8452
2129 3209
196 3182
2706
2796 3195
631 3184
1352 3180
2174
2043
2770 3135
790
1631 3162
1309
3028
4485
8288
7318
4627
4617
4268
5067
3936
4301
6169
8273
6603
3987
4469
7035
2990 3172
1197
7001
2957
796
4246
4925
5013
5707
3043 3157
3272
2799 3146
946 3144
1204 3137
798 2410
1239
1038 3105
1384 3107
1769 2934
736 2603
763 2930
1643
940
2704
2304 3103
405
618 3098
1284
2724
4310
2642
3731
8296
4857
9567
4413
3021
8844
7084
6515
5227
4251
2733
4432
6202
2121 3094
600 3086
495 2936
992
457
5609
2883 3078
281 3071
815 2655
994 3065
1134 2156
6546
4717
3719
6212
5927
1821 3073
906 3057
649 2543
566
4718
4482
3391
2843
2364 3038
94 2989
497 2925
693 2864
371
809
1760 2963
8336
1639 3025
1215 2983
720 3019
6492
9832
9649
8960
9345
6844
9477
8970
9644
8398
9351
9183
8834
8797
9878
2530
7794
9303
9020
9728
9036
9687
9333
9228
9425
9132
9574
9935
8672
9564
8245
7027
9611
2205
2902
2522
2785 3022
450 2996
288 2998
604
3874
1069 3007
699 2994
49 2962
2946
3494
1146
3665
6822
8617
8465
9043
9915
7456
8676
9338
7732
8751
8583
8652
3354
5802
1664
5790
488 2982
1271 2932
292 2914
712 2838
146 2782
238 1588
840 2795
792 2757
72 2523
1437 1717
446
589
2755 2944
298
25 2980
50 2657
258
2711 2922
67 2918
106 2879
15 2697
733
3282
4606
3266
2801
3439
2972
2643 2916
251
7723
4494
2172
1623 2894
2588 2839
6 2859
2006 2877
6318
338 2867
5240
5205
2430 2845
102 2826
223 1921
441 2217
831 2650
3402
1892
2709
2853
2243
4653
1449 2837
3293
1897 2824
278
145
2742
2518
4421
628
7426
7304
328
551 2819
1580 2776
630 2278
151 2499
5779
5612
2816
2113 2815
2595 2814
927 2740
979
8248
3066
2109
1938
2631
3485
2504 2805
3812
1518 2800
3260
692 2774
1615 2739
3334
233 2759
595 2734
6263
2802
2852
1812
3807
2536
2432
2106 2731
7419
1853
1487 2730
99 2634
2647
2444 2720
2564
1502 2723
2454 2283
174 2673
5873
2418
2622 2664
47 2632
578
3190
1262 2710
16 2628
530
2375 2640
307 2669
4892
1959 2666
206 2605
8090
2078
2318 2662
3602
1634 2658
2137
69
2074 2619
2024 2579
3679
897
1698 2636
2964
6564
3948
1465 2624
780 2583
4648
2741
2340 2589
2586 2317
1842
1362 2584
3572
1568 2576
471 2526
2569
1534
2046
1840 2557
2474 2404
2220 2433
1954 2441
895 2520
952 2507
5543
939 2548
3770
912
3795
1880
447
1613 2535
1189 2476
3068
293
1401 2533
565 2519
1841 2284
3075
1569 2527
760 2464
1996
1902 2517
2228 2434
466
1319 2516
1727 2500
1900
9213
9187
9470
5700
8622
8227
8229
7461
7202
9940
9109
9557
9427
7847
3653
8501
6827
8961
7213
8415
8002
8403
9127
1091 2482
253 2467
8235
1865 2480
1680 1673
9
3455
794 2471
6434
7933
9210
7042
8995
6343
8074
6719
9112
7737
9342
7990
4450
806 2460
1943 2381
1809 2459
13 2415
2171 1563
575
653
311 2411
1237 2366
2274
121 2456
1994
3224
475 2374
2136 2178
1737
9130
6969
6879
7894
7186
6867
7360
7773
6305
7808
7863
7766
8197
8536
6178
9412
5233
6333
7968
6634
5401
9526
7790
4797
7540
7301
9813
7156
9493
8842
8187
6350
6942
6850
8058
7073
8241
8924
7450
6001
7050
7321
8891
6536
6081
7039
7069
6700
6032
8117
6750
7735
2175 2365
1448
851 2362
2604
108
210
7568
5257
8460
9603
6451
7323
6881
6249
8701
5587
4736
1486 2356
1885 1020
1466 1308
1183
1141
2573
4015
6243
7190
5419
6946
8849
6256
6955
4316
6887
3245
5592
3449
6253
8422
2336
9175
9450
5477
4581
8113
5689
6734
3883
4190
7865
6656
7285
1990 2337
1366 1949
2235 2334
2677
1705 2327
1186 2049
1084
777 2316
1619
909
209
1616 2311
1847 2122
271
1517 2265
1327 2281
1203 2297
1438 1172
133 2088
1555
1022
753 2288
1800 2276
1587
889 2259
820 2183
1772 2211
1638 2013
2064
7746
8075
5331
7385
6888
5730
8699
3875
9255
4590
3362
4262
7119
5780
902 2215
4854
1548 2204
1602 2073
1687 1724
1571 2032
1567 171
1802
397 2202
1391
5675
5277
5035
8188
5635
7556
5679
2068 2184
1461 2143
1178 892
1765 973
1714
1529 2145
1224 1992
1028 2001
1180
576 2142
460 2126
2383
5458
5200
4250
6173
4399
2097 2130
18 2108
1883 1894
1185 666
1562
607 2105
2045
4558
3441
6018
6378
5141
7680
3257
5132
3393
4149
6139
5970
6709
3533
3210
4467
5667
4769
6821
7503
703 2086
429 1956
1510 1367
1603 1132
158 2071
890 433
1081 650
1637 1105
159 1808
2320
1303
893 2053
1489 1986
586
5564
7532
3529
1906 2035
1586 1962
1398
484 2038
886
511 2027
966
5921
5627
6203
5908
7436
4879
3192
5583
4761
9154
8186
4710
4899
6683
4810
2267
4643
4711
5317
1792 2005
876
8918
963 1999
5234
4695
5113
5819
3292
2831
6532
5296
4451
1128 1991
5516
3100
4374
3016
1526 1958
208
2405
6650
2361
2701
8340
4307
4243
3046
3991
6374
3005
3640
2961
3550
3035
1965
2896
3377
2812
2981
644
981 1982
932
598
186
266 1960
637 1908
1558
3840
3466
2313
2240
2468
1218 1941
817
1282
63
870
351 1930
1912
3431
4530
4953
5107
3944
1607
1713
7504
2825
3901
4700
1756 1924
843 1895
1257 1220
1405
553
1011 1917
880 1511
678 520
512 103
1418 706
277 1866
195 1692
1251
591 1915
5390
6416
6769
3977
710 1911
6180
2044
6623
1791 1887
1531
4362
1937
5512
1455 1848
4677
1794
2115
3404
2672
2933
3174
2162
2102
1387
1851 1875
6707
3541
1505 1861
247 1823
1089 1620
856
422
5983
1822
2206
1708 1855
467 1836
832 1595
582 1743
768 1096
874 1730
1078
1045
234 1830
498
5654
2592
1636 1826
344
456
2486
5986
1614
5542
1681
2014
3147
1176 1813
264 1733
356 1471
767
242 1807
132 1775
240 1722
930
2645
2385
1627
2491
1436 1805
2813
8030
1008 1788
560 1443
297 847
112
1390
3531
4353
2425
3430
3656
1668
5330
176
43
2485
1498 1774
3780
3054
1508 1766
3580
2082
7328
5018
9549
9078
9475
9591
9202
9194
9281
8969
8713
9839
9784
9572
9344
9336
9199
9478
9908
8127
9675
9184
9579
9335
9733
9659
9684
8830
7878
8552
8776
9346
8943
8719
8634
8231
8795
7687
8667
8531
8956
8833
7896
8015
8091
7774
6399
7772
7295
7677
8255
8183
7356
7850
7226
7302
7068
7775
7986
8036
6288
6131
7228
7030
6959
7589
7524
7137
7891
7455
8361
6781
5934
7600
7083
6200
7034
5917
5820
6766
7180
6130
6222
6126
5914
5614
7279
6614
6562
6812
5910
5602
5568
5532
6367
5894
5178
5464
4505
4747
5589
4982
4607
3730
4529
4496
4647
4980
5563
4528
4086
4672
4729
3763
2985
1910
1209 1740
324
1666 1552
2984
1425
1307
1400
2408
2630
2744
1414
2052
1604 1729
1428 1644
32 1663
1041
1063 1553
82
1369 1537
1386
971 1720
1416 1545
1381 1299
799
1196 1702
602 1701
1475 1269
1981
658
1359 1671
2002
1476 1654
408 1642
1532 1540
1342
2745
2490
1473
3530
1161
2639
1771
1168 1601
225 1426
443 1199
2945
2286
161 1520
2544
448 1432
1324 1336
606 1164
1349 477
1399 1285
1192 1211
97 587
341
1375 1407
482 1281
860 1248
263 1419
1155 776
262 1213
770 936
3470
1056
793
1413
1077
1133 1337
2956
662 1230
791 1219
93
1338
1145
321 1159
1411
977
1753
90 1158
1119 1104
2591
1027
592
118
1116 1135
1079 1054
286
372 1118
461 1109
1086
413 1115
1043
972 1110
110
315 1087
962
2110
745
309 1066
365
468
863
529 1060
390 943
1013 915
654
1238
1325
1229
839 1032
834
4044
2866
5387
5850
4089
3939
3828
4889
5204
5060
4458
4233
4579
3926
3643
7778
905
3351
3932
4325
4768
2436
4630
3552
3540
3691
3125
3769
3563
3326
1283
2524
3450
3648
3979
2920
3193
2671
2841
2939
2807
2949
3295
2820
2412
1622
2140
2150
1493
53
717 652
873
584 1024
669
882
361
634
325 1003
645 295
1523
1933
2453
2487
2003
2191
2295
608 997
640 220
123 991
826 423
719
470
377 928
1430
563 993
393 888
491 319
122
648 685
261
323 934
421
303 924
785
2735
2080
1331
2326
904
1275
1226
2061
557 901
431
651
677 805
594 679
410 764
808
1447
1353
1157
883
1402
1989
1491
1468
1179
836
438
452 761
353 691
727
354 750
284
322 709
318
139 697
524 581
517 440
603
392
17 684
314 144
74 629
347
165
900
3152
550 643
51
26 611
877
142
381
79 588
2429
978
822
542 573
217
2472
270
167
2
538 138
828
519 528
970
493 499
396
773
409
474 320
435
160
201 480
193 420
202
726
173 427
228 239
78 8
213
83 380
232 290
212
800
819
245
283 369
368 333
105 291
702
687
224 254
143
185 172
559
875
107 157
92 62
567
137 117
231
191
131
109 104
70 95
100
77
101
56
48
20
