750
993 995
80 82
973 974
436
964
605
951
742
947 949
339 341
937 940
638
939
846 847
936
49 51
861 862
71 72
848
381
820
109
812
116 117
775
22
768
145
756
423
745
451
735 737
38
723
627
662 664
607 608
644
309
629
543 544
620 622
394 395
615 617
54 55
609 612
272
606
13
596
567
557
509
550
99 101
514
222
450
81
409 410
320
387
138 143
286
103
275
20 26
255
247
91 93
40 44
996 999
738
998
997
994
474 475
992
641
990 991
788 789
985 988
481 482
987
873 876
982 984
701 703
983
645
977 979
931
978
722
975
231 234
972
422 424
971
616
970
575
969
840 841
967 968
508
966
889
961 965
728
963
779
962
802
956 957
808 810
955
219
952 953
559
950
908
942
541
938
479
935
751 752
932 934
923
933
583 585
929 930
534 535
927 928
428 432
926
754
925
211
924
753 758
922
880
921
837 838
919 920
594
916 918
188 190
912 915
825 828
913
746
907
759 760
906
765 769
905
463
898 901
279
900
749 750
899
890
894 897
860
896
706
895
243 244
893
626
891 892
183 185
888
818 824
887
813 814
886
803
884 885
261
882 883
251
879 881
545 547
878
852
877
532
875
214 215
874
460
870
663
866 868
795 796
867
767
865
669
863
266 269
859
579 580
857 858
347
853 856
850
855
252 253
851
716 717
845
726 731
844
823
839
178
836
297 304
834 835
672
832 833
591
831
686 689
830
740 744
827
300
826
493
822
528 529
821
816 817
819
679
815
467
811
78
807
574
805 806
656
800 801
294
799
453
797 798
736
793 794
203
792
238 242
787
490 492
784
654
774 781
697 698
778
361
777
226 227
776
671
770 773
46 47
771
560
766
198 199
761
372 373
757
494 495
755
249 250
747
678
743
648
741
611
739
415 417
733
364
732
657 659
730
181
729
438 443
727
613
725
472
724
553 558
720 721
519
719
440
718
401 402
714 715
536
713
604
712
431
710 711
254
708
273 280
707
462
704
174
702
348
695 696
586 587
692
267
690
665 666
688
258
684 685
584
681 683
375 376
680
102 104
677
435
675 676
510 511
668 670
6 8
660 661
90
652
5
647
561
637 643
577 578
642
263 264
635 636
118 119
624 625
311
623
502
614
176
602
25
595 598
48
588
4
581 582
391
576
229
572 573
201
570
466 469
569
434 437
565
147 150
562 563
202
556
153 155
554
517 518
546
404
539
406
538
196
533
28
531
313
530
382 383
525 527
403 405
516
268
507
430
506
334
505
302
504
329
497
343 344
488
413 414
484 487
87
486
94 95
485
345 350
483
154
480
464 465
473
360
470 471
411
468
216
459 461
301
455 458
233
457
96 97
456
70
447 449
113
446
89
444 445
285 288
433
64 65
421
156 157
416
398 399
412
236 237
407 408
400
393
328
390 392
114 115
386 388
299
378
52 53
368 371
74
370
200 204
365 366
358
359 363
125
352
171 172
346
173 175
335 336
281
325
27 30
321 322
76 79
314
34
298
19
296
166
291 295
3
289 290
205
287
15 18
283
256 257
270 271
265
260
92
245
210
241
218 221
228
59 61
225
179
217
127
208
36 37
206 207
10 12
197
66 67
140
98
62
0 2
60
9
989
958 960
986
954
980 981
959
976
917
948
496 498
945 946
809
944
869
941 943
904 909
914
682
910 911
734
902 903
349
871 872
601 603
864
786
854
694
849
693
843
548 552
842
790
829
804
791
687
785
633 634
782 783
658
780
537 542
772
439
764
589 590
762 763
650
748
526
705 709
667
699 700
452 454
691
389
673 674
315
655
649
651 653
618 619
646
628 630
640
599 600
639
223 224
631 632
420
621
520
610
540
597
477
593
303
592
555
568 571
521 522
564 566
500
551
501 503
549
489
523 524
332
515
230
512 513
312
499
342
491
351
476 478
305
448
396
442
441
429
356
426 427
274
425
377
418 419
232
397
319
384 385
333
380
168 169
379
353 355
374
246 248
369
277
367
259 262
362
142
357
330 331
354
68 69
340
284
337 338
317
324 327
306 307
326
167
323
193
310 318
293
316
189
308
159
292
213
282
187
278
126 128
276
186
240
129 130
239
111
235
120
220
148
212
134 137
209
191 195
194
151 152
192
105 108
184
163 165
180 182
7
177
112
170
131 133
164
158 160
161 162
23
149
144 146
141
122
139
123 124
136
121
135
73
110
43
106
50
100
86 88
84 85
35
83
45
77
57 58
63
31 32
41
29
33
21
132
107
75
56
42
39
24
17
16
14
11
1
